<?xml version="1.0" encoding="UTF-8"?>
<coverage generated="1779486767515" clover="3.2.0">
  <project timestamp="1779486767515" name="All files">
    <metrics statements="255" coveredstatements="192" conditionals="123" coveredconditionals="86" methods="92" coveredmethods="72" elements="470" coveredelements="350" complexity="0" loc="255" ncloc="255" packages="6" files="9" classes="9"/>
    <package name="app.[locale].admin.exam-regulations.[id]">
      <metrics statements="124" coveredstatements="124" conditionals="70" coveredconditionals="60" methods="56" coveredmethods="56"/>
      <file name="page.tsx" path="/app/src/app/[locale]/admin/exam-regulations/[id]/page.tsx">
        <metrics statements="124" coveredstatements="124" conditionals="70" coveredconditionals="60" methods="56" coveredmethods="56"/>
        <line num="3" count="1" type="stmt"/>
        <line num="4" count="1" type="stmt"/>
        <line num="5" count="1" type="stmt"/>
        <line num="6" count="1" type="stmt"/>
        <line num="7" count="1" type="stmt"/>
        <line num="8" count="1" type="stmt"/>
        <line num="9" count="1" type="stmt"/>
        <line num="10" count="1" type="stmt"/>
        <line num="11" count="1" type="stmt"/>
        <line num="12" count="1" type="stmt"/>
        <line num="13" count="1" type="stmt"/>
        <line num="14" count="1" type="stmt"/>
        <line num="15" count="1" type="stmt"/>
        <line num="38" count="1" type="stmt"/>
        <line num="46" count="18" type="stmt"/>
        <line num="47" count="80" type="stmt"/>
        <line num="48" count="80" type="stmt"/>
        <line num="49" count="80" type="stmt"/>
        <line num="50" count="80" type="stmt"/>
        <line num="51" count="80" type="stmt"/>
        <line num="52" count="80" type="stmt"/>
        <line num="53" count="80" type="stmt"/>
        <line num="54" count="80" type="stmt"/>
        <line num="56" count="80" type="stmt"/>
        <line num="57" count="80" type="cond" truecount="0" falsecount="1"/>
        <line num="63" count="80" type="stmt"/>
        <line num="64" count="80" type="stmt"/>
        <line num="67" count="80" type="stmt"/>
        <line num="68" count="80" type="stmt"/>
        <line num="69" count="80" type="stmt"/>
        <line num="72" count="80" type="stmt"/>
        <line num="73" count="80" type="stmt"/>
        <line num="74" count="80" type="stmt"/>
        <line num="77" count="80" type="stmt"/>
        <line num="78" count="80" type="stmt"/>
        <line num="79" count="80" type="stmt"/>
        <line num="80" count="80" type="stmt"/>
        <line num="81" count="80" type="stmt"/>
        <line num="84" count="80" type="stmt"/>
        <line num="85" count="80" type="stmt"/>
        <line num="87" count="80" type="stmt"/>
        <line num="88" count="23" type="stmt"/>
        <line num="89" count="63" type="cond" truecount="3" falsecount="0"/>
        <line num="90" count="62" type="cond" truecount="3" falsecount="0"/>
        <line num="91" count="60" type="stmt"/>
        <line num="92" count="60" type="cond" truecount="4" falsecount="0"/>
        <line num="97" count="3" type="cond" truecount="0" falsecount="1"/>
        <line num="98" count="3" type="cond" truecount="1" falsecount="1"/>
        <line num="99" count="3" type="stmt"/>
        <line num="103" count="2" type="stmt"/>
        <line num="104" count="2" type="stmt"/>
        <line num="105" count="2" type="stmt"/>
        <line num="112" count="2" type="stmt"/>
        <line num="113" count="2" type="stmt"/>
        <line num="115" count="2" type="stmt"/>
        <line num="120" count="3" type="cond" truecount="1" falsecount="0"/>
        <line num="121" count="2" type="stmt"/>
        <line num="122" count="2" type="stmt"/>
        <line num="123" count="2" type="stmt"/>
        <line num="139" count="2" type="stmt"/>
        <line num="140" count="2" type="stmt"/>
        <line num="141" count="2" type="stmt"/>
        <line num="142" count="2" type="stmt"/>
        <line num="144" count="2" type="stmt"/>
        <line num="149" count="4" type="stmt"/>
        <line num="150" count="4" type="stmt"/>
        <line num="152" count="4" type="stmt"/>
        <line num="153" count="4" type="stmt"/>
        <line num="155" count="1" type="stmt"/>
        <line num="156" count="1" type="stmt"/>
        <line num="158" count="3" type="cond" truecount="1" falsecount="0"/>
        <line num="159" count="1" type="stmt"/>
        <line num="160" count="1" type="stmt"/>
        <line num="162" count="2" type="stmt"/>
        <line num="163" count="2" type="stmt"/>
        <line num="164" count="2" type="stmt"/>
        <line num="168" count="2" type="cond" truecount="1" falsecount="1"/>
        <line num="169" count="2" type="stmt"/>
        <line num="170" count="2" type="stmt"/>
        <line num="171" count="2" type="stmt"/>
        <line num="173" count="2" type="stmt"/>
        <line num="178" count="1" type="cond" truecount="0" falsecount="1"/>
        <line num="179" count="1" type="stmt"/>
        <line num="180" count="1" type="stmt"/>
        <line num="181" count="1" type="stmt"/>
        <line num="182" count="1" type="stmt"/>
        <line num="183" count="1" type="stmt"/>
        <line num="185" count="1" type="stmt"/>
        <line num="190" count="1" type="cond" truecount="0" falsecount="1"/>
        <line num="191" count="1" type="stmt"/>
        <line num="192" count="1" type="stmt"/>
        <line num="195" count="80" type="cond" truecount="1" falsecount="0"/>
        <line num="203" count="79" type="cond" truecount="3" falsecount="0"/>
        <line num="207" count="1" type="stmt"/>
        <line num="214" count="78" type="stmt"/>
        <line num="280" count="234" type="stmt"/>
        <line num="282" count="3" type="stmt"/>
        <line num="296" count="4" type="stmt"/>
        <line num="301" count="3" type="stmt"/>
        <line num="304" count="4" type="stmt"/>
        <line num="314" count="4" type="stmt"/>
        <line num="335" count="217" type="stmt"/>
        <line num="337" count="1" type="stmt"/>
        <line num="375" count="2" type="stmt"/>
        <line num="386" count="1" type="stmt"/>
        <line num="397" count="1" type="stmt"/>
        <line num="406" count="2" type="stmt"/>
        <line num="415" count="1" type="stmt"/>
        <line num="426" count="1" type="stmt"/>
        <line num="438" count="1" type="stmt"/>
        <line num="448" count="4" type="stmt"/>
        <line num="467" count="1" type="stmt"/>
        <line num="477" count="217" type="stmt"/>
        <line num="504" count="2" type="stmt"/>
        <line num="514" count="1" type="stmt"/>
        <line num="525" count="2" type="stmt"/>
        <line num="535" count="1" type="stmt"/>
        <line num="543" count="1" type="stmt"/>
        <line num="556" count="1" type="stmt"/>
        <line num="567" count="2" type="stmt"/>
        <line num="578" count="2" type="stmt"/>
        <line num="588" count="1" type="stmt"/>
        <line num="598" count="1" type="stmt"/>
        <line num="607" count="1" type="stmt"/>
      </file>
    </package>
    <package name="components.admin">
      <metrics statements="44" coveredstatements="42" conditionals="29" coveredconditionals="24" methods="16" coveredmethods="14"/>
      <file name="AdminFormModal.tsx" path="/app/src/components/admin/AdminFormModal.tsx">
        <metrics statements="17" coveredstatements="16" conditionals="16" coveredconditionals="13" methods="6" coveredmethods="5"/>
        <line num="3" count="1" type="stmt"/>
        <line num="4" count="1" type="stmt"/>
        <line num="5" count="1" type="stmt"/>
        <line num="6" count="1" type="stmt"/>
        <line num="7" count="1" type="stmt"/>
        <line num="23" count="234" type="stmt"/>
        <line num="34" count="234" type="stmt"/>
        <line num="37" count="234" type="stmt"/>
        <line num="38" count="234" type="cond" truecount="1" falsecount="0"/>
        <line num="40" count="0" type="cond" truecount="0" falsecount="1"/>
        <line num="42" count="43" type="stmt"/>
        <line num="43" count="43" type="stmt"/>
        <line num="47" count="234" type="stmt"/>
        <line num="48" count="62" type="cond" truecount="2" falsecount="0"/>
        <line num="49" count="62" type="stmt"/>
        <line num="52" count="234" type="cond" truecount="1" falsecount="0"/>
        <line num="54" count="43" type="cond" truecount="2" falsecount="0"/>
      </file>
      <file name="ArchiveDialog.tsx" path="/app/src/components/admin/ArchiveDialog.tsx">
        <metrics statements="22" coveredstatements="21" conditionals="13" coveredconditionals="11" methods="9" coveredmethods="8"/>
        <line num="3" count="1" type="stmt"/>
        <line num="4" count="1" type="stmt"/>
        <line num="5" count="1" type="stmt"/>
        <line num="6" count="1" type="stmt"/>
        <line num="7" count="1" type="stmt"/>
        <line num="18" count="78" type="cond" truecount="0" falsecount="1"/>
        <line num="19" count="90" type="stmt"/>
        <line num="20" count="90" type="stmt"/>
        <line num="21" count="90" type="stmt"/>
        <line num="24" count="90" type="stmt"/>
        <line num="25" count="19" type="cond" truecount="1" falsecount="0"/>
        <line num="29" count="90" type="stmt"/>
        <line num="30" count="78" type="cond" truecount="1" falsecount="0"/>
        <line num="31" count="0" type="cond" truecount="0" falsecount="1"/>
        <line num="32" count="3" type="stmt"/>
        <line num="33" count="3" type="stmt"/>
        <line num="36" count="90" type="stmt"/>
        <line num="37" count="19" type="cond" truecount="2" falsecount="0"/>
        <line num="38" count="19" type="stmt"/>
        <line num="41" count="90" type="cond" truecount="1" falsecount="0"/>
        <line num="75" count="1" type="stmt"/>
        <line num="89" count="1" type="stmt"/>
      </file>
      <file name="StatusBadge.tsx" path="/app/src/components/admin/StatusBadge.tsx">
        <metrics statements="5" coveredstatements="5" conditionals="0" coveredconditionals="0" methods="1" coveredmethods="1"/>
        <line num="3" count="1" type="stmt"/>
        <line num="4" count="1" type="stmt"/>
        <line num="8" count="1" type="stmt"/>
        <line num="22" count="73" type="stmt"/>
        <line num="23" count="73" type="stmt"/>
      </file>
    </package>
    <package name="components.ui">
      <metrics statements="9" coveredstatements="9" conditionals="3" coveredconditionals="2" methods="1" coveredmethods="1"/>
      <file name="button.tsx" path="/app/src/components/ui/button.tsx">
        <metrics statements="9" coveredstatements="9" conditionals="3" coveredconditionals="2" methods="1" coveredmethods="1"/>
        <line num="1" count="1" type="stmt"/>
        <line num="2" count="1" type="stmt"/>
        <line num="3" count="1" type="stmt"/>
        <line num="4" count="1" type="stmt"/>
        <line num="6" count="1" type="stmt"/>
        <line num="38" count="1" type="stmt"/>
        <line num="40" count="406" type="cond" truecount="1" falsecount="1"/>
        <line num="46" count="1" type="stmt"/>
        <line num="48" count="408" type="stmt"/>
      </file>
    </package>
    <package name="hooks">
      <metrics statements="47" coveredstatements="6" conditionals="12" coveredconditionals="0" methods="10" coveredmethods="0"/>
      <file name="useAdminSession.ts" path="/app/src/hooks/useAdminSession.ts">
        <metrics statements="47" coveredstatements="6" conditionals="12" coveredconditionals="0" methods="10" coveredmethods="0"/>
        <line num="3" count="1" type="stmt"/>
        <line num="5" count="1" type="stmt"/>
        <line num="6" count="1" type="stmt"/>
        <line num="7" count="1" type="stmt"/>
        <line num="8" count="1" type="stmt"/>
        <line num="16" count="0" type="stmt"/>
        <line num="17" count="0" type="stmt"/>
        <line num="18" count="0" type="cond" truecount="0" falsecount="1"/>
        <line num="19" count="0" type="stmt"/>
        <line num="20" count="0" type="cond" truecount="0" falsecount="1"/>
        <line num="21" count="0" type="stmt"/>
        <line num="22" count="0" type="stmt"/>
        <line num="24" count="0" type="stmt"/>
        <line num="28" count="1" type="stmt"/>
        <line num="29" count="0" type="stmt"/>
        <line num="30" count="0" type="stmt"/>
        <line num="33" count="0" type="stmt"/>
        <line num="35" count="0" type="stmt"/>
        <line num="36" count="0" type="stmt"/>
        <line num="37" count="0" type="cond" truecount="0" falsecount="2"/>
        <line num="39" count="0" type="stmt"/>
        <line num="40" count="0" type="stmt"/>
        <line num="41" count="0" type="stmt"/>
        <line num="45" count="0" type="stmt"/>
        <line num="46" count="0" type="cond" truecount="0" falsecount="1"/>
        <line num="47" count="0" type="stmt"/>
        <line num="48" count="0" type="stmt"/>
        <line num="49" count="0" type="stmt"/>
        <line num="50" count="0" type="cond" truecount="0" falsecount="1"/>
        <line num="51" count="0" type="stmt"/>
        <line num="52" count="0" type="stmt"/>
        <line num="53" count="0" type="stmt"/>
        <line num="56" count="0" type="stmt"/>
        <line num="59" count="0" type="stmt"/>
        <line num="60" count="0" type="stmt"/>
        <line num="61" count="0" type="stmt"/>
        <line num="62" count="0" type="stmt"/>
        <line num="63" count="0" type="stmt"/>
        <line num="65" count="0" type="stmt"/>
        <line num="68" count="0" type="stmt"/>
        <line num="69" count="0" type="stmt"/>
        <line num="70" count="0" type="stmt"/>
        <line num="71" count="0" type="stmt"/>
        <line num="72" count="0" type="stmt"/>
        <line num="75" count="0" type="cond" truecount="0" falsecount="2"/>
        <line num="76" count="0" type="cond" truecount="0" falsecount="2"/>
        <line num="78" count="0" type="stmt"/>
      </file>
    </package>
    <package name="hooks.admin">
      <metrics statements="14" coveredstatements="5" conditionals="2" coveredconditionals="0" methods="6" coveredmethods="0"/>
      <file name="useAdminModules.ts" path="/app/src/hooks/admin/useAdminModules.ts">
        <metrics statements="14" coveredstatements="5" conditionals="2" coveredconditionals="0" methods="6" coveredmethods="0"/>
        <line num="3" count="1" type="stmt"/>
        <line num="4" count="1" type="stmt"/>
        <line num="7" count="1" type="stmt"/>
        <line num="8" count="0" type="stmt"/>
        <line num="9" count="0" type="cond" truecount="0" falsecount="1"/>
        <line num="10" count="0" type="cond" truecount="0" falsecount="1"/>
        <line num="12" count="0" type="stmt"/>
        <line num="14" count="0" type="stmt"/>
        <line num="19" count="1" type="stmt"/>
        <line num="20" count="0" type="stmt"/>
        <line num="22" count="0" type="stmt"/>
        <line num="28" count="1" type="stmt"/>
        <line num="29" count="0" type="stmt"/>
        <line num="31" count="0" type="stmt"/>
      </file>
    </package>
    <package name="lib">
      <metrics statements="17" coveredstatements="6" conditionals="7" coveredconditionals="0" methods="3" coveredmethods="1"/>
      <file name="adminFetch.ts" path="/app/src/lib/adminFetch.ts">
        <metrics statements="13" coveredstatements="2" conditionals="7" coveredconditionals="0" methods="2" coveredmethods="0"/>
        <line num="6" count="1" type="stmt"/>
        <line num="7" count="0" type="stmt"/>
        <line num="8" count="0" type="stmt"/>
        <line num="9" count="0" type="cond" truecount="0" falsecount="1"/>
        <line num="10" count="0" type="stmt"/>
        <line num="13" count="1" type="stmt"/>
        <line num="18" count="0" type="stmt"/>
        <line num="19" count="0" type="stmt"/>
        <line num="23" count="0" type="cond" truecount="0" falsecount="1"/>
        <line num="25" count="0" type="stmt"/>
        <line num="31" count="0" type="cond" truecount="0" falsecount="1"/>
        <line num="32" count="0" type="cond" truecount="0" falsecount="1"/>
        <line num="33" count="0" type="stmt"/>
      </file>
      <file name="utils.ts" path="/app/src/lib/utils.ts">
        <metrics statements="4" coveredstatements="4" conditionals="0" coveredconditionals="0" methods="1" coveredmethods="1"/>
        <line num="1" count="1" type="stmt"/>
        <line num="2" count="1" type="stmt"/>
        <line num="4" count="522" type="stmt"/>
        <line num="5" count="522" type="stmt"/>
      </file>
    </package>
  </project>
</coverage>
