<?xml version="1.0" encoding="UTF-8"?>
<coverage generated="1779543157072" clover="3.2.0">
  <project timestamp="1779543157072" name="All files">
    <metrics statements="1371" coveredstatements="1186" conditionals="707" coveredconditionals="536" methods="442" coveredmethods="378" elements="2520" coveredelements="2100" complexity="0" loc="1371" ncloc="1371" packages="22" files="45" classes="45"/>
    <package name="app.[locale].admin">
      <metrics statements="27" coveredstatements="27" conditionals="30" coveredconditionals="30" methods="10" coveredmethods="10"/>
      <file name="page.tsx" path="/Users/yusefbach/Projekte/studynexus/frontend/src/app/[locale]/admin/page.tsx">
        <metrics statements="27" coveredstatements="27" conditionals="30" coveredconditionals="30" methods="10" coveredmethods="10"/>
        <line num="3" count="1" type="stmt"/>
        <line num="13" count="1" type="stmt"/>
        <line num="14" count="1" type="stmt"/>
        <line num="15" count="1" type="stmt"/>
        <line num="16" count="1" type="stmt"/>
        <line num="17" count="1" type="stmt"/>
        <line num="18" count="1" type="stmt"/>
        <line num="48" count="2" type="stmt"/>
        <line num="49" count="4" type="stmt"/>
        <line num="50" count="4" type="stmt"/>
        <line num="51" count="4" type="stmt"/>
        <line num="52" count="4" type="stmt"/>
        <line num="53" count="4" type="stmt"/>
        <line num="54" count="4" type="stmt"/>
        <line num="56" count="4" type="stmt"/>
        <line num="57" count="2" type="stmt"/>
        <line num="58" count="2" type="cond" truecount="1" falsecount="0"/>
        <line num="60" count="2" type="stmt"/>
        <line num="61" count="2" type="cond" truecount="2" falsecount="0"/>
        <line num="62" count="2" type="stmt"/>
        <line num="63" count="2" type="stmt"/>
        <line num="65" count="2" type="stmt"/>
        <line num="66" count="2" type="cond" truecount="2" falsecount="0"/>
        <line num="67" count="2" type="stmt"/>
        <line num="68" count="2" type="stmt"/>
        <line num="71" count="4" type="cond" truecount="2" falsecount="0"/>
        <line num="164" count="16" type="stmt"/>
      </file>
    </package>
    <package name="app.[locale].admin.audit-log">
      <metrics statements="45" coveredstatements="45" conditionals="40" coveredconditionals="40" methods="17" coveredmethods="17"/>
      <file name="page.tsx" path="/Users/yusefbach/Projekte/studynexus/frontend/src/app/[locale]/admin/audit-log/page.tsx">
        <metrics statements="45" coveredstatements="45" conditionals="40" coveredconditionals="40" methods="17" coveredmethods="17"/>
        <line num="3" count="1" type="stmt"/>
        <line num="4" count="1" type="stmt"/>
        <line num="5" count="1" type="stmt"/>
        <line num="21" count="1" type="stmt"/>
        <line num="22" count="1" type="stmt"/>
        <line num="23" count="1" type="stmt"/>
        <line num="31" count="1" type="stmt"/>
        <line num="43" count="62" type="cond" truecount="2" falsecount="0"/>
        <line num="47" count="62" type="stmt"/>
        <line num="71" count="62" type="cond" truecount="3" falsecount="0"/>
        <line num="72" count="37" type="stmt"/>
        <line num="78" count="37" type="cond" truecount="1" falsecount="0"/>
        <line num="82" count="60" type="stmt"/>
        <line num="83" count="60" type="stmt"/>
        <line num="84" count="60" type="cond" truecount="1" falsecount="0"/>
        <line num="85" count="48" type="stmt"/>
        <line num="107" count="1" type="stmt"/>
        <line num="108" count="1" type="stmt"/>
        <line num="112" count="10" type="stmt"/>
        <line num="113" count="17" type="stmt"/>
        <line num="114" count="17" type="stmt"/>
        <line num="115" count="17" type="stmt"/>
        <line num="117" count="17" type="stmt"/>
        <line num="118" count="17" type="stmt"/>
        <line num="119" count="17" type="stmt"/>
        <line num="120" count="17" type="stmt"/>
        <line num="121" count="17" type="stmt"/>
        <line num="123" count="17" type="stmt"/>
        <line num="133" count="1" type="stmt"/>
        <line num="134" count="1" type="stmt"/>
        <line num="135" count="1" type="stmt"/>
        <line num="136" count="1" type="stmt"/>
        <line num="137" count="1" type="stmt"/>
        <line num="141" count="17" type="stmt"/>
        <line num="154" count="1" type="stmt"/>
        <line num="169" count="1" type="stmt"/>
        <line num="174" count="119" type="stmt"/>
        <line num="185" count="1" type="stmt"/>
        <line num="190" count="136" type="stmt"/>
        <line num="202" count="1" type="stmt"/>
        <line num="214" count="1" type="stmt"/>
        <line num="264" count="62" type="stmt"/>
        <line num="272" count="62" type="stmt"/>
        <line num="332" count="1" type="stmt"/>
        <line num="344" count="1" type="stmt"/>
      </file>
    </package>
    <package name="app.[locale].admin.exam-regulations.[id]">
      <metrics statements="124" coveredstatements="124" conditionals="70" coveredconditionals="60" methods="56" coveredmethods="56"/>
      <file name="page.tsx" path="/Users/yusefbach/Projekte/studynexus/frontend/src/app/[locale]/admin/exam-regulations/[id]/page.tsx">
        <metrics statements="124" coveredstatements="124" conditionals="70" coveredconditionals="60" methods="56" coveredmethods="56"/>
        <line num="3" count="1" type="stmt"/>
        <line num="4" count="1" type="stmt"/>
        <line num="5" count="1" type="stmt"/>
        <line num="6" count="1" type="stmt"/>
        <line num="7" count="1" type="stmt"/>
        <line num="8" count="1" type="stmt"/>
        <line num="9" count="1" type="stmt"/>
        <line num="10" count="1" type="stmt"/>
        <line num="11" count="1" type="stmt"/>
        <line num="12" count="1" type="stmt"/>
        <line num="13" count="1" type="stmt"/>
        <line num="14" count="1" type="stmt"/>
        <line num="15" count="1" type="stmt"/>
        <line num="38" count="1" type="stmt"/>
        <line num="46" count="18" type="stmt"/>
        <line num="47" count="80" type="stmt"/>
        <line num="48" count="80" type="stmt"/>
        <line num="49" count="80" type="stmt"/>
        <line num="50" count="80" type="stmt"/>
        <line num="51" count="80" type="stmt"/>
        <line num="52" count="80" type="stmt"/>
        <line num="53" count="80" type="stmt"/>
        <line num="54" count="80" type="stmt"/>
        <line num="56" count="80" type="stmt"/>
        <line num="57" count="80" type="cond" truecount="0" falsecount="1"/>
        <line num="63" count="80" type="stmt"/>
        <line num="64" count="80" type="stmt"/>
        <line num="67" count="80" type="stmt"/>
        <line num="68" count="80" type="stmt"/>
        <line num="69" count="80" type="stmt"/>
        <line num="72" count="80" type="stmt"/>
        <line num="73" count="80" type="stmt"/>
        <line num="74" count="80" type="stmt"/>
        <line num="77" count="80" type="stmt"/>
        <line num="78" count="80" type="stmt"/>
        <line num="79" count="80" type="stmt"/>
        <line num="80" count="80" type="stmt"/>
        <line num="81" count="80" type="stmt"/>
        <line num="84" count="80" type="stmt"/>
        <line num="85" count="80" type="stmt"/>
        <line num="87" count="80" type="stmt"/>
        <line num="88" count="23" type="stmt"/>
        <line num="89" count="63" type="cond" truecount="3" falsecount="0"/>
        <line num="90" count="62" type="cond" truecount="3" falsecount="0"/>
        <line num="91" count="60" type="stmt"/>
        <line num="92" count="60" type="cond" truecount="4" falsecount="0"/>
        <line num="97" count="3" type="cond" truecount="0" falsecount="1"/>
        <line num="98" count="3" type="cond" truecount="1" falsecount="1"/>
        <line num="99" count="3" type="stmt"/>
        <line num="103" count="2" type="stmt"/>
        <line num="104" count="2" type="stmt"/>
        <line num="105" count="2" type="stmt"/>
        <line num="112" count="2" type="stmt"/>
        <line num="113" count="2" type="stmt"/>
        <line num="115" count="2" type="stmt"/>
        <line num="120" count="3" type="cond" truecount="1" falsecount="0"/>
        <line num="121" count="2" type="stmt"/>
        <line num="122" count="2" type="stmt"/>
        <line num="123" count="2" type="stmt"/>
        <line num="139" count="2" type="stmt"/>
        <line num="140" count="2" type="stmt"/>
        <line num="141" count="2" type="stmt"/>
        <line num="142" count="2" type="stmt"/>
        <line num="144" count="2" type="stmt"/>
        <line num="149" count="4" type="stmt"/>
        <line num="150" count="4" type="stmt"/>
        <line num="152" count="4" type="stmt"/>
        <line num="153" count="4" type="stmt"/>
        <line num="155" count="1" type="stmt"/>
        <line num="156" count="1" type="stmt"/>
        <line num="158" count="3" type="cond" truecount="1" falsecount="0"/>
        <line num="159" count="1" type="stmt"/>
        <line num="160" count="1" type="stmt"/>
        <line num="162" count="2" type="stmt"/>
        <line num="163" count="2" type="stmt"/>
        <line num="164" count="2" type="stmt"/>
        <line num="168" count="2" type="cond" truecount="1" falsecount="1"/>
        <line num="169" count="2" type="stmt"/>
        <line num="170" count="2" type="stmt"/>
        <line num="171" count="2" type="stmt"/>
        <line num="173" count="2" type="stmt"/>
        <line num="178" count="1" type="cond" truecount="0" falsecount="1"/>
        <line num="179" count="1" type="stmt"/>
        <line num="180" count="1" type="stmt"/>
        <line num="181" count="1" type="stmt"/>
        <line num="182" count="1" type="stmt"/>
        <line num="183" count="1" type="stmt"/>
        <line num="185" count="1" type="stmt"/>
        <line num="190" count="1" type="cond" truecount="0" falsecount="1"/>
        <line num="191" count="1" type="stmt"/>
        <line num="192" count="1" type="stmt"/>
        <line num="195" count="80" type="cond" truecount="1" falsecount="0"/>
        <line num="203" count="79" type="cond" truecount="3" falsecount="0"/>
        <line num="207" count="1" type="stmt"/>
        <line num="214" count="78" type="stmt"/>
        <line num="280" count="234" type="stmt"/>
        <line num="282" count="3" type="stmt"/>
        <line num="296" count="4" type="stmt"/>
        <line num="301" count="3" type="stmt"/>
        <line num="304" count="4" type="stmt"/>
        <line num="314" count="4" type="stmt"/>
        <line num="335" count="217" type="stmt"/>
        <line num="337" count="1" type="stmt"/>
        <line num="375" count="2" type="stmt"/>
        <line num="386" count="1" type="stmt"/>
        <line num="397" count="1" type="stmt"/>
        <line num="406" count="2" type="stmt"/>
        <line num="415" count="1" type="stmt"/>
        <line num="426" count="1" type="stmt"/>
        <line num="438" count="1" type="stmt"/>
        <line num="448" count="4" type="stmt"/>
        <line num="467" count="1" type="stmt"/>
        <line num="477" count="217" type="stmt"/>
        <line num="504" count="2" type="stmt"/>
        <line num="514" count="1" type="stmt"/>
        <line num="525" count="2" type="stmt"/>
        <line num="535" count="1" type="stmt"/>
        <line num="543" count="1" type="stmt"/>
        <line num="556" count="1" type="stmt"/>
        <line num="567" count="2" type="stmt"/>
        <line num="578" count="2" type="stmt"/>
        <line num="588" count="1" type="stmt"/>
        <line num="598" count="1" type="stmt"/>
        <line num="607" count="1" type="stmt"/>
      </file>
    </package>
    <package name="app.[locale].admin.import">
      <metrics statements="54" coveredstatements="52" conditionals="33" coveredconditionals="27" methods="8" coveredmethods="8"/>
      <file name="page.tsx" path="/Users/yusefbach/Projekte/studynexus/frontend/src/app/[locale]/admin/import/page.tsx">
        <metrics statements="54" coveredstatements="52" conditionals="33" coveredconditionals="27" methods="8" coveredmethods="8"/>
        <line num="3" count="1" type="stmt"/>
        <line num="4" count="1" type="stmt"/>
        <line num="11" count="1" type="stmt"/>
        <line num="12" count="1" type="stmt"/>
        <line num="13" count="1" type="stmt"/>
        <line num="14" count="1" type="stmt"/>
        <line num="15" count="1" type="stmt"/>
        <line num="28" count="10" type="stmt"/>
        <line num="29" count="61" type="stmt"/>
        <line num="30" count="61" type="stmt"/>
        <line num="32" count="61" type="cond" truecount="0" falsecount="1"/>
        <line num="38" count="61" type="stmt"/>
        <line num="39" count="61" type="stmt"/>
        <line num="40" count="61" type="stmt"/>
        <line num="41" count="61" type="stmt"/>
        <line num="42" count="61" type="stmt"/>
        <line num="43" count="61" type="stmt"/>
        <line num="44" count="61" type="stmt"/>
        <line num="47" count="8" type="stmt"/>
        <line num="48" count="8" type="stmt"/>
        <line num="49" count="8" type="stmt"/>
        <line num="50" count="8" type="stmt"/>
        <line num="52" count="8" type="cond" truecount="0" falsecount="1"/>
        <line num="53" count="0" type="stmt"/>
        <line num="54" count="0" type="stmt"/>
        <line num="56" count="8" type="stmt"/>
        <line num="57" count="8" type="stmt"/>
        <line num="58" count="7" type="cond" truecount="1" falsecount="0"/>
        <line num="59" count="1" type="stmt"/>
        <line num="60" count="1" type="stmt"/>
        <line num="62" count="6" type="stmt"/>
        <line num="64" count="1" type="stmt"/>
        <line num="69" count="4" type="cond" truecount="2" falsecount="1"/>
        <line num="70" count="4" type="stmt"/>
        <line num="71" count="4" type="stmt"/>
        <line num="72" count="4" type="stmt"/>
        <line num="73" count="4" type="stmt"/>
        <line num="74" count="4" type="stmt"/>
        <line num="78" count="2" type="cond" truecount="1" falsecount="1"/>
        <line num="79" count="2" type="stmt"/>
        <line num="80" count="2" type="stmt"/>
        <line num="82" count="2" type="cond" truecount="2" falsecount="0"/>
        <line num="83" count="2" type="stmt"/>
        <line num="85" count="4" type="stmt"/>
        <line num="90" count="1" type="stmt"/>
        <line num="91" count="1" type="stmt"/>
        <line num="92" count="1" type="stmt"/>
        <line num="93" count="1" type="stmt"/>
        <line num="94" count="1" type="stmt"/>
        <line num="97" count="61" type="cond" truecount="3" falsecount="0"/>
        <line num="120" count="24" type="stmt"/>
        <line num="132" count="10" type="stmt"/>
        <line num="157" count="21" type="stmt"/>
        <line num="189" count="1" type="stmt"/>
      </file>
    </package>
    <package name="app.[locale].admin.modules">
      <metrics statements="26" coveredstatements="26" conditionals="25" coveredconditionals="23" methods="10" coveredmethods="10"/>
      <file name="page.tsx" path="/Users/yusefbach/Projekte/studynexus/frontend/src/app/[locale]/admin/modules/page.tsx">
        <metrics statements="26" coveredstatements="26" conditionals="25" coveredconditionals="23" methods="10" coveredmethods="10"/>
        <line num="3" count="1" type="stmt"/>
        <line num="4" count="1" type="stmt"/>
        <line num="5" count="1" type="stmt"/>
        <line num="6" count="1" type="stmt"/>
        <line num="7" count="1" type="stmt"/>
        <line num="13" count="17" type="stmt"/>
        <line num="25" count="5" type="stmt"/>
        <line num="26" count="10" type="stmt"/>
        <line num="27" count="10" type="stmt"/>
        <line num="28" count="10" type="stmt"/>
        <line num="30" count="10" type="stmt"/>
        <line num="31" count="10" type="stmt"/>
        <line num="33" count="10" type="cond" truecount="0" falsecount="1"/>
        <line num="35" count="10" type="stmt"/>
        <line num="36" count="10" type="stmt"/>
        <line num="37" count="24" type="cond" truecount="3" falsecount="0"/>
        <line num="38" count="23" type="cond" truecount="3" falsecount="0"/>
        <line num="39" count="21" type="stmt"/>
        <line num="40" count="21" type="cond" truecount="4" falsecount="0"/>
        <line num="44" count="10" type="stmt"/>
        <line num="62" count="30" type="stmt"/>
        <line num="64" count="3" type="stmt"/>
        <line num="78" count="2" type="stmt"/>
        <line num="88" count="6" type="stmt"/>
        <line num="110" count="17" type="stmt"/>
        <line num="112" count="1" type="stmt"/>
      </file>
    </package>
    <package name="app.[locale].admin.modules.[id]">
      <metrics statements="90" coveredstatements="90" conditionals="67" coveredconditionals="53" methods="51" coveredmethods="51"/>
      <file name="page.tsx" path="/Users/yusefbach/Projekte/studynexus/frontend/src/app/[locale]/admin/modules/[id]/page.tsx">
        <metrics statements="90" coveredstatements="90" conditionals="67" coveredconditionals="53" methods="51" coveredmethods="51"/>
        <line num="3" count="1" type="stmt"/>
        <line num="4" count="1" type="stmt"/>
        <line num="5" count="1" type="stmt"/>
        <line num="6" count="1" type="stmt"/>
        <line num="7" count="1" type="stmt"/>
        <line num="8" count="1" type="stmt"/>
        <line num="9" count="1" type="stmt"/>
        <line num="10" count="1" type="stmt"/>
        <line num="11" count="1" type="stmt"/>
        <line num="12" count="1" type="stmt"/>
        <line num="13" count="1" type="stmt"/>
        <line num="14" count="1" type="stmt"/>
        <line num="36" count="304" type="stmt"/>
        <line num="48" count="1" type="stmt"/>
        <line num="55" count="1" type="stmt"/>
        <line num="65" count="17" type="stmt"/>
        <line num="66" count="154" type="stmt"/>
        <line num="67" count="154" type="stmt"/>
        <line num="68" count="154" type="stmt"/>
        <line num="69" count="154" type="stmt"/>
        <line num="70" count="154" type="stmt"/>
        <line num="71" count="154" type="stmt"/>
        <line num="72" count="154" type="stmt"/>
        <line num="74" count="154" type="stmt"/>
        <line num="76" count="154" type="stmt"/>
        <line num="77" count="154" type="stmt"/>
        <line num="78" count="154" type="stmt"/>
        <line num="80" count="154" type="stmt"/>
        <line num="81" count="154" type="stmt"/>
        <line num="82" count="154" type="stmt"/>
        <line num="84" count="154" type="stmt"/>
        <line num="85" count="154" type="stmt"/>
        <line num="88" count="3" type="cond" truecount="0" falsecount="1"/>
        <line num="89" count="3" type="stmt"/>
        <line num="102" count="3" type="stmt"/>
        <line num="106" count="2" type="stmt"/>
        <line num="107" count="2" type="stmt"/>
        <line num="108" count="2" type="stmt"/>
        <line num="123" count="2" type="stmt"/>
        <line num="124" count="2" type="stmt"/>
        <line num="126" count="2" type="stmt"/>
        <line num="131" count="5" type="cond" truecount="1" falsecount="0"/>
        <line num="132" count="4" type="stmt"/>
        <line num="133" count="4" type="stmt"/>
        <line num="134" count="4" type="stmt"/>
        <line num="142" count="2" type="stmt"/>
        <line num="146" count="4" type="stmt"/>
        <line num="147" count="4" type="stmt"/>
        <line num="148" count="4" type="stmt"/>
        <line num="150" count="4" type="stmt"/>
        <line num="155" count="1" type="cond" truecount="0" falsecount="1"/>
        <line num="156" count="1" type="stmt"/>
        <line num="157" count="1" type="stmt"/>
        <line num="161" count="1" type="cond" truecount="0" falsecount="1"/>
        <line num="162" count="1" type="stmt"/>
        <line num="163" count="1" type="stmt"/>
        <line num="164" count="1" type="stmt"/>
        <line num="165" count="1" type="stmt"/>
        <line num="166" count="1" type="stmt"/>
        <line num="168" count="1" type="stmt"/>
        <line num="173" count="1" type="cond" truecount="0" falsecount="1"/>
        <line num="174" count="1" type="stmt"/>
        <line num="175" count="1" type="stmt"/>
        <line num="178" count="154" type="cond" truecount="1" falsecount="0"/>
        <line num="186" count="153" type="cond" truecount="3" falsecount="0"/>
        <line num="262" count="152" type="stmt"/>
        <line num="278" count="1" type="stmt"/>
        <line num="293" count="5" type="stmt"/>
        <line num="315" count="2" type="stmt"/>
        <line num="326" count="1" type="stmt"/>
        <line num="338" count="13" type="stmt"/>
        <line num="348" count="6" type="stmt"/>
        <line num="359" count="3" type="stmt"/>
        <line num="369" count="3" type="stmt"/>
        <line num="377" count="1" type="stmt"/>
        <line num="390" count="9" type="stmt"/>
        <line num="401" count="3" type="stmt"/>
        <line num="412" count="4" type="stmt"/>
        <line num="422" count="3" type="stmt"/>
        <line num="432" count="1" type="stmt"/>
        <line num="441" count="1" type="stmt"/>
        <line num="453" count="1" type="stmt"/>
        <line num="464" count="4" type="stmt"/>
        <line num="477" count="50" type="stmt"/>
        <line num="488" count="5" type="stmt"/>
        <line num="501" count="2" type="stmt"/>
        <line num="512" count="2" type="stmt"/>
        <line num="523" count="1" type="stmt"/>
        <line num="539" count="152" type="stmt"/>
        <line num="544" count="152" type="stmt"/>
      </file>
    </package>
    <package name="app.[locale].admin.programs">
      <metrics statements="48" coveredstatements="48" conditionals="17" coveredconditionals="16" methods="21" coveredmethods="21"/>
      <file name="page.tsx" path="/Users/yusefbach/Projekte/studynexus/frontend/src/app/[locale]/admin/programs/page.tsx">
        <metrics statements="48" coveredstatements="48" conditionals="17" coveredconditionals="16" methods="21" coveredmethods="21"/>
        <line num="3" count="1" type="stmt"/>
        <line num="4" count="1" type="stmt"/>
        <line num="5" count="1" type="stmt"/>
        <line num="6" count="1" type="stmt"/>
        <line num="7" count="1" type="stmt"/>
        <line num="8" count="1" type="stmt"/>
        <line num="9" count="1" type="stmt"/>
        <line num="10" count="1" type="stmt"/>
        <line num="11" count="1" type="stmt"/>
        <line num="12" count="1" type="stmt"/>
        <line num="17" count="1" type="stmt"/>
        <line num="19" count="5" type="stmt"/>
        <line num="20" count="41" type="stmt"/>
        <line num="21" count="41" type="stmt"/>
        <line num="22" count="41" type="stmt"/>
        <line num="23" count="41" type="stmt"/>
        <line num="25" count="41" type="stmt"/>
        <line num="26" count="41" type="stmt"/>
        <line num="27" count="41" type="stmt"/>
        <line num="28" count="41" type="stmt"/>
        <line num="29" count="41" type="stmt"/>
        <line num="31" count="41" type="cond" truecount="0" falsecount="1"/>
        <line num="35" count="41" type="stmt"/>
        <line num="36" count="78" type="cond" truecount="3" falsecount="0"/>
        <line num="37" count="77" type="cond" truecount="3" falsecount="0"/>
        <line num="38" count="76" type="stmt"/>
        <line num="42" count="2" type="cond" truecount="3" falsecount="0"/>
        <line num="43" count="1" type="stmt"/>
        <line num="44" count="1" type="stmt"/>
        <line num="45" count="1" type="stmt"/>
        <line num="52" count="1" type="stmt"/>
        <line num="53" count="1" type="stmt"/>
        <line num="54" count="1" type="stmt"/>
        <line num="56" count="1" type="stmt"/>
        <line num="60" count="41" type="stmt"/>
        <line num="74" count="2" type="stmt"/>
        <line num="83" count="123" type="stmt"/>
        <line num="85" count="3" type="stmt"/>
        <line num="99" count="1" type="stmt"/>
        <line num="109" count="4" type="stmt"/>
        <line num="117" count="75" type="stmt"/>
        <line num="119" count="1" type="stmt"/>
        <line num="141" count="1" type="stmt"/>
        <line num="153" count="12" type="stmt"/>
        <line num="163" count="4" type="stmt"/>
        <line num="175" count="2" type="stmt"/>
        <line num="185" count="4" type="stmt"/>
        <line num="195" count="5" type="stmt"/>
      </file>
    </package>
    <package name="app.[locale].admin.programs.[id]">
      <metrics statements="75" coveredstatements="75" conditionals="22" coveredconditionals="16" methods="28" coveredmethods="28"/>
      <file name="page.tsx" path="/Users/yusefbach/Projekte/studynexus/frontend/src/app/[locale]/admin/programs/[id]/page.tsx">
        <metrics statements="75" coveredstatements="75" conditionals="22" coveredconditionals="16" methods="28" coveredmethods="28"/>
        <line num="3" count="1" type="stmt"/>
        <line num="4" count="1" type="stmt"/>
        <line num="5" count="1" type="stmt"/>
        <line num="6" count="1" type="stmt"/>
        <line num="7" count="1" type="stmt"/>
        <line num="8" count="1" type="stmt"/>
        <line num="9" count="1" type="stmt"/>
        <line num="10" count="1" type="stmt"/>
        <line num="11" count="1" type="stmt"/>
        <line num="12" count="1" type="stmt"/>
        <line num="13" count="1" type="stmt"/>
        <line num="14" count="1" type="stmt"/>
        <line num="15" count="1" type="stmt"/>
        <line num="38" count="11" type="stmt"/>
        <line num="39" count="63" type="stmt"/>
        <line num="40" count="63" type="stmt"/>
        <line num="41" count="63" type="stmt"/>
        <line num="42" count="63" type="stmt"/>
        <line num="43" count="63" type="stmt"/>
        <line num="44" count="63" type="stmt"/>
        <line num="45" count="63" type="stmt"/>
        <line num="47" count="63" type="stmt"/>
        <line num="49" count="63" type="stmt"/>
        <line num="50" count="63" type="stmt"/>
        <line num="53" count="63" type="stmt"/>
        <line num="55" count="63" type="stmt"/>
        <line num="56" count="63" type="stmt"/>
        <line num="57" count="63" type="stmt"/>
        <line num="59" count="63" type="stmt"/>
        <line num="60" count="63" type="stmt"/>
        <line num="63" count="2" type="cond" truecount="0" falsecount="1"/>
        <line num="64" count="2" type="stmt"/>
        <line num="70" count="2" type="stmt"/>
        <line num="74" count="1" type="stmt"/>
        <line num="75" count="1" type="stmt"/>
        <line num="76" count="1" type="stmt"/>
        <line num="84" count="1" type="stmt"/>
        <line num="85" count="1" type="stmt"/>
        <line num="86" count="1" type="stmt"/>
        <line num="88" count="1" type="stmt"/>
        <line num="93" count="2" type="cond" truecount="1" falsecount="0"/>
        <line num="94" count="1" type="stmt"/>
        <line num="95" count="1" type="stmt"/>
        <line num="96" count="1" type="stmt"/>
        <line num="104" count="1" type="stmt"/>
        <line num="105" count="1" type="stmt"/>
        <line num="106" count="1" type="stmt"/>
        <line num="108" count="1" type="stmt"/>
        <line num="113" count="1" type="cond" truecount="0" falsecount="1"/>
        <line num="114" count="1" type="stmt"/>
        <line num="115" count="1" type="stmt"/>
        <line num="116" count="1" type="stmt"/>
        <line num="117" count="1" type="stmt"/>
        <line num="118" count="1" type="stmt"/>
        <line num="119" count="1" type="stmt"/>
        <line num="121" count="1" type="stmt"/>
        <line num="126" count="1" type="cond" truecount="0" falsecount="1"/>
        <line num="127" count="1" type="stmt"/>
        <line num="128" count="1" type="stmt"/>
        <line num="129" count="1" type="stmt"/>
        <line num="132" count="63" type="cond" truecount="1" falsecount="0"/>
        <line num="140" count="62" type="cond" truecount="3" falsecount="0"/>
        <line num="188" count="61" type="stmt"/>
        <line num="213" count="2" type="stmt"/>
        <line num="235" count="2" type="stmt"/>
        <line num="246" count="1" type="stmt"/>
        <line num="254" count="7" type="stmt"/>
        <line num="260" count="6" type="stmt"/>
        <line num="268" count="2" type="stmt"/>
        <line num="274" count="4" type="stmt"/>
        <line num="284" count="1" type="stmt"/>
        <line num="293" count="7" type="stmt"/>
        <line num="299" count="10" type="stmt"/>
        <line num="304" count="1" type="stmt"/>
        <line num="313" count="1" type="stmt"/>
      </file>
    </package>
    <package name="app.[locale].admin.system">
      <metrics statements="17" coveredstatements="17" conditionals="13" coveredconditionals="12" methods="6" coveredmethods="6"/>
      <file name="page.tsx" path="/Users/yusefbach/Projekte/studynexus/frontend/src/app/[locale]/admin/system/page.tsx">
        <metrics statements="17" coveredstatements="17" conditionals="13" coveredconditionals="12" methods="6" coveredmethods="6"/>
        <line num="3" count="1" type="stmt"/>
        <line num="4" count="1" type="stmt"/>
        <line num="14" count="1" type="stmt"/>
        <line num="15" count="1" type="stmt"/>
        <line num="16" count="1" type="stmt"/>
        <line num="45" count="16" type="cond" truecount="1" falsecount="0"/>
        <line num="65" count="8" type="cond" truecount="1" falsecount="0"/>
        <line num="73" count="2" type="cond" truecount="1" falsecount="0"/>
        <line num="89" count="10" type="stmt"/>
        <line num="90" count="10" type="stmt"/>
        <line num="91" count="10" type="stmt"/>
        <line num="92" count="10" type="stmt"/>
        <line num="94" count="10" type="stmt"/>
        <line num="95" count="10" type="stmt"/>
        <line num="98" count="1" type="stmt"/>
        <line num="99" count="1" type="stmt"/>
        <line num="102" count="10" type="cond" truecount="2" falsecount="0"/>
      </file>
    </package>
    <package name="app.[locale].admin.universities">
      <metrics statements="40" coveredstatements="40" conditionals="6" coveredconditionals="5" methods="14" coveredmethods="14"/>
      <file name="page.tsx" path="/Users/yusefbach/Projekte/studynexus/frontend/src/app/[locale]/admin/universities/page.tsx">
        <metrics statements="40" coveredstatements="40" conditionals="6" coveredconditionals="5" methods="14" coveredmethods="14"/>
        <line num="3" count="1" type="stmt"/>
        <line num="4" count="1" type="stmt"/>
        <line num="5" count="1" type="stmt"/>
        <line num="6" count="1" type="stmt"/>
        <line num="7" count="1" type="stmt"/>
        <line num="8" count="1" type="stmt"/>
        <line num="9" count="1" type="stmt"/>
        <line num="10" count="1" type="stmt"/>
        <line num="11" count="1" type="stmt"/>
        <line num="22" count="1" type="stmt"/>
        <line num="24" count="6" type="stmt"/>
        <line num="25" count="46" type="stmt"/>
        <line num="26" count="46" type="stmt"/>
        <line num="27" count="46" type="stmt"/>
        <line num="28" count="46" type="stmt"/>
        <line num="30" count="46" type="cond" truecount="0" falsecount="1"/>
        <line num="31" count="46" type="stmt"/>
        <line num="32" count="46" type="stmt"/>
        <line num="33" count="46" type="stmt"/>
        <line num="34" count="46" type="stmt"/>
        <line num="36" count="46" type="stmt"/>
        <line num="38" count="17" type="cond" truecount="2" falsecount="0"/>
        <line num="43" count="28" type="stmt"/>
        <line num="47" count="2" type="cond" truecount="1" falsecount="0"/>
        <line num="48" count="1" type="stmt"/>
        <line num="49" count="1" type="stmt"/>
        <line num="50" count="1" type="stmt"/>
        <line num="51" count="1" type="stmt"/>
        <line num="52" count="1" type="stmt"/>
        <line num="53" count="1" type="stmt"/>
        <line num="55" count="1" type="stmt"/>
        <line num="67" count="2" type="stmt"/>
        <line num="76" count="7" type="stmt"/>
        <line num="85" count="3" type="stmt"/>
        <line num="93" count="12" type="stmt"/>
        <line num="95" count="1" type="stmt"/>
        <line num="112" count="1" type="stmt"/>
        <line num="120" count="184" type="stmt"/>
        <line num="125" count="27" type="stmt"/>
        <line num="135" count="1" type="stmt"/>
      </file>
    </package>
    <package name="app.[locale].admin.universities.[id]">
      <metrics statements="76" coveredstatements="76" conditionals="21" coveredconditionals="18" methods="24" coveredmethods="24"/>
      <file name="page.tsx" path="/Users/yusefbach/Projekte/studynexus/frontend/src/app/[locale]/admin/universities/[id]/page.tsx">
        <metrics statements="76" coveredstatements="76" conditionals="21" coveredconditionals="18" methods="24" coveredmethods="24"/>
        <line num="3" count="1" type="stmt"/>
        <line num="4" count="1" type="stmt"/>
        <line num="5" count="1" type="stmt"/>
        <line num="6" count="1" type="stmt"/>
        <line num="7" count="1" type="stmt"/>
        <line num="8" count="1" type="stmt"/>
        <line num="9" count="1" type="stmt"/>
        <line num="10" count="1" type="stmt"/>
        <line num="11" count="1" type="stmt"/>
        <line num="12" count="1" type="stmt"/>
        <line num="13" count="1" type="stmt"/>
        <line num="15" count="1" type="stmt"/>
        <line num="37" count="12" type="stmt"/>
        <line num="38" count="49" type="stmt"/>
        <line num="39" count="49" type="stmt"/>
        <line num="40" count="49" type="stmt"/>
        <line num="41" count="49" type="stmt"/>
        <line num="42" count="49" type="stmt"/>
        <line num="43" count="49" type="stmt"/>
        <line num="44" count="49" type="stmt"/>
        <line num="46" count="49" type="stmt"/>
        <line num="48" count="49" type="stmt"/>
        <line num="49" count="49" type="stmt"/>
        <line num="50" count="49" type="stmt"/>
        <line num="51" count="49" type="stmt"/>
        <line num="53" count="49" type="stmt"/>
        <line num="54" count="49" type="stmt"/>
        <line num="55" count="49" type="stmt"/>
        <line num="57" count="49" type="stmt"/>
        <line num="58" count="49" type="stmt"/>
        <line num="61" count="2" type="cond" truecount="0" falsecount="1"/>
        <line num="62" count="2" type="stmt"/>
        <line num="63" count="2" type="stmt"/>
        <line num="64" count="2" type="stmt"/>
        <line num="68" count="2" type="stmt"/>
        <line num="69" count="2" type="stmt"/>
        <line num="70" count="2" type="stmt"/>
        <line num="71" count="2" type="stmt"/>
        <line num="72" count="1" type="stmt"/>
        <line num="73" count="1" type="stmt"/>
        <line num="74" count="1" type="stmt"/>
        <line num="75" count="1" type="stmt"/>
        <line num="77" count="1" type="stmt"/>
        <line num="79" count="2" type="stmt"/>
        <line num="84" count="2" type="cond" truecount="1" falsecount="0"/>
        <line num="85" count="1" type="stmt"/>
        <line num="86" count="1" type="stmt"/>
        <line num="87" count="1" type="stmt"/>
        <line num="88" count="1" type="stmt"/>
        <line num="89" count="1" type="stmt"/>
        <line num="90" count="1" type="stmt"/>
        <line num="92" count="1" type="stmt"/>
        <line num="97" count="1" type="cond" truecount="0" falsecount="1"/>
        <line num="98" count="1" type="stmt"/>
        <line num="99" count="1" type="stmt"/>
        <line num="103" count="1" type="cond" truecount="0" falsecount="1"/>
        <line num="104" count="1" type="stmt"/>
        <line num="105" count="1" type="stmt"/>
        <line num="106" count="1" type="stmt"/>
        <line num="107" count="1" type="stmt"/>
        <line num="108" count="1" type="stmt"/>
        <line num="110" count="1" type="stmt"/>
        <line num="114" count="49" type="cond" truecount="1" falsecount="0"/>
        <line num="122" count="48" type="cond" truecount="3" falsecount="0"/>
        <line num="169" count="17" type="stmt"/>
        <line num="176" count="1" type="stmt"/>
        <line num="188" count="2" type="stmt"/>
        <line num="202" count="2" type="stmt"/>
        <line num="213" count="1" type="stmt"/>
        <line num="220" count="188" type="stmt"/>
        <line num="225" count="7" type="stmt"/>
        <line num="235" count="1" type="stmt"/>
        <line num="248" count="1" type="stmt"/>
        <line num="260" count="10" type="stmt"/>
        <line num="270" count="2" type="stmt"/>
        <line num="280" count="1" type="stmt"/>
      </file>
    </package>
    <package name="app.[locale].admin.users">
      <metrics statements="30" coveredstatements="30" conditionals="21" coveredconditionals="10" methods="8" coveredmethods="8"/>
      <file name="page.tsx" path="/Users/yusefbach/Projekte/studynexus/frontend/src/app/[locale]/admin/users/page.tsx">
        <metrics statements="30" coveredstatements="30" conditionals="21" coveredconditionals="10" methods="8" coveredmethods="8"/>
        <line num="3" count="1" type="stmt"/>
        <line num="4" count="1" type="stmt"/>
        <line num="5" count="1" type="stmt"/>
        <line num="6" count="1" type="stmt"/>
        <line num="7" count="1" type="stmt"/>
        <line num="8" count="1" type="stmt"/>
        <line num="13" count="1" type="stmt"/>
        <line num="15" count="6" type="stmt"/>
        <line num="16" count="13" type="stmt"/>
        <line num="17" count="13" type="stmt"/>
        <line num="18" count="13" type="stmt"/>
        <line num="20" count="13" type="stmt"/>
        <line num="21" count="13" type="stmt"/>
        <line num="22" count="13" type="stmt"/>
        <line num="24" count="13" type="cond" truecount="1" falsecount="0"/>
        <line num="25" count="12" type="cond" truecount="1" falsecount="0"/>
        <line num="26" count="11" type="cond" truecount="1" falsecount="0"/>
        <line num="27" count="10" type="cond" truecount="1" falsecount="0"/>
        <line num="28" count="9" type="stmt"/>
        <line num="31" count="13" type="stmt"/>
        <line num="39" count="1" type="stmt"/>
        <line num="40" count="1" type="stmt"/>
        <line num="44" count="5" type="stmt"/>
        <line num="45" count="5" type="stmt"/>
        <line num="48" count="13" type="stmt"/>
        <line num="132" count="13" type="stmt"/>
        <line num="151" count="65" type="stmt"/>
        <line num="153" count="5" type="stmt"/>
        <line num="176" count="1" type="stmt"/>
        <line num="177" count="3" type="stmt"/>
      </file>
    </package>
    <package name="app.[locale].admin.users.[id]">
      <metrics statements="69" coveredstatements="69" conditionals="43" coveredconditionals="37" methods="16" coveredmethods="16"/>
      <file name="page.tsx" path="/Users/yusefbach/Projekte/studynexus/frontend/src/app/[locale]/admin/users/[id]/page.tsx">
        <metrics statements="69" coveredstatements="69" conditionals="43" coveredconditionals="37" methods="16" coveredmethods="16"/>
        <line num="3" count="1" type="stmt"/>
        <line num="4" count="1" type="stmt"/>
        <line num="5" count="1" type="stmt"/>
        <line num="6" count="1" type="stmt"/>
        <line num="7" count="1" type="stmt"/>
        <line num="8" count="1" type="stmt"/>
        <line num="9" count="1" type="stmt"/>
        <line num="10" count="1" type="stmt"/>
        <line num="11" count="1" type="stmt"/>
        <line num="12" count="1" type="stmt"/>
        <line num="13" count="1" type="stmt"/>
        <line num="56" count="3" type="stmt"/>
        <line num="71" count="8" type="stmt"/>
        <line num="72" count="38" type="stmt"/>
        <line num="73" count="38" type="stmt"/>
        <line num="74" count="38" type="stmt"/>
        <line num="75" count="38" type="stmt"/>
        <line num="76" count="38" type="stmt"/>
        <line num="77" count="38" type="stmt"/>
        <line num="79" count="38" type="stmt"/>
        <line num="81" count="38" type="stmt"/>
        <line num="82" count="38" type="stmt"/>
        <line num="83" count="38" type="stmt"/>
        <line num="84" count="38" type="stmt"/>
        <line num="85" count="38" type="stmt"/>
        <line num="86" count="38" type="stmt"/>
        <line num="87" count="38" type="stmt"/>
        <line num="88" count="38" type="stmt"/>
        <line num="90" count="38" type="cond" truecount="4" falsecount="0"/>
        <line num="93" count="3" type="cond" truecount="0" falsecount="1"/>
        <line num="94" count="3" type="stmt"/>
        <line num="95" count="3" type="stmt"/>
        <line num="96" count="3" type="stmt"/>
        <line num="97" count="3" type="stmt"/>
        <line num="98" count="3" type="stmt"/>
        <line num="100" count="3" type="stmt"/>
        <line num="105" count="2" type="cond" truecount="0" falsecount="1"/>
        <line num="106" count="2" type="stmt"/>
        <line num="107" count="2" type="stmt"/>
        <line num="108" count="2" type="stmt"/>
        <line num="109" count="2" type="stmt"/>
        <line num="110" count="1" type="stmt"/>
        <line num="111" count="1" type="stmt"/>
        <line num="113" count="1" type="stmt"/>
        <line num="115" count="2" type="stmt"/>
        <line num="120" count="2" type="cond" truecount="0" falsecount="1"/>
        <line num="121" count="2" type="stmt"/>
        <line num="122" count="2" type="stmt"/>
        <line num="123" count="2" type="stmt"/>
        <line num="124" count="2" type="stmt"/>
        <line num="125" count="1" type="stmt"/>
        <line num="127" count="1" type="stmt"/>
        <line num="129" count="2" type="stmt"/>
        <line num="134" count="2" type="cond" truecount="0" falsecount="1"/>
        <line num="135" count="2" type="stmt"/>
        <line num="136" count="2" type="stmt"/>
        <line num="137" count="2" type="stmt"/>
        <line num="138" count="1" type="stmt"/>
        <line num="139" count="1" type="stmt"/>
        <line num="141" count="1" type="stmt"/>
        <line num="145" count="38" type="cond" truecount="1" falsecount="0"/>
        <line num="153" count="37" type="cond" truecount="3" falsecount="0"/>
        <line num="219" count="1" type="stmt"/>
        <line num="226" count="1" type="stmt"/>
        <line num="234" count="1" type="stmt"/>
        <line num="244" count="9" type="stmt"/>
        <line num="300" count="3" type="stmt"/>
        <line num="312" count="1" type="stmt"/>
        <line num="313" count="2" type="stmt"/>
      </file>
    </package>
    <package name="app.[locale].dashboard.setup">
      <metrics statements="87" coveredstatements="83" conditionals="29" coveredconditionals="23" methods="26" coveredmethods="23"/>
      <file name="SetupForm.tsx" path="/Users/yusefbach/Projekte/studynexus/frontend/src/app/[locale]/dashboard/setup/SetupForm.tsx">
        <metrics statements="87" coveredstatements="83" conditionals="29" coveredconditionals="23" methods="26" coveredmethods="23"/>
        <line num="3" count="1" type="stmt"/>
        <line num="4" count="1" type="stmt"/>
        <line num="5" count="1" type="stmt"/>
        <line num="6" count="1" type="stmt"/>
        <line num="7" count="1" type="stmt"/>
        <line num="8" count="1" type="stmt"/>
        <line num="15" count="1" type="stmt"/>
        <line num="17" count="1" type="stmt"/>
        <line num="19" count="1" type="stmt"/>
        <line num="30" count="8" type="stmt"/>
        <line num="31" count="51" type="stmt"/>
        <line num="32" count="51" type="stmt"/>
        <line num="34" count="51" type="stmt"/>
        <line num="35" count="51" type="stmt"/>
        <line num="36" count="51" type="stmt"/>
        <line num="37" count="51" type="stmt"/>
        <line num="39" count="51" type="stmt"/>
        <line num="40" count="51" type="stmt"/>
        <line num="41" count="51" type="stmt"/>
        <line num="42" count="51" type="stmt"/>
        <line num="44" count="51" type="stmt"/>
        <line num="45" count="51" type="stmt"/>
        <line num="46" count="51" type="stmt"/>
        <line num="47" count="51" type="stmt"/>
        <line num="52" count="51" type="stmt"/>
        <line num="53" count="8" type="stmt"/>
        <line num="55" count="8" type="cond" truecount="1" falsecount="0"/>
        <line num="56" count="7" type="stmt"/>
        <line num="59" count="7" type="stmt"/>
        <line num="60" count="7" type="cond" truecount="0" falsecount="1"/>
        <line num="61" count="7" type="stmt"/>
        <line num="64" count="1" type="stmt"/>
        <line num="65" count="1" type="stmt"/>
        <line num="74" count="51" type="stmt"/>
        <line num="75" count="14" type="cond" truecount="1" falsecount="0"/>
        <line num="76" count="6" type="stmt"/>
        <line num="78" count="6" type="cond" truecount="0" falsecount="1"/>
        <line num="79" count="6" type="stmt"/>
        <line num="82" count="0" type="stmt"/>
        <line num="83" count="6" type="stmt"/>
        <line num="88" count="51" type="stmt"/>
        <line num="89" count="12" type="cond" truecount="1" falsecount="0"/>
        <line num="90" count="8" type="stmt"/>
        <line num="91" count="8" type="stmt"/>
        <line num="92" count="8" type="stmt"/>
        <line num="93" count="8" type="stmt"/>
        <line num="94" count="8" type="stmt"/>
        <line num="96" count="4" type="stmt"/>
        <line num="97" count="4" type="cond" truecount="1" falsecount="1"/>
        <line num="99" count="4" type="stmt"/>
        <line num="100" count="4" type="stmt"/>
        <line num="101" count="4" type="stmt"/>
        <line num="102" count="4" type="stmt"/>
        <line num="104" count="0" type="stmt"/>
        <line num="109" count="51" type="stmt"/>
        <line num="110" count="11" type="cond" truecount="1" falsecount="0"/>
        <line num="111" count="8" type="stmt"/>
        <line num="112" count="8" type="stmt"/>
        <line num="113" count="8" type="stmt"/>
        <line num="115" count="3" type="stmt"/>
        <line num="116" count="3" type="cond" truecount="1" falsecount="1"/>
        <line num="118" count="3" type="stmt"/>
        <line num="119" count="3" type="stmt"/>
        <line num="121" count="0" type="stmt"/>
        <line num="127" count="51" type="cond" truecount="2" falsecount="0"/>
        <line num="129" count="51" type="stmt"/>
        <line num="130" count="2" type="cond" truecount="0" falsecount="1"/>
        <line num="131" count="2" type="stmt"/>
        <line num="132" count="2" type="stmt"/>
        <line num="133" count="2" type="stmt"/>
        <line num="134" count="2" type="stmt"/>
        <line num="139" count="2" type="cond" truecount="1" falsecount="0"/>
        <line num="140" count="1" type="stmt"/>
        <line num="141" count="1" type="cond" truecount="1" falsecount="1"/>
        <line num="142" count="1" type="stmt"/>
        <line num="144" count="1" type="stmt"/>
        <line num="146" count="0" type="stmt"/>
        <line num="148" count="2" type="stmt"/>
        <line num="154" count="51" type="cond" truecount="1" falsecount="0"/>
        <line num="190" count="4" type="stmt"/>
        <line num="194" count="28" type="stmt"/>
        <line num="208" count="3" type="stmt"/>
        <line num="213" count="18" type="stmt"/>
        <line num="227" count="2" type="stmt"/>
        <line num="232" count="11" type="stmt"/>
        <line num="246" count="2" type="stmt"/>
        <line num="251" count="290" type="stmt"/>
      </file>
    </package>
    <package name="components.admin">
      <metrics statements="57" coveredstatements="55" conditionals="48" coveredconditionals="43" methods="21" coveredmethods="20"/>
      <file name="AdminFormModal.tsx" path="/Users/yusefbach/Projekte/studynexus/frontend/src/components/admin/AdminFormModal.tsx">
        <metrics statements="17" coveredstatements="17" conditionals="16" coveredconditionals="13" methods="6" coveredmethods="6"/>
        <line num="3" count="6" type="stmt"/>
        <line num="4" count="6" type="stmt"/>
        <line num="5" count="6" type="stmt"/>
        <line num="6" count="6" type="stmt"/>
        <line num="7" count="6" type="stmt"/>
        <line num="23" count="841" type="stmt"/>
        <line num="34" count="841" type="stmt"/>
        <line num="37" count="841" type="stmt"/>
        <line num="38" count="841" type="cond" truecount="1" falsecount="0"/>
        <line num="40" count="191" type="cond" truecount="0" falsecount="1"/>
        <line num="42" count="299" type="stmt"/>
        <line num="43" count="299" type="stmt"/>
        <line num="47" count="841" type="stmt"/>
        <line num="48" count="174" type="cond" truecount="2" falsecount="0"/>
        <line num="49" count="174" type="stmt"/>
        <line num="52" count="841" type="cond" truecount="1" falsecount="0"/>
        <line num="54" count="299" type="cond" truecount="2" falsecount="0"/>
      </file>
      <file name="ArchiveDialog.tsx" path="/Users/yusefbach/Projekte/studynexus/frontend/src/components/admin/ArchiveDialog.tsx">
        <metrics statements="22" coveredstatements="21" conditionals="13" coveredconditionals="11" methods="9" coveredmethods="8"/>
        <line num="3" count="1" type="stmt"/>
        <line num="4" count="1" type="stmt"/>
        <line num="5" count="1" type="stmt"/>
        <line num="6" count="1" type="stmt"/>
        <line num="7" count="1" type="stmt"/>
        <line num="18" count="78" type="cond" truecount="0" falsecount="1"/>
        <line num="19" count="90" type="stmt"/>
        <line num="20" count="90" type="stmt"/>
        <line num="21" count="90" type="stmt"/>
        <line num="24" count="90" type="stmt"/>
        <line num="25" count="19" type="cond" truecount="1" falsecount="0"/>
        <line num="29" count="90" type="stmt"/>
        <line num="30" count="78" type="cond" truecount="1" falsecount="0"/>
        <line num="31" count="0" type="cond" truecount="0" falsecount="1"/>
        <line num="32" count="3" type="stmt"/>
        <line num="33" count="3" type="stmt"/>
        <line num="36" count="90" type="stmt"/>
        <line num="37" count="19" type="cond" truecount="2" falsecount="0"/>
        <line num="38" count="19" type="stmt"/>
        <line num="41" count="90" type="cond" truecount="1" falsecount="0"/>
        <line num="75" count="1" type="stmt"/>
        <line num="89" count="1" type="stmt"/>
      </file>
      <file name="GrowthChart.tsx" path="/Users/yusefbach/Projekte/studynexus/frontend/src/components/admin/GrowthChart.tsx">
        <metrics statements="11" coveredstatements="10" conditionals="2" coveredconditionals="2" methods="4" coveredmethods="4"/>
        <line num="11" count="2" type="stmt"/>
        <line num="12" count="2" type="stmt"/>
        <line num="25" count="4" type="stmt"/>
        <line num="26" count="4" type="stmt"/>
        <line num="28" count="0" type="stmt"/>
        <line num="32" count="7" type="stmt"/>
        <line num="33" count="7" type="stmt"/>
        <line num="35" count="7" type="cond" truecount="1" falsecount="0"/>
        <line num="39" count="4" type="cond" truecount="1" falsecount="0"/>
        <line num="47" count="4" type="stmt"/>
        <line num="75" count="1" type="stmt"/>
      </file>
      <file name="KPICard.tsx" path="/Users/yusefbach/Projekte/studynexus/frontend/src/components/admin/KPICard.tsx">
        <metrics statements="2" coveredstatements="2" conditionals="17" coveredconditionals="17" methods="1" coveredmethods="1"/>
        <line num="3" count="2" type="stmt"/>
        <line num="15" count="35" type="stmt"/>
      </file>
      <file name="StatusBadge.tsx" path="/Users/yusefbach/Projekte/studynexus/frontend/src/components/admin/StatusBadge.tsx">
        <metrics statements="5" coveredstatements="5" conditionals="0" coveredconditionals="0" methods="1" coveredmethods="1"/>
        <line num="3" count="6" type="stmt"/>
        <line num="4" count="6" type="stmt"/>
        <line num="8" count="6" type="stmt"/>
        <line num="22" count="118" type="stmt"/>
        <line num="23" count="118" type="stmt"/>
      </file>
    </package>
    <package name="components.auth">
      <metrics statements="129" coveredstatements="98" conditionals="53" coveredconditionals="34" methods="22" coveredmethods="17"/>
      <file name="LoginForm.tsx" path="/Users/yusefbach/Projekte/studynexus/frontend/src/components/auth/LoginForm.tsx">
        <metrics statements="33" coveredstatements="30" conditionals="16" coveredconditionals="12" methods="4" coveredmethods="4"/>
        <line num="3" count="1" type="stmt"/>
        <line num="4" count="1" type="stmt"/>
        <line num="5" count="1" type="stmt"/>
        <line num="6" count="1" type="stmt"/>
        <line num="7" count="1" type="stmt"/>
        <line num="8" count="1" type="stmt"/>
        <line num="9" count="1" type="stmt"/>
        <line num="16" count="6" type="stmt"/>
        <line num="17" count="12" type="stmt"/>
        <line num="18" count="12" type="stmt"/>
        <line num="19" count="12" type="stmt"/>
        <line num="20" count="12" type="stmt"/>
        <line num="21" count="12" type="stmt"/>
        <line num="24" count="2" type="stmt"/>
        <line num="25" count="2" type="stmt"/>
        <line num="26" count="2" type="stmt"/>
        <line num="28" count="2" type="stmt"/>
        <line num="29" count="2" type="stmt"/>
        <line num="30" count="2" type="stmt"/>
        <line num="39" count="1" type="cond" truecount="1" falsecount="0"/>
        <line num="40" count="1" type="stmt"/>
        <line num="41" count="1" type="stmt"/>
        <line num="42" count="1" type="cond" truecount="2" falsecount="2"/>
        <line num="43" count="0" type="stmt"/>
        <line num="44" count="1" type="cond" truecount="1" falsecount="0"/>
        <line num="45" count="1" type="stmt"/>
        <line num="47" count="1" type="stmt"/>
        <line num="48" count="1" type="stmt"/>
        <line num="51" count="0" type="cond" truecount="0" falsecount="2"/>
        <line num="52" count="0" type="stmt"/>
        <line num="54" count="1" type="stmt"/>
        <line num="56" count="2" type="stmt"/>
        <line num="96" count="2" type="stmt"/>
      </file>
      <file name="LogoutButton.tsx" path="/Users/yusefbach/Projekte/studynexus/frontend/src/components/auth/LogoutButton.tsx">
        <metrics statements="12" coveredstatements="12" conditionals="0" coveredconditionals="0" methods="2" coveredmethods="2"/>
        <line num="3" count="1" type="stmt"/>
        <line num="4" count="1" type="stmt"/>
        <line num="5" count="1" type="stmt"/>
        <line num="6" count="1" type="stmt"/>
        <line num="12" count="2" type="stmt"/>
        <line num="13" count="3" type="stmt"/>
        <line num="14" count="3" type="stmt"/>
        <line num="15" count="3" type="stmt"/>
        <line num="18" count="1" type="stmt"/>
        <line num="19" count="1" type="stmt"/>
        <line num="23" count="1" type="stmt"/>
        <line num="24" count="1" type="stmt"/>
      </file>
      <file name="RegisterForm.tsx" path="/Users/yusefbach/Projekte/studynexus/frontend/src/components/auth/RegisterForm.tsx">
        <metrics statements="55" coveredstatements="51" conditionals="26" coveredconditionals="22" methods="13" coveredmethods="11"/>
        <line num="3" count="1" type="stmt"/>
        <line num="4" count="1" type="stmt"/>
        <line num="5" count="1" type="stmt"/>
        <line num="6" count="1" type="stmt"/>
        <line num="7" count="1" type="stmt"/>
        <line num="8" count="1" type="stmt"/>
        <line num="9" count="1" type="stmt"/>
        <line num="10" count="1" type="stmt"/>
        <line num="22" count="6" type="stmt"/>
        <line num="23" count="13" type="stmt"/>
        <line num="24" count="13" type="stmt"/>
        <line num="25" count="13" type="stmt"/>
        <line num="26" count="13" type="stmt"/>
        <line num="27" count="13" type="stmt"/>
        <line num="28" count="13" type="stmt"/>
        <line num="29" count="13" type="stmt"/>
        <line num="30" count="13" type="stmt"/>
        <line num="31" count="13" type="stmt"/>
        <line num="32" count="13" type="stmt"/>
        <line num="34" count="13" type="stmt"/>
        <line num="35" count="6" type="stmt"/>
        <line num="36" count="6" type="stmt"/>
        <line num="38" count="6" type="stmt"/>
        <line num="39" count="6" type="cond" truecount="1" falsecount="0"/>
        <line num="42" count="6" type="stmt"/>
        <line num="46" count="2" type="stmt"/>
        <line num="47" count="2" type="stmt"/>
        <line num="48" count="2" type="stmt"/>
        <line num="50" count="2" type="stmt"/>
        <line num="51" count="2" type="stmt"/>
        <line num="52" count="2" type="stmt"/>
        <line num="54" count="2" type="cond" truecount="1" falsecount="0"/>
        <line num="55" count="1" type="stmt"/>
        <line num="56" count="1" type="stmt"/>
        <line num="57" count="1" type="stmt"/>
        <line num="60" count="1" type="stmt"/>
        <line num="61" count="1" type="stmt"/>
        <line num="74" count="1" type="cond" truecount="1" falsecount="0"/>
        <line num="75" count="1" type="stmt"/>
        <line num="76" count="1" type="stmt"/>
        <line num="77" count="1" type="cond" truecount="2" falsecount="2"/>
        <line num="78" count="0" type="stmt"/>
        <line num="79" count="1" type="cond" truecount="1" falsecount="0"/>
        <line num="80" count="1" type="stmt"/>
        <line num="82" count="1" type="stmt"/>
        <line num="83" count="1" type="stmt"/>
        <line num="84" count="1" type="stmt"/>
        <line num="87" count="0" type="stmt"/>
        <line num="89" count="0" type="stmt"/>
        <line num="91" count="1" type="stmt"/>
        <line num="95" count="13" type="cond" truecount="0" falsecount="1"/>
        <line num="144" count="0" type="stmt"/>
        <line num="149" count="5" type="stmt"/>
        <line num="189" count="1" type="stmt"/>
        <line num="221" count="1" type="stmt"/>
      </file>
      <file name="VerifyForm.tsx" path="/Users/yusefbach/Projekte/studynexus/frontend/src/components/auth/VerifyForm.tsx">
        <metrics statements="29" coveredstatements="5" conditionals="11" coveredconditionals="0" methods="3" coveredmethods="0"/>
        <line num="3" count="1" type="stmt"/>
        <line num="4" count="1" type="stmt"/>
        <line num="5" count="1" type="stmt"/>
        <line num="6" count="1" type="stmt"/>
        <line num="7" count="1" type="stmt"/>
        <line num="14" count="0" type="stmt"/>
        <line num="15" count="0" type="stmt"/>
        <line num="16" count="0" type="stmt"/>
        <line num="17" count="0" type="stmt"/>
        <line num="18" count="0" type="stmt"/>
        <line num="21" count="0" type="stmt"/>
        <line num="22" count="0" type="stmt"/>
        <line num="23" count="0" type="stmt"/>
        <line num="25" count="0" type="stmt"/>
        <line num="26" count="0" type="stmt"/>
        <line num="32" count="0" type="cond" truecount="0" falsecount="1"/>
        <line num="33" count="0" type="stmt"/>
        <line num="34" count="0" type="stmt"/>
        <line num="35" count="0" type="cond" truecount="0" falsecount="4"/>
        <line num="36" count="0" type="stmt"/>
        <line num="37" count="0" type="cond" truecount="0" falsecount="1"/>
        <line num="38" count="0" type="stmt"/>
        <line num="40" count="0" type="stmt"/>
        <line num="41" count="0" type="stmt"/>
        <line num="42" count="0" type="stmt"/>
        <line num="46" count="0" type="stmt"/>
        <line num="48" count="0" type="stmt"/>
        <line num="50" count="0" type="stmt"/>
        <line num="77" count="0" type="stmt"/>
      </file>
    </package>
    <package name="components.study">
      <metrics statements="140" coveredstatements="126" conditionals="108" coveredconditionals="78" methods="45" coveredmethods="35"/>
      <file name="AddModuleModal.tsx" path="/Users/yusefbach/Projekte/studynexus/frontend/src/components/study/AddModuleModal.tsx">
        <metrics statements="60" coveredstatements="51" conditionals="48" coveredconditionals="40" methods="24" coveredmethods="19"/>
        <line num="3" count="2" type="stmt"/>
        <line num="4" count="2" type="stmt"/>
        <line num="5" count="2" type="stmt"/>
        <line num="6" count="2" type="stmt"/>
        <line num="7" count="2" type="stmt"/>
        <line num="8" count="2" type="stmt"/>
        <line num="10" count="2" type="stmt"/>
        <line num="12" count="2" type="stmt"/>
        <line num="30" count="2" type="stmt"/>
        <line num="37" count="9" type="cond" truecount="2" falsecount="0"/>
        <line num="38" count="28" type="stmt"/>
        <line num="40" count="28" type="stmt"/>
        <line num="41" count="28" type="stmt"/>
        <line num="42" count="28" type="stmt"/>
        <line num="43" count="28" type="stmt"/>
        <line num="44" count="28" type="stmt"/>
        <line num="45" count="28" type="stmt"/>
        <line num="46" count="28" type="stmt"/>
        <line num="47" count="28" type="stmt"/>
        <line num="48" count="28" type="stmt"/>
        <line num="49" count="28" type="stmt"/>
        <line num="51" count="28" type="stmt"/>
        <line num="53" count="28" type="stmt"/>
        <line num="54" count="0" type="stmt"/>
        <line num="55" count="0" type="cond" truecount="0" falsecount="1"/>
        <line num="56" count="0" type="stmt"/>
        <line num="57" count="0" type="stmt"/>
        <line num="58" count="0" type="stmt"/>
        <line num="61" count="196" type="cond" truecount="2" falsecount="0"/>
        <line num="63" count="28" type="stmt"/>
        <line num="64" count="9" type="stmt"/>
        <line num="66" count="9" type="cond" truecount="1" falsecount="0"/>
        <line num="67" count="8" type="stmt"/>
        <line num="70" count="8" type="stmt"/>
        <line num="73" count="8" type="cond" truecount="0" falsecount="1"/>
        <line num="74" count="8" type="stmt"/>
        <line num="77" count="8" type="stmt"/>
        <line num="78" count="8" type="stmt"/>
        <line num="79" count="24" type="cond" truecount="2" falsecount="0"/>
        <line num="81" count="8" type="stmt"/>
        <line num="83" count="1" type="stmt"/>
        <line num="84" count="9" type="stmt"/>
        <line num="88" count="28" type="stmt"/>
        <line num="89" count="3" type="stmt"/>
        <line num="92" count="3" type="cond" truecount="2" falsecount="0"/>
        <line num="96" count="3" type="stmt"/>
        <line num="97" count="2" type="stmt"/>
        <line num="98" count="1" type="cond" truecount="1" falsecount="1"/>
        <line num="102" count="28" type="stmt"/>
        <line num="103" count="28" type="stmt"/>
        <line num="106" count="28" type="cond" truecount="2" falsecount="0"/>
        <line num="138" count="0" type="stmt"/>
        <line num="151" count="2" type="stmt"/>
        <line num="200" count="2" type="stmt"/>
        <line num="204" count="25" type="stmt"/>
        <line num="235" count="1" type="stmt"/>
        <line num="252" count="0" type="stmt"/>
        <line num="256" count="35" type="stmt"/>
        <line num="278" count="0" type="stmt"/>
        <line num="288" count="0" type="stmt"/>
      </file>
      <file name="ModuleList.tsx" path="/Users/yusefbach/Projekte/studynexus/frontend/src/components/study/ModuleList.tsx">
        <metrics statements="37" coveredstatements="34" conditionals="26" coveredconditionals="15" methods="12" coveredmethods="9"/>
        <line num="3" count="1" type="stmt"/>
        <line num="4" count="1" type="stmt"/>
        <line num="5" count="1" type="stmt"/>
        <line num="6" count="1" type="stmt"/>
        <line num="7" count="1" type="stmt"/>
        <line num="8" count="1" type="stmt"/>
        <line num="9" count="1" type="stmt"/>
        <line num="12" count="1" type="stmt"/>
        <line num="19" count="1" type="stmt"/>
        <line num="26" count="10" type="stmt"/>
        <line num="27" count="22" type="stmt"/>
        <line num="28" count="22" type="stmt"/>
        <line num="29" count="22" type="stmt"/>
        <line num="31" count="22" type="stmt"/>
        <line num="32" count="22" type="stmt"/>
        <line num="33" count="22" type="stmt"/>
        <line num="34" count="22" type="stmt"/>
        <line num="36" count="22" type="stmt"/>
        <line num="37" count="1" type="stmt"/>
        <line num="40" count="22" type="cond" truecount="2" falsecount="0"/>
        <line num="41" count="22" type="stmt"/>
        <line num="42" count="22" type="stmt"/>
        <line num="43" count="20" type="stmt"/>
        <line num="45" count="22" type="stmt"/>
        <line num="46" count="20" type="stmt"/>
        <line num="49" count="22" type="cond" truecount="1" falsecount="0"/>
        <line num="61" count="12" type="cond" truecount="1" falsecount="0"/>
        <line num="67" count="11" type="cond" truecount="1" falsecount="0"/>
        <line num="77" count="10" type="cond" truecount="1" falsecount="1"/>
        <line num="87" count="20" type="cond" truecount="1" falsecount="2"/>
        <line num="89" count="20" type="cond" truecount="1" falsecount="2"/>
        <line num="90" count="20" type="cond" truecount="1" falsecount="1"/>
        <line num="92" count="20" type="stmt"/>
        <line num="95" count="2" type="stmt"/>
        <line num="147" count="0" type="stmt"/>
        <line num="157" count="0" type="stmt"/>
        <line num="167" count="0" type="stmt"/>
      </file>
      <file name="ModuleModal.tsx" path="/Users/yusefbach/Projekte/studynexus/frontend/src/components/study/ModuleModal.tsx">
        <metrics statements="35" coveredstatements="33" conditionals="28" coveredconditionals="17" methods="8" coveredmethods="6"/>
        <line num="3" count="2" type="stmt"/>
        <line num="4" count="2" type="stmt"/>
        <line num="5" count="2" type="stmt"/>
        <line num="6" count="2" type="stmt"/>
        <line num="7" count="2" type="stmt"/>
        <line num="8" count="2" type="stmt"/>
        <line num="10" count="2" type="stmt"/>
        <line num="12" count="2" type="stmt"/>
        <line num="14" count="2" type="stmt"/>
        <line num="28" count="2" type="stmt"/>
        <line num="35" count="9" type="stmt"/>
        <line num="36" count="13" type="stmt"/>
        <line num="37" count="13" type="stmt"/>
        <line num="38" count="13" type="stmt"/>
        <line num="40" count="13" type="stmt"/>
        <line num="41" count="13" type="cond" truecount="2" falsecount="0"/>
        <line num="43" count="13" type="stmt"/>
        <line num="49" count="13" type="stmt"/>
        <line num="51" count="13" type="stmt"/>
        <line num="53" count="13" type="cond" truecount="1" falsecount="1"/>
        <line num="56" count="13" type="cond" truecount="1" falsecount="2"/>
        <line num="58" count="13" type="cond" truecount="1" falsecount="0"/>
        <line num="60" count="12" type="stmt"/>
        <line num="61" count="3" type="stmt"/>
        <line num="63" count="3" type="stmt"/>
        <line num="64" count="3" type="cond" truecount="3" falsecount="0"/>
        <line num="65" count="1" type="stmt"/>
        <line num="66" count="1" type="cond" truecount="1" falsecount="0"/>
        <line num="69" count="3" type="stmt"/>
        <line num="72" count="2" type="stmt"/>
        <line num="73" count="1" type="cond" truecount="1" falsecount="1"/>
        <line num="142" count="0" type="stmt"/>
        <line num="151" count="48" type="stmt"/>
        <line num="165" count="0" type="stmt"/>
        <line num="170" count="121" type="stmt"/>
      </file>
      <file name="StatsCard.tsx" path="/Users/yusefbach/Projekte/studynexus/frontend/src/components/study/StatsCard.tsx">
        <metrics statements="8" coveredstatements="8" conditionals="6" coveredconditionals="6" methods="1" coveredmethods="1"/>
        <line num="3" count="1" type="stmt"/>
        <line num="4" count="1" type="stmt"/>
        <line num="6" count="6" type="stmt"/>
        <line num="7" count="11" type="stmt"/>
        <line num="8" count="11" type="stmt"/>
        <line num="10" count="11" type="cond" truecount="1" falsecount="0"/>
        <line num="22" count="5" type="cond" truecount="3" falsecount="0"/>
        <line num="30" count="4" type="stmt"/>
      </file>
    </package>
    <package name="components.ui">
      <metrics statements="17" coveredstatements="17" conditionals="3" coveredconditionals="2" methods="1" coveredmethods="1"/>
      <file name="button.tsx" path="/Users/yusefbach/Projekte/studynexus/frontend/src/components/ui/button.tsx">
        <metrics statements="9" coveredstatements="9" conditionals="3" coveredconditionals="2" methods="1" coveredmethods="1"/>
        <line num="1" count="18" type="stmt"/>
        <line num="2" count="18" type="stmt"/>
        <line num="3" count="18" type="stmt"/>
        <line num="4" count="18" type="stmt"/>
        <line num="6" count="18" type="stmt"/>
        <line num="38" count="18" type="stmt"/>
        <line num="40" count="2266" type="cond" truecount="1" falsecount="1"/>
        <line num="46" count="18" type="stmt"/>
        <line num="48" count="2271" type="stmt"/>
      </file>
      <file name="input.tsx" path="/Users/yusefbach/Projekte/studynexus/frontend/src/components/ui/input.tsx">
        <metrics statements="4" coveredstatements="4" conditionals="0" coveredconditionals="0" methods="0" coveredmethods="0"/>
        <line num="1" count="5" type="stmt"/>
        <line num="2" count="5" type="stmt"/>
        <line num="22" count="5" type="stmt"/>
        <line num="24" count="116" type="stmt"/>
      </file>
      <file name="label.tsx" path="/Users/yusefbach/Projekte/studynexus/frontend/src/components/ui/label.tsx">
        <metrics statements="4" coveredstatements="4" conditionals="0" coveredconditionals="0" methods="0" coveredmethods="0"/>
        <line num="1" count="7" type="stmt"/>
        <line num="2" count="7" type="stmt"/>
        <line num="18" count="7" type="stmt"/>
        <line num="20" count="308" type="stmt"/>
      </file>
    </package>
    <package name="hooks">
      <metrics statements="47" coveredstatements="6" conditionals="12" coveredconditionals="0" methods="10" coveredmethods="0"/>
      <file name="useAdminSession.ts" path="/Users/yusefbach/Projekte/studynexus/frontend/src/hooks/useAdminSession.ts">
        <metrics statements="47" coveredstatements="6" conditionals="12" coveredconditionals="0" methods="10" coveredmethods="0"/>
        <line num="3" count="6" type="stmt"/>
        <line num="5" count="6" type="stmt"/>
        <line num="6" count="6" type="stmt"/>
        <line num="7" count="6" type="stmt"/>
        <line num="8" count="6" type="stmt"/>
        <line num="16" count="0" type="stmt"/>
        <line num="17" count="0" type="stmt"/>
        <line num="18" count="0" type="cond" truecount="0" falsecount="1"/>
        <line num="19" count="0" type="stmt"/>
        <line num="20" count="0" type="cond" truecount="0" falsecount="1"/>
        <line num="21" count="0" type="stmt"/>
        <line num="22" count="0" type="stmt"/>
        <line num="24" count="0" type="stmt"/>
        <line num="28" count="6" type="stmt"/>
        <line num="29" count="0" type="stmt"/>
        <line num="30" count="0" type="stmt"/>
        <line num="33" count="0" type="stmt"/>
        <line num="35" count="0" type="stmt"/>
        <line num="36" count="0" type="stmt"/>
        <line num="37" count="0" type="cond" truecount="0" falsecount="2"/>
        <line num="39" count="0" type="stmt"/>
        <line num="40" count="0" type="stmt"/>
        <line num="41" count="0" type="stmt"/>
        <line num="45" count="0" type="stmt"/>
        <line num="46" count="0" type="cond" truecount="0" falsecount="1"/>
        <line num="47" count="0" type="stmt"/>
        <line num="48" count="0" type="stmt"/>
        <line num="49" count="0" type="stmt"/>
        <line num="50" count="0" type="cond" truecount="0" falsecount="1"/>
        <line num="51" count="0" type="stmt"/>
        <line num="52" count="0" type="stmt"/>
        <line num="53" count="0" type="stmt"/>
        <line num="56" count="0" type="stmt"/>
        <line num="59" count="0" type="stmt"/>
        <line num="60" count="0" type="stmt"/>
        <line num="61" count="0" type="stmt"/>
        <line num="62" count="0" type="stmt"/>
        <line num="63" count="0" type="stmt"/>
        <line num="65" count="0" type="stmt"/>
        <line num="68" count="0" type="stmt"/>
        <line num="69" count="0" type="stmt"/>
        <line num="70" count="0" type="stmt"/>
        <line num="71" count="0" type="stmt"/>
        <line num="72" count="0" type="stmt"/>
        <line num="75" count="0" type="cond" truecount="0" falsecount="2"/>
        <line num="76" count="0" type="cond" truecount="0" falsecount="2"/>
        <line num="78" count="0" type="stmt"/>
      </file>
    </package>
    <package name="hooks.admin">
      <metrics statements="74" coveredstatements="25" conditionals="17" coveredconditionals="0" methods="28" coveredmethods="0"/>
      <file name="useAdminAuditLog.ts" path="/Users/yusefbach/Projekte/studynexus/frontend/src/hooks/admin/useAdminAuditLog.ts">
        <metrics statements="14" coveredstatements="4" conditionals="6" coveredconditionals="0" methods="5" coveredmethods="0"/>
        <line num="3" count="1" type="stmt"/>
        <line num="4" count="1" type="stmt"/>
        <line num="16" count="1" type="stmt"/>
        <line num="17" count="0" type="stmt"/>
        <line num="21" count="0" type="cond" truecount="0" falsecount="1"/>
        <line num="22" count="0" type="cond" truecount="0" falsecount="1"/>
        <line num="23" count="0" type="cond" truecount="0" falsecount="1"/>
        <line num="24" count="0" type="cond" truecount="0" falsecount="1"/>
        <line num="26" count="0" type="stmt"/>
        <line num="36" count="0" type="stmt"/>
        <line num="38" count="0" type="stmt"/>
        <line num="42" count="1" type="stmt"/>
        <line num="43" count="0" type="stmt"/>
        <line num="45" count="0" type="stmt"/>
      </file>
      <file name="useAdminModules.ts" path="/Users/yusefbach/Projekte/studynexus/frontend/src/hooks/admin/useAdminModules.ts">
        <metrics statements="14" coveredstatements="5" conditionals="2" coveredconditionals="0" methods="6" coveredmethods="0"/>
        <line num="3" count="3" type="stmt"/>
        <line num="4" count="3" type="stmt"/>
        <line num="7" count="3" type="stmt"/>
        <line num="8" count="0" type="stmt"/>
        <line num="9" count="0" type="cond" truecount="0" falsecount="1"/>
        <line num="10" count="0" type="cond" truecount="0" falsecount="1"/>
        <line num="12" count="0" type="stmt"/>
        <line num="14" count="0" type="stmt"/>
        <line num="19" count="3" type="stmt"/>
        <line num="20" count="0" type="stmt"/>
        <line num="22" count="0" type="stmt"/>
        <line num="28" count="3" type="stmt"/>
        <line num="29" count="0" type="stmt"/>
        <line num="31" count="0" type="stmt"/>
      </file>
      <file name="useAdminPrograms.ts" path="/Users/yusefbach/Projekte/studynexus/frontend/src/hooks/admin/useAdminPrograms.ts">
        <metrics statements="11" coveredstatements="4" conditionals="2" coveredconditionals="0" methods="4" coveredmethods="0"/>
        <line num="3" count="3" type="stmt"/>
        <line num="4" count="3" type="stmt"/>
        <line num="7" count="3" type="stmt"/>
        <line num="8" count="0" type="stmt"/>
        <line num="9" count="0" type="cond" truecount="0" falsecount="1"/>
        <line num="10" count="0" type="cond" truecount="0" falsecount="1"/>
        <line num="12" count="0" type="stmt"/>
        <line num="14" count="0" type="stmt"/>
        <line num="19" count="3" type="stmt"/>
        <line num="20" count="0" type="stmt"/>
        <line num="22" count="0" type="stmt"/>
      </file>
      <file name="useAdminSystem.ts" path="/Users/yusefbach/Projekte/studynexus/frontend/src/hooks/admin/useAdminSystem.ts">
        <metrics statements="8" coveredstatements="4" conditionals="0" coveredconditionals="0" methods="4" coveredmethods="0"/>
        <line num="3" count="1" type="stmt"/>
        <line num="4" count="1" type="stmt"/>
        <line num="7" count="1" type="stmt"/>
        <line num="8" count="0" type="stmt"/>
        <line num="10" count="0" type="stmt"/>
        <line num="15" count="1" type="stmt"/>
        <line num="16" count="0" type="stmt"/>
        <line num="18" count="0" type="stmt"/>
      </file>
      <file name="useAdminUniversities.ts" path="/Users/yusefbach/Projekte/studynexus/frontend/src/hooks/admin/useAdminUniversities.ts">
        <metrics statements="8" coveredstatements="4" conditionals="0" coveredconditionals="0" methods="4" coveredmethods="0"/>
        <line num="3" count="2" type="stmt"/>
        <line num="4" count="2" type="stmt"/>
        <line num="7" count="2" type="stmt"/>
        <line num="8" count="0" type="stmt"/>
        <line num="10" count="0" type="stmt"/>
        <line num="15" count="2" type="stmt"/>
        <line num="16" count="0" type="stmt"/>
        <line num="18" count="0" type="stmt"/>
      </file>
      <file name="useAdminUser.ts" path="/Users/yusefbach/Projekte/studynexus/frontend/src/hooks/admin/useAdminUser.ts">
        <metrics statements="6" coveredstatements="2" conditionals="1" coveredconditionals="0" methods="2" coveredmethods="0"/>
        <line num="3" count="1" type="stmt"/>
        <line num="6" count="1" type="stmt"/>
        <line num="7" count="0" type="stmt"/>
        <line num="10" count="0" type="stmt"/>
        <line num="11" count="0" type="cond" truecount="0" falsecount="1"/>
        <line num="12" count="0" type="stmt"/>
      </file>
      <file name="useAdminUsers.ts" path="/Users/yusefbach/Projekte/studynexus/frontend/src/hooks/admin/useAdminUsers.ts">
        <metrics statements="13" coveredstatements="2" conditionals="6" coveredconditionals="0" methods="3" coveredmethods="0"/>
        <line num="3" count="1" type="stmt"/>
        <line num="15" count="1" type="stmt"/>
        <line num="16" count="0" type="cond" truecount="0" falsecount="1"/>
        <line num="18" count="0" type="stmt"/>
        <line num="21" count="0" type="stmt"/>
        <line num="22" count="0" type="cond" truecount="0" falsecount="1"/>
        <line num="23" count="0" type="cond" truecount="0" falsecount="1"/>
        <line num="24" count="0" type="cond" truecount="0" falsecount="1"/>
        <line num="25" count="0" type="cond" truecount="0" falsecount="1"/>
        <line num="27" count="0" type="stmt"/>
        <line num="28" count="0" type="cond" truecount="0" falsecount="1"/>
        <line num="29" count="0" type="stmt"/>
        <line num="32" count="0" type="stmt"/>
      </file>
    </package>
    <package name="hooks.queries">
      <metrics statements="39" coveredstatements="37" conditionals="9" coveredconditionals="6" methods="12" coveredmethods="10"/>
      <file name="useAddModule.ts" path="/Users/yusefbach/Projekte/studynexus/frontend/src/hooks/queries/useAddModule.ts">
        <metrics statements="11" coveredstatements="11" conditionals="3" coveredconditionals="2" methods="4" coveredmethods="3"/>
        <line num="3" count="2" type="stmt"/>
        <line num="13" count="28" type="stmt"/>
        <line num="14" count="28" type="stmt"/>
        <line num="16" count="28" type="stmt"/>
        <line num="18" count="3" type="stmt"/>
        <line num="24" count="3" type="cond" truecount="1" falsecount="0"/>
        <line num="25" count="1" type="stmt"/>
        <line num="26" count="1" type="cond" truecount="1" falsecount="1"/>
        <line num="29" count="2" type="stmt"/>
        <line num="32" count="2" type="stmt"/>
        <line num="33" count="2" type="stmt"/>
      </file>
      <file name="useUpdateModule.ts" path="/Users/yusefbach/Projekte/studynexus/frontend/src/hooks/queries/useUpdateModule.ts">
        <metrics statements="14" coveredstatements="12" conditionals="4" coveredconditionals="2" methods="4" coveredmethods="3"/>
        <line num="3" count="2" type="stmt"/>
        <line num="12" count="13" type="stmt"/>
        <line num="13" count="13" type="stmt"/>
        <line num="15" count="13" type="stmt"/>
        <line num="17" count="3" type="stmt"/>
        <line num="23" count="3" type="cond" truecount="0" falsecount="1"/>
        <line num="25" count="0" type="stmt"/>
        <line num="26" count="0" type="stmt"/>
        <line num="29" count="3" type="cond" truecount="1" falsecount="0"/>
        <line num="30" count="1" type="stmt"/>
        <line num="31" count="1" type="cond" truecount="1" falsecount="1"/>
        <line num="34" count="2" type="stmt"/>
        <line num="37" count="2" type="stmt"/>
        <line num="38" count="2" type="stmt"/>
      </file>
      <file name="useUserModules.ts" path="/Users/yusefbach/Projekte/studynexus/frontend/src/hooks/queries/useUserModules.ts">
        <metrics statements="7" coveredstatements="7" conditionals="1" coveredconditionals="1" methods="2" coveredmethods="2"/>
        <line num="3" count="1" type="stmt"/>
        <line num="6" count="22" type="stmt"/>
        <line num="7" count="22" type="stmt"/>
        <line num="10" count="11" type="stmt"/>
        <line num="11" count="11" type="cond" truecount="1" falsecount="0"/>
        <line num="12" count="1" type="stmt"/>
        <line num="14" count="10" type="stmt"/>
      </file>
      <file name="useUserStats.ts" path="/Users/yusefbach/Projekte/studynexus/frontend/src/hooks/queries/useUserStats.ts">
        <metrics statements="7" coveredstatements="7" conditionals="1" coveredconditionals="1" methods="2" coveredmethods="2"/>
        <line num="3" count="2" type="stmt"/>
        <line num="6" count="33" type="stmt"/>
        <line num="7" count="33" type="stmt"/>
        <line num="10" count="17" type="stmt"/>
        <line num="11" count="17" type="cond" truecount="1" falsecount="0"/>
        <line num="12" count="2" type="stmt"/>
        <line num="14" count="15" type="stmt"/>
      </file>
    </package>
    <package name="lib">
      <metrics statements="60" coveredstatements="20" conditionals="20" coveredconditionals="3" methods="8" coveredmethods="3"/>
      <file name="adminFetch.ts" path="/Users/yusefbach/Projekte/studynexus/frontend/src/lib/adminFetch.ts">
        <metrics statements="13" coveredstatements="2" conditionals="7" coveredconditionals="0" methods="2" coveredmethods="0"/>
        <line num="6" count="8" type="stmt"/>
        <line num="7" count="0" type="stmt"/>
        <line num="8" count="0" type="stmt"/>
        <line num="9" count="0" type="cond" truecount="0" falsecount="1"/>
        <line num="10" count="0" type="stmt"/>
        <line num="13" count="8" type="stmt"/>
        <line num="18" count="0" type="stmt"/>
        <line num="19" count="0" type="stmt"/>
        <line num="23" count="0" type="cond" truecount="0" falsecount="1"/>
        <line num="25" count="0" type="stmt"/>
        <line num="31" count="0" type="cond" truecount="0" falsecount="1"/>
        <line num="32" count="0" type="cond" truecount="0" falsecount="1"/>
        <line num="33" count="0" type="stmt"/>
      </file>
      <file name="semesterUtils.ts" path="/Users/yusefbach/Projekte/studynexus/frontend/src/lib/semesterUtils.ts">
        <metrics statements="43" coveredstatements="14" conditionals="13" coveredconditionals="3" methods="5" coveredmethods="2"/>
        <line num="10" count="0" type="stmt"/>
        <line num="11" count="0" type="cond" truecount="0" falsecount="1"/>
        <line num="12" count="0" type="stmt"/>
        <line num="13" count="0" type="stmt"/>
        <line num="16" count="0" type="stmt"/>
        <line num="17" count="0" type="stmt"/>
        <line num="21" count="0" type="stmt"/>
        <line num="22" count="0" type="stmt"/>
        <line num="23" count="0" type="stmt"/>
        <line num="24" count="0" type="stmt"/>
        <line num="25" count="0" type="cond" truecount="0" falsecount="3"/>
        <line num="26" count="0" type="stmt"/>
        <line num="28" count="0" type="cond" truecount="0" falsecount="1"/>
        <line num="29" count="0" type="stmt"/>
        <line num="32" count="0" type="stmt"/>
        <line num="39" count="290" type="stmt"/>
        <line num="40" count="290" type="cond" truecount="1" falsecount="0"/>
        <line num="41" count="145" type="stmt"/>
        <line num="42" count="145" type="cond" truecount="1" falsecount="1"/>
        <line num="44" count="145" type="stmt"/>
        <line num="45" count="145" type="cond" truecount="1" falsecount="1"/>
        <line num="53" count="0" type="stmt"/>
        <line num="54" count="0" type="stmt"/>
        <line num="55" count="0" type="stmt"/>
        <line num="56" count="0" type="stmt"/>
        <line num="58" count="0" type="cond" truecount="0" falsecount="1"/>
        <line num="60" count="0" type="stmt"/>
        <line num="61" count="0" type="stmt"/>
        <line num="62" count="0" type="stmt"/>
        <line num="63" count="0" type="stmt"/>
        <line num="64" count="0" type="stmt"/>
        <line num="65" count="0" type="cond" truecount="0" falsecount="2"/>
        <line num="67" count="0" type="stmt"/>
        <line num="70" count="0" type="stmt"/>
        <line num="73" count="0" type="stmt"/>
        <line num="80" count="1" type="stmt"/>
        <line num="81" count="1" type="stmt"/>
        <line num="82" count="1" type="stmt"/>
        <line num="83" count="1" type="stmt"/>
        <line num="85" count="1" type="stmt"/>
        <line num="86" count="5" type="stmt"/>
        <line num="87" count="5" type="stmt"/>
        <line num="89" count="1" type="stmt"/>
      </file>
      <file name="utils.ts" path="/Users/yusefbach/Projekte/studynexus/frontend/src/lib/utils.ts">
        <metrics statements="4" coveredstatements="4" conditionals="0" coveredconditionals="0" methods="1" coveredmethods="1"/>
        <line num="1" count="22" type="stmt"/>
        <line num="2" count="22" type="stmt"/>
        <line num="4" count="3211" type="stmt"/>
        <line num="5" count="3211" type="stmt"/>
      </file>
    </package>
  </project>
</coverage>
