{"/Users/yusefbach/Projekte/studynexus/frontend/src/app/[locale]/admin/page.tsx": {"path":"/Users/yusefbach/Projekte/studynexus/frontend/src/app/[locale]/admin/page.tsx","statementMap":{"0":{"start":{"line":48,"column":24},"end":{"line":48,"column":43}},"1":{"start":{"line":3,"column":36},"end":{"line":3,"column":null}},"2":{"start":{"line":13,"column":7},"end":{"line":13,"column":null}},"3":{"start":{"line":14,"column":17},"end":{"line":14,"column":null}},"4":{"start":{"line":15,"column":32},"end":{"line":15,"column":null}},"5":{"start":{"line":16,"column":24},"end":{"line":16,"column":null}},"6":{"start":{"line":17,"column":28},"end":{"line":17,"column":null}},"7":{"start":{"line":18,"column":32},"end":{"line":18,"column":null}},"8":{"start":{"line":49,"column":12},"end":{"line":49,"column":null}},"9":{"start":{"line":50,"column":20},"end":{"line":50,"column":null}},"10":{"start":{"line":51,"column":28},"end":{"line":51,"column":null}},"11":{"start":{"line":52,"column":30},"end":{"line":52,"column":null}},"12":{"start":{"line":53,"column":42},"end":{"line":53,"column":null}},"13":{"start":{"line":54,"column":44},"end":{"line":54,"column":null}},"14":{"start":{"line":56,"column":2},"end":{"line":69,"column":null}},"15":{"start":{"line":57,"column":33},"end":{"line":57,"column":null}},"16":{"start":{"line":58,"column":4},"end":{"line":58,"column":null}},"17":{"start":{"line":58,"column":15},"end":{"line":58,"column":null}},"18":{"start":{"line":60,"column":4},"end":{"line":63,"column":null}},"19":{"start":{"line":61,"column":19},"end":{"line":61,"column":null}},"20":{"start":{"line":62,"column":19},"end":{"line":62,"column":null}},"21":{"start":{"line":63,"column":21},"end":{"line":63,"column":null}},"22":{"start":{"line":65,"column":4},"end":{"line":68,"column":null}},"23":{"start":{"line":66,"column":19},"end":{"line":66,"column":null}},"24":{"start":{"line":67,"column":19},"end":{"line":67,"column":null}},"25":{"start":{"line":68,"column":21},"end":{"line":68,"column":null}},"26":{"start":{"line":71,"column":20},"end":{"line":71,"column":84}},"27":{"start":{"line":71,"column":45},"end":{"line":71,"column":82}},"28":{"start":{"line":164,"column":12},"end":{"line":165,"column":null}}},"fnMap":{"0":{"name":"AdminDashboardPage","decl":{"start":{"line":48,"column":24},"end":{"line":48,"column":43}},"loc":{"start":{"line":48,"column":72},"end":{"line":180,"column":null}}},"1":{"name":"(anonymous_3)","decl":{"start":{"line":56,"column":12},"end":{"line":56,"column":null}},"loc":{"start":{"line":56,"column":12},"end":{"line":69,"column":5}}},"2":{"name":"(anonymous_4)","decl":{"start":{"line":61,"column":12},"end":{"line":61,"column":13}},"loc":{"start":{"line":61,"column":19},"end":{"line":61,"column":null}}},"3":{"name":"(anonymous_5)","decl":{"start":{"line":62,"column":12},"end":{"line":62,"column":13}},"loc":{"start":{"line":62,"column":19},"end":{"line":62,"column":null}}},"4":{"name":"(anonymous_6)","decl":{"start":{"line":63,"column":15},"end":{"line":63,"column":21}},"loc":{"start":{"line":63,"column":21},"end":{"line":63,"column":null}}},"5":{"name":"(anonymous_7)","decl":{"start":{"line":66,"column":12},"end":{"line":66,"column":13}},"loc":{"start":{"line":66,"column":19},"end":{"line":66,"column":null}}},"6":{"name":"(anonymous_8)","decl":{"start":{"line":67,"column":12},"end":{"line":67,"column":13}},"loc":{"start":{"line":67,"column":19},"end":{"line":67,"column":null}}},"7":{"name":"(anonymous_9)","decl":{"start":{"line":68,"column":15},"end":{"line":68,"column":21}},"loc":{"start":{"line":68,"column":21},"end":{"line":68,"column":null}}},"8":{"name":"(anonymous_10)","decl":{"start":{"line":71,"column":37},"end":{"line":71,"column":38}},"loc":{"start":{"line":71,"column":45},"end":{"line":71,"column":82}}},"9":{"name":"(anonymous_11)","decl":{"start":{"line":163,"column":16},"end":{"line":163,"column":17}},"loc":{"start":{"line":164,"column":12},"end":{"line":165,"column":null}}}},"branchMap":{"0":{"loc":{"start":{"line":58,"column":4},"end":{"line":58,"column":null}},"type":"if","locations":[{"start":{"line":58,"column":4},"end":{"line":58,"column":null}}]},"1":{"loc":{"start":{"line":61,"column":19},"end":{"line":61,"column":null}},"type":"cond-expr","locations":[{"start":{"line":61,"column":26},"end":{"line":61,"column":37}},{"start":{"line":61,"column":37},"end":{"line":61,"column":null}}]},"2":{"loc":{"start":{"line":66,"column":19},"end":{"line":66,"column":null}},"type":"cond-expr","locations":[{"start":{"line":66,"column":26},"end":{"line":66,"column":37}},{"start":{"line":66,"column":37},"end":{"line":66,"column":null}}]},"3":{"loc":{"start":{"line":71,"column":20},"end":{"line":71,"column":84}},"type":"binary-expr","locations":[{"start":{"line":71,"column":20},"end":{"line":71,"column":82}},{"start":{"line":71,"column":82},"end":{"line":71,"column":84}}]},"4":{"loc":{"start":{"line":85,"column":17},"end":{"line":85,"column":null}},"type":"binary-expr","locations":[{"start":{"line":85,"column":17},"end":{"line":85,"column":39}},{"start":{"line":85,"column":39},"end":{"line":85,"column":null}}]},"5":{"loc":{"start":{"line":87,"column":39},"end":{"line":87,"column":75}},"type":"binary-expr","locations":[{"start":{"line":87,"column":39},"end":{"line":87,"column":73}},{"start":{"line":87,"column":73},"end":{"line":87,"column":75}}]},"6":{"loc":{"start":{"line":92,"column":17},"end":{"line":92,"column":null}},"type":"binary-expr","locations":[{"start":{"line":92,"column":17},"end":{"line":92,"column":44}},{"start":{"line":92,"column":44},"end":{"line":92,"column":null}}]},"7":{"loc":{"start":{"line":94,"column":41},"end":{"line":94,"column":76}},"type":"binary-expr","locations":[{"start":{"line":94,"column":41},"end":{"line":94,"column":74}},{"start":{"line":94,"column":74},"end":{"line":94,"column":76}}]},"8":{"loc":{"start":{"line":99,"column":17},"end":{"line":99,"column":null}},"type":"binary-expr","locations":[{"start":{"line":99,"column":17},"end":{"line":99,"column":41}},{"start":{"line":99,"column":41},"end":{"line":99,"column":null}}]},"9":{"loc":{"start":{"line":105,"column":17},"end":{"line":105,"column":null}},"type":"binary-expr","locations":[{"start":{"line":105,"column":17},"end":{"line":105,"column":48}},{"start":{"line":105,"column":48},"end":{"line":105,"column":null}}]},"10":{"loc":{"start":{"line":107,"column":39},"end":{"line":107,"column":73}},"type":"binary-expr","locations":[{"start":{"line":107,"column":39},"end":{"line":107,"column":71}},{"start":{"line":107,"column":71},"end":{"line":107,"column":73}}]},"11":{"loc":{"start":{"line":117,"column":13},"end":{"line":117,"column":null}},"type":"cond-expr","locations":[{"start":{"line":117,"column":22},"end":{"line":117,"column":75}},{"start":{"line":117,"column":75},"end":{"line":117,"column":null}}]},"12":{"loc":{"start":{"line":127,"column":17},"end":{"line":127,"column":null}},"type":"binary-expr","locations":[{"start":{"line":127,"column":17},"end":{"line":127,"column":46}},{"start":{"line":127,"column":46},"end":{"line":127,"column":null}}]},"13":{"loc":{"start":{"line":133,"column":17},"end":{"line":133,"column":null}},"type":"binary-expr","locations":[{"start":{"line":133,"column":17},"end":{"line":133,"column":42}},{"start":{"line":133,"column":42},"end":{"line":133,"column":null}}]},"14":{"loc":{"start":{"line":139,"column":17},"end":{"line":139,"column":null}},"type":"binary-expr","locations":[{"start":{"line":139,"column":17},"end":{"line":139,"column":41}},{"start":{"line":139,"column":41},"end":{"line":139,"column":null}}]},"15":{"loc":{"start":{"line":147,"column":7},"end":{"line":147,"column":null}},"type":"binary-expr","locations":[{"start":{"line":147,"column":7},"end":{"line":147,"column":null}}]}},"s":{"0":2,"1":1,"2":1,"3":1,"4":1,"5":1,"6":1,"7":1,"8":4,"9":4,"10":4,"11":4,"12":4,"13":4,"14":4,"15":2,"16":2,"17":2,"18":2,"19":2,"20":2,"21":2,"22":2,"23":2,"24":2,"25":2,"26":4,"27":1,"28":16},"f":{"0":4,"1":2,"2":2,"3":2,"4":2,"5":2,"6":2,"7":2,"8":1,"9":16},"b":{"0":[2],"1":[1,1],"2":[1,1],"3":[4,3],"4":[4,3],"5":[4,3],"6":[4,3],"7":[4,3],"8":[4,3],"9":[4,3],"10":[4,3],"11":[1,3],"12":[4,3],"13":[4,3],"14":[4,3],"15":[4]}}
,"/Users/yusefbach/Projekte/studynexus/frontend/src/app/[locale]/admin/audit-log/page.tsx": {"path":"/Users/yusefbach/Projekte/studynexus/frontend/src/app/[locale]/admin/audit-log/page.tsx","statementMap":{"0":{"start":{"line":112,"column":24},"end":{"line":112,"column":null}},"1":{"start":{"line":3,"column":25},"end":{"line":3,"column":null}},"2":{"start":{"line":4,"column":43},"end":{"line":4,"column":null}},"3":{"start":{"line":5,"column":31},"end":{"line":5,"column":null}},"4":{"start":{"line":21,"column":7},"end":{"line":21,"column":null}},"5":{"start":{"line":22,"column":23},"end":{"line":22,"column":null}},"6":{"start":{"line":23,"column":34},"end":{"line":23,"column":null}},"7":{"start":{"line":31,"column":4},"end":{"line":40,"column":null}},"8":{"start":{"line":43,"column":16},"end":{"line":46,"column":null}},"9":{"start":{"line":47,"column":19},"end":{"line":47,"column":null}},"10":{"start":{"line":71,"column":2},"end":{"line":71,"column":null}},"11":{"start":{"line":71,"column":32},"end":{"line":71,"column":null}},"12":{"start":{"line":72,"column":15},"end":{"line":76,"column":null}},"13":{"start":{"line":78,"column":2},"end":{"line":78,"column":null}},"14":{"start":{"line":78,"column":25},"end":{"line":78,"column":null}},"15":{"start":{"line":82,"column":21},"end":{"line":82,"column":35}},"16":{"start":{"line":83,"column":21},"end":{"line":83,"column":35}},"17":{"start":{"line":84,"column":8},"end":{"line":84,"column":null}},"18":{"start":{"line":84,"column":27},"end":{"line":84,"column":null}},"19":{"start":{"line":85,"column":8},"end":{"line":86,"column":23}},"20":{"start":{"line":107,"column":21},"end":{"line":107,"column":null}},"21":{"start":{"line":108,"column":31},"end":{"line":108,"column":null}},"22":{"start":{"line":113,"column":12},"end":{"line":113,"column":null}},"23":{"start":{"line":114,"column":17},"end":{"line":114,"column":null}},"24":{"start":{"line":115,"column":13},"end":{"line":115,"column":null}},"25":{"start":{"line":117,"column":26},"end":{"line":117,"column":null}},"26":{"start":{"line":118,"column":38},"end":{"line":118,"column":null}},"27":{"start":{"line":119,"column":30},"end":{"line":119,"column":null}},"28":{"start":{"line":120,"column":34},"end":{"line":120,"column":null}},"29":{"start":{"line":121,"column":30},"end":{"line":121,"column":null}},"30":{"start":{"line":123,"column":37},"end":{"line":130,"column":null}},"31":{"start":{"line":133,"column":4},"end":{"line":133,"column":null}},"32":{"start":{"line":134,"column":4},"end":{"line":134,"column":null}},"33":{"start":{"line":135,"column":4},"end":{"line":135,"column":null}},"34":{"start":{"line":136,"column":4},"end":{"line":136,"column":null}},"35":{"start":{"line":137,"column":4},"end":{"line":137,"column":null}},"36":{"start":{"line":141,"column":4},"end":{"line":141,"column":null}},"37":{"start":{"line":154,"column":25},"end":{"line":154,"column":null}},"38":{"start":{"line":169,"column":31},"end":{"line":169,"column":62}},"39":{"start":{"line":169,"column":62},"end":{"line":169,"column":74}},"40":{"start":{"line":174,"column":14},"end":{"line":174,"column":31}},"41":{"start":{"line":185,"column":31},"end":{"line":185,"column":58}},"42":{"start":{"line":185,"column":58},"end":{"line":185,"column":70}},"43":{"start":{"line":190,"column":14},"end":{"line":190,"column":30}},"44":{"start":{"line":202,"column":31},"end":{"line":202,"column":60}},"45":{"start":{"line":202,"column":60},"end":{"line":202,"column":72}},"46":{"start":{"line":214,"column":31},"end":{"line":214,"column":58}},"47":{"start":{"line":214,"column":58},"end":{"line":214,"column":70}},"48":{"start":{"line":264,"column":28},"end":{"line":270,"column":null}},"49":{"start":{"line":272,"column":12},"end":{"line":274,"column":null}},"50":{"start":{"line":332,"column":27},"end":{"line":332,"column":null}},"51":{"start":{"line":332,"column":42},"end":{"line":332,"column":null}},"52":{"start":{"line":344,"column":27},"end":{"line":344,"column":null}},"53":{"start":{"line":344,"column":42},"end":{"line":344,"column":null}}},"fnMap":{"0":{"name":"ActionBadge","decl":{"start":{"line":42,"column":9},"end":{"line":42,"column":21}},"loc":{"start":{"line":42,"column":73},"end":{"line":56,"column":null}}},"1":{"name":"DiffBlock","decl":{"start":{"line":60,"column":9},"end":{"line":60,"column":19}},"loc":{"start":{"line":70,"column":1},"end":{"line":103,"column":null}}},"2":{"name":"(anonymous_3)","decl":{"start":{"line":81,"column":16},"end":{"line":81,"column":17}},"loc":{"start":{"line":81,"column":17},"end":{"line":100,"column":null}}},"3":{"name":"AdminAuditLogPage","decl":{"start":{"line":112,"column":24},"end":{"line":112,"column":null}},"loc":{"start":{"line":112,"column":24},"end":{"line":354,"column":null}}},"4":{"name":"resetFilters","decl":{"start":{"line":132,"column":11},"end":{"line":132,"column":null}},"loc":{"start":{"line":132,"column":11},"end":{"line":138,"column":null}}},"5":{"name":"(anonymous_6)","decl":{"start":{"line":154,"column":19},"end":{"line":154,"column":25}},"loc":{"start":{"line":154,"column":25},"end":{"line":154,"column":null}}},"6":{"name":"(anonymous_7)","decl":{"start":{"line":169,"column":22},"end":{"line":169,"column":23}},"loc":{"start":{"line":169,"column":23},"end":{"line":169,"column":null}}},"7":{"name":"(anonymous_8)","decl":{"start":{"line":173,"column":30},"end":{"line":173,"column":31}},"loc":{"start":{"line":174,"column":14},"end":{"line":174,"column":31}}},"8":{"name":"(anonymous_9)","decl":{"start":{"line":185,"column":22},"end":{"line":185,"column":23}},"loc":{"start":{"line":185,"column":23},"end":{"line":185,"column":null}}},"9":{"name":"(anonymous_10)","decl":{"start":{"line":189,"column":25},"end":{"line":189,"column":26}},"loc":{"start":{"line":190,"column":14},"end":{"line":190,"column":30}}},"10":{"name":"(anonymous_11)","decl":{"start":{"line":202,"column":22},"end":{"line":202,"column":23}},"loc":{"start":{"line":202,"column":23},"end":{"line":202,"column":null}}},"11":{"name":"(anonymous_12)","decl":{"start":{"line":214,"column":22},"end":{"line":214,"column":23}},"loc":{"start":{"line":214,"column":23},"end":{"line":214,"column":null}}},"12":{"name":"(anonymous_13)","decl":{"start":{"line":263,"column":26},"end":{"line":263,"column":27}},"loc":{"start":{"line":263,"column":27},"end":{"line":322,"column":null}}},"13":{"name":"(anonymous_14)","decl":{"start":{"line":332,"column":21},"end":{"line":332,"column":27}},"loc":{"start":{"line":332,"column":27},"end":{"line":332,"column":null}}},"14":{"name":"(anonymous_15)","decl":{"start":{"line":332,"column":35},"end":{"line":332,"column":36}},"loc":{"start":{"line":332,"column":42},"end":{"line":332,"column":null}}},"15":{"name":"(anonymous_16)","decl":{"start":{"line":344,"column":21},"end":{"line":344,"column":27}},"loc":{"start":{"line":344,"column":27},"end":{"line":344,"column":null}}},"16":{"name":"(anonymous_17)","decl":{"start":{"line":344,"column":35},"end":{"line":344,"column":36}},"loc":{"start":{"line":344,"column":42},"end":{"line":344,"column":null}}}},"branchMap":{"0":{"loc":{"start":{"line":43,"column":16},"end":{"line":46,"column":null}},"type":"binary-expr","locations":[{"start":{"line":43,"column":16},"end":{"line":43,"column":52}},{"start":{"line":43,"column":56},"end":{"line":46,"column":null}}]},"1":{"loc":{"start":{"line":71,"column":2},"end":{"line":71,"column":null}},"type":"if","locations":[{"start":{"line":71,"column":2},"end":{"line":71,"column":null}}]},"2":{"loc":{"start":{"line":71,"column":6},"end":{"line":71,"column":32}},"type":"binary-expr","locations":[{"start":{"line":71,"column":6},"end":{"line":71,"column":20}},{"start":{"line":71,"column":20},"end":{"line":71,"column":32}}]},"3":{"loc":{"start":{"line":74,"column":21},"end":{"line":74,"column":null}},"type":"binary-expr","locations":[{"start":{"line":74,"column":21},"end":{"line":74,"column":34}},{"start":{"line":74,"column":34},"end":{"line":74,"column":null}}]},"4":{"loc":{"start":{"line":75,"column":21},"end":{"line":75,"column":null}},"type":"binary-expr","locations":[{"start":{"line":75,"column":21},"end":{"line":75,"column":34}},{"start":{"line":75,"column":34},"end":{"line":75,"column":null}}]},"5":{"loc":{"start":{"line":78,"column":2},"end":{"line":78,"column":null}},"type":"if","locations":[{"start":{"line":78,"column":2},"end":{"line":78,"column":null}}]},"6":{"loc":{"start":{"line":84,"column":8},"end":{"line":84,"column":null}},"type":"if","locations":[{"start":{"line":84,"column":8},"end":{"line":84,"column":null}}]},"7":{"loc":{"start":{"line":88,"column":13},"end":{"line":88,"column":null}},"type":"binary-expr","locations":[{"start":{"line":88,"column":13},"end":{"line":88,"column":null}}]},"8":{"loc":{"start":{"line":93,"column":13},"end":{"line":93,"column":null}},"type":"binary-expr","locations":[{"start":{"line":93,"column":13},"end":{"line":93,"column":null}}]},"9":{"loc":{"start":{"line":126,"column":17},"end":{"line":126,"column":null}},"type":"binary-expr","locations":[{"start":{"line":126,"column":17},"end":{"line":126,"column":31}},{"start":{"line":126,"column":31},"end":{"line":126,"column":null}}]},"10":{"loc":{"start":{"line":127,"column":12},"end":{"line":127,"column":null}},"type":"binary-expr","locations":[{"start":{"line":127,"column":12},"end":{"line":127,"column":22}},{"start":{"line":127,"column":22},"end":{"line":127,"column":null}}]},"11":{"loc":{"start":{"line":128,"column":15},"end":{"line":128,"column":null}},"type":"binary-expr","locations":[{"start":{"line":128,"column":15},"end":{"line":128,"column":27}},{"start":{"line":128,"column":27},"end":{"line":128,"column":null}}]},"12":{"loc":{"start":{"line":129,"column":13},"end":{"line":129,"column":null}},"type":"binary-expr","locations":[{"start":{"line":129,"column":13},"end":{"line":129,"column":23}},{"start":{"line":129,"column":23},"end":{"line":129,"column":null}}]},"13":{"loc":{"start":{"line":219,"column":10},"end":{"line":219,"column":24}},"type":"binary-expr","locations":[{"start":{"line":219,"column":10},"end":{"line":219,"column":24}},{"start":{"line":219,"column":24},"end":{"line":219,"column":34}},{"start":{"line":219,"column":34},"end":{"line":219,"column":46}},{"start":{"line":219,"column":46},"end":{"line":219,"column":51}}]},"14":{"loc":{"start":{"line":229,"column":7},"end":{"line":229,"column":null}},"type":"binary-expr","locations":[{"start":{"line":229,"column":7},"end":{"line":229,"column":null}}]},"15":{"loc":{"start":{"line":236,"column":7},"end":{"line":236,"column":null}},"type":"binary-expr","locations":[{"start":{"line":236,"column":7},"end":{"line":236,"column":null}}]},"16":{"loc":{"start":{"line":243,"column":7},"end":{"line":243,"column":null}},"type":"binary-expr","locations":[{"start":{"line":243,"column":7},"end":{"line":243,"column":null}}]},"17":{"loc":{"start":{"line":250,"column":7},"end":{"line":250,"column":21}},"type":"binary-expr","locations":[{"start":{"line":250,"column":7},"end":{"line":250,"column":21}},{"start":{"line":250,"column":21},"end":{"line":250,"column":31}},{"start":{"line":250,"column":31},"end":{"line":250,"column":null}}]},"18":{"loc":{"start":{"line":258,"column":7},"end":{"line":258,"column":21}},"type":"binary-expr","locations":[{"start":{"line":258,"column":7},"end":{"line":258,"column":21}},{"start":{"line":258,"column":21},"end":{"line":258,"column":31}},{"start":{"line":258,"column":31},"end":{"line":258,"column":39}},{"start":{"line":258,"column":39},"end":{"line":258,"column":null}}]},"19":{"loc":{"start":{"line":293,"column":23},"end":{"line":293,"column":41}},"type":"binary-expr","locations":[{"start":{"line":293,"column":23},"end":{"line":293,"column":41}}]},"20":{"loc":{"start":{"line":304,"column":21},"end":{"line":304,"column":37}},"type":"binary-expr","locations":[{"start":{"line":304,"column":21},"end":{"line":304,"column":37}}]},"21":{"loc":{"start":{"line":307,"column":19},"end":{"line":307,"column":31}},"type":"binary-expr","locations":[{"start":{"line":307,"column":19},"end":{"line":307,"column":31}}]},"22":{"loc":{"start":{"line":327,"column":7},"end":{"line":327,"column":15}},"type":"binary-expr","locations":[{"start":{"line":327,"column":7},"end":{"line":327,"column":15}},{"start":{"line":327,"column":15},"end":{"line":327,"column":null}}]}},"s":{"0":10,"1":1,"2":1,"3":1,"4":1,"5":1,"6":1,"7":1,"8":62,"9":62,"10":62,"11":25,"12":37,"13":37,"14":1,"15":60,"16":60,"17":60,"18":12,"19":48,"20":1,"21":1,"22":17,"23":17,"24":17,"25":17,"26":17,"27":17,"28":17,"29":17,"30":17,"31":1,"32":1,"33":1,"34":1,"35":1,"36":17,"37":1,"38":1,"39":1,"40":119,"41":1,"42":1,"43":136,"44":1,"45":1,"46":1,"47":1,"48":62,"49":62,"50":1,"51":1,"52":1,"53":1},"f":{"0":62,"1":62,"2":60,"3":17,"4":1,"5":1,"6":1,"7":119,"8":1,"9":136,"10":1,"11":1,"12":62,"13":1,"14":1,"15":1,"16":1},"b":{"0":[62,12],"1":[25],"2":[62,37],"3":[37,12],"4":[37,12],"5":[1],"6":[12],"7":[48],"8":[48],"9":[17,13],"10":[17,14],"11":[17,15],"12":[17,16],"13":[17,13,13,13],"14":[17],"15":[17],"16":[17],"17":[17,16,15],"18":[17,16,15,15],"19":[62],"20":[62],"21":[62],"22":[17,15]}}
,"/Users/yusefbach/Projekte/studynexus/frontend/src/app/[locale]/admin/exam-regulations/[id]/page.tsx": {"path":"/Users/yusefbach/Projekte/studynexus/frontend/src/app/[locale]/admin/exam-regulations/[id]/page.tsx","statementMap":{"0":{"start":{"line":46,"column":24},"end":{"line":46,"column":47}},"1":{"start":{"line":3,"column":34},"end":{"line":3,"column":null}},"2":{"start":{"line":4,"column":17},"end":{"line":4,"column":null}},"3":{"start":{"line":5,"column":26},"end":{"line":5,"column":null}},"4":{"start":{"line":6,"column":43},"end":{"line":6,"column":null}},"5":{"start":{"line":7,"column":31},"end":{"line":7,"column":null}},"6":{"start":{"line":8,"column":24},"end":{"line":8,"column":null}},"7":{"start":{"line":9,"column":49},"end":{"line":9,"column":null}},"8":{"start":{"line":10,"column":32},"end":{"line":10,"column":null}},"9":{"start":{"line":11,"column":28},"end":{"line":11,"column":null}},"10":{"start":{"line":12,"column":31},"end":{"line":12,"column":null}},"11":{"start":{"line":13,"column":30},"end":{"line":13,"column":null}},"12":{"start":{"line":14,"column":28},"end":{"line":14,"column":null}},"13":{"start":{"line":15,"column":23},"end":{"line":15,"column":null}},"14":{"start":{"line":38,"column":21},"end":{"line":42,"column":null}},"15":{"start":{"line":47,"column":17},"end":{"line":47,"column":null}},"16":{"start":{"line":48,"column":12},"end":{"line":48,"column":null}},"17":{"start":{"line":49,"column":13},"end":{"line":49,"column":null}},"18":{"start":{"line":50,"column":13},"end":{"line":50,"column":null}},"19":{"start":{"line":51,"column":17},"end":{"line":51,"column":null}},"20":{"start":{"line":52,"column":17},"end":{"line":52,"column":null}},"21":{"start":{"line":53,"column":13},"end":{"line":53,"column":null}},"22":{"start":{"line":54,"column":42},"end":{"line":54,"column":null}},"23":{"start":{"line":56,"column":61},"end":{"line":56,"column":null}},"24":{"start":{"line":57,"column":56},"end":{"line":60,"column":null}},"25":{"start":{"line":63,"column":30},"end":{"line":63,"column":null}},"26":{"start":{"line":64,"column":30},"end":{"line":64,"column":null}},"27":{"start":{"line":67,"column":34},"end":{"line":67,"column":null}},"28":{"start":{"line":68,"column":34},"end":{"line":68,"column":null}},"29":{"start":{"line":69,"column":38},"end":{"line":69,"column":null}},"30":{"start":{"line":72,"column":38},"end":{"line":72,"column":null}},"31":{"start":{"line":73,"column":32},"end":{"line":73,"column":null}},"32":{"start":{"line":74,"column":36},"end":{"line":74,"column":null}},"33":{"start":{"line":77,"column":38},"end":{"line":77,"column":null}},"34":{"start":{"line":78,"column":38},"end":{"line":78,"column":null}},"35":{"start":{"line":79,"column":42},"end":{"line":79,"column":null}},"36":{"start":{"line":80,"column":42},"end":{"line":80,"column":null}},"37":{"start":{"line":81,"column":40},"end":{"line":81,"column":null}},"38":{"start":{"line":84,"column":40},"end":{"line":84,"column":null}},"39":{"start":{"line":85,"column":46},"end":{"line":85,"column":null}},"40":{"start":{"line":87,"column":26},"end":{"line":94,"column":null}},"41":{"start":{"line":88,"column":4},"end":{"line":93,"column":null}},"42":{"start":{"line":89,"column":6},"end":{"line":89,"column":null}},"43":{"start":{"line":89,"column":48},"end":{"line":89,"column":null}},"44":{"start":{"line":90,"column":6},"end":{"line":90,"column":null}},"45":{"start":{"line":90,"column":51},"end":{"line":90,"column":null}},"46":{"start":{"line":91,"column":16},"end":{"line":91,"column":null}},"47":{"start":{"line":92,"column":6},"end":{"line":92,"column":null}},"48":{"start":{"line":97,"column":4},"end":{"line":97,"column":null}},"49":{"start":{"line":97,"column":13},"end":{"line":97,"column":null}},"50":{"start":{"line":98,"column":4},"end":{"line":98,"column":null}},"51":{"start":{"line":99,"column":4},"end":{"line":99,"column":null}},"52":{"start":{"line":103,"column":4},"end":{"line":103,"column":null}},"53":{"start":{"line":104,"column":4},"end":{"line":116,"column":null}},"54":{"start":{"line":105,"column":6},"end":{"line":111,"column":null}},"55":{"start":{"line":112,"column":6},"end":{"line":112,"column":null}},"56":{"start":{"line":113,"column":6},"end":{"line":113,"column":null}},"57":{"start":{"line":115,"column":6},"end":{"line":115,"column":null}},"58":{"start":{"line":120,"column":4},"end":{"line":120,"column":null}},"59":{"start":{"line":120,"column":30},"end":{"line":120,"column":null}},"60":{"start":{"line":121,"column":4},"end":{"line":121,"column":null}},"61":{"start":{"line":122,"column":4},"end":{"line":145,"column":null}},"62":{"start":{"line":123,"column":6},"end":{"line":138,"column":null}},"63":{"start":{"line":139,"column":6},"end":{"line":139,"column":null}},"64":{"start":{"line":140,"column":6},"end":{"line":140,"column":null}},"65":{"start":{"line":141,"column":6},"end":{"line":141,"column":null}},"66":{"start":{"line":142,"column":6},"end":{"line":142,"column":null}},"67":{"start":{"line":144,"column":6},"end":{"line":144,"column":null}},"68":{"start":{"line":149,"column":4},"end":{"line":149,"column":null}},"69":{"start":{"line":150,"column":4},"end":{"line":150,"column":null}},"70":{"start":{"line":152,"column":4},"end":{"line":157,"column":null}},"71":{"start":{"line":153,"column":6},"end":{"line":153,"column":null}},"72":{"start":{"line":155,"column":6},"end":{"line":155,"column":null}},"73":{"start":{"line":156,"column":6},"end":{"line":156,"column":null}},"74":{"start":{"line":158,"column":4},"end":{"line":161,"column":null}},"75":{"start":{"line":159,"column":6},"end":{"line":159,"column":null}},"76":{"start":{"line":160,"column":6},"end":{"line":160,"column":null}},"77":{"start":{"line":162,"column":4},"end":{"line":162,"column":null}},"78":{"start":{"line":163,"column":4},"end":{"line":174,"column":null}},"79":{"start":{"line":164,"column":21},"end":{"line":166,"column":null}},"80":{"start":{"line":168,"column":6},"end":{"line":168,"column":null}},"81":{"start":{"line":169,"column":6},"end":{"line":169,"column":null}},"82":{"start":{"line":170,"column":6},"end":{"line":170,"column":null}},"83":{"start":{"line":171,"column":6},"end":{"line":171,"column":null}},"84":{"start":{"line":173,"column":6},"end":{"line":173,"column":null}},"85":{"start":{"line":178,"column":4},"end":{"line":178,"column":null}},"86":{"start":{"line":178,"column":21},"end":{"line":178,"column":null}},"87":{"start":{"line":179,"column":4},"end":{"line":179,"column":null}},"88":{"start":{"line":180,"column":4},"end":{"line":186,"column":null}},"89":{"start":{"line":181,"column":6},"end":{"line":181,"column":null}},"90":{"start":{"line":182,"column":6},"end":{"line":182,"column":null}},"91":{"start":{"line":183,"column":6},"end":{"line":183,"column":null}},"92":{"start":{"line":185,"column":6},"end":{"line":185,"column":null}},"93":{"start":{"line":190,"column":4},"end":{"line":190,"column":null}},"94":{"start":{"line":190,"column":21},"end":{"line":190,"column":null}},"95":{"start":{"line":191,"column":4},"end":{"line":191,"column":null}},"96":{"start":{"line":192,"column":4},"end":{"line":192,"column":null}},"97":{"start":{"line":195,"column":2},"end":{"line":201,"column":null}},"98":{"start":{"line":203,"column":2},"end":{"line":212,"column":null}},"99":{"start":{"line":207,"column":31},"end":{"line":207,"column":46}},"100":{"start":{"line":214,"column":61},"end":{"line":218,"column":null}},"101":{"start":{"line":280,"column":14},"end":{"line":281,"column":null}},"102":{"start":{"line":282,"column":31},"end":{"line":282,"column":null}},"103":{"start":{"line":296,"column":29},"end":{"line":296,"column":null}},"104":{"start":{"line":301,"column":63},"end":{"line":301,"column":null}},"105":{"start":{"line":304,"column":45},"end":{"line":304,"column":null}},"106":{"start":{"line":314,"column":14},"end":{"line":314,"column":27}},"107":{"start":{"line":335,"column":18},"end":{"line":336,"column":null}},"108":{"start":{"line":337,"column":35},"end":{"line":337,"column":null}},"109":{"start":{"line":375,"column":27},"end":{"line":375,"column":null}},"110":{"start":{"line":386,"column":23},"end":{"line":386,"column":null}},"111":{"start":{"line":397,"column":31},"end":{"line":397,"column":null}},"112":{"start":{"line":397,"column":51},"end":{"line":397,"column":null}},"113":{"start":{"line":406,"column":31},"end":{"line":406,"column":null}},"114":{"start":{"line":406,"column":51},"end":{"line":406,"column":null}},"115":{"start":{"line":415,"column":31},"end":{"line":415,"column":null}},"116":{"start":{"line":415,"column":51},"end":{"line":415,"column":null}},"117":{"start":{"line":426,"column":25},"end":{"line":426,"column":47}},"118":{"start":{"line":426,"column":47},"end":{"line":426,"column":73}},"119":{"start":{"line":438,"column":25},"end":{"line":438,"column":47}},"120":{"start":{"line":438,"column":47},"end":{"line":438,"column":70}},"121":{"start":{"line":438,"column":70},"end":{"line":438,"column":92}},"122":{"start":{"line":438,"column":92},"end":{"line":438,"column":111}},"123":{"start":{"line":448,"column":29},"end":{"line":448,"column":null}},"124":{"start":{"line":467,"column":23},"end":{"line":467,"column":null}},"125":{"start":{"line":477,"column":41},"end":{"line":481,"column":null}},"126":{"start":{"line":504,"column":29},"end":{"line":504,"column":null}},"127":{"start":{"line":504,"column":46},"end":{"line":504,"column":null}},"128":{"start":{"line":514,"column":29},"end":{"line":514,"column":null}},"129":{"start":{"line":514,"column":46},"end":{"line":514,"column":null}},"130":{"start":{"line":525,"column":29},"end":{"line":525,"column":null}},"131":{"start":{"line":525,"column":46},"end":{"line":525,"column":null}},"132":{"start":{"line":535,"column":29},"end":{"line":535,"column":null}},"133":{"start":{"line":535,"column":46},"end":{"line":535,"column":null}},"134":{"start":{"line":543,"column":29},"end":{"line":543,"column":null}},"135":{"start":{"line":543,"column":46},"end":{"line":543,"column":null}},"136":{"start":{"line":556,"column":29},"end":{"line":556,"column":null}},"137":{"start":{"line":556,"column":46},"end":{"line":556,"column":null}},"138":{"start":{"line":567,"column":29},"end":{"line":567,"column":null}},"139":{"start":{"line":567,"column":46},"end":{"line":567,"column":null}},"140":{"start":{"line":578,"column":29},"end":{"line":578,"column":null}},"141":{"start":{"line":578,"column":46},"end":{"line":578,"column":null}},"142":{"start":{"line":588,"column":29},"end":{"line":588,"column":null}},"143":{"start":{"line":588,"column":46},"end":{"line":588,"column":null}},"144":{"start":{"line":598,"column":29},"end":{"line":598,"column":null}},"145":{"start":{"line":598,"column":46},"end":{"line":598,"column":null}},"146":{"start":{"line":607,"column":29},"end":{"line":607,"column":null}},"147":{"start":{"line":607,"column":46},"end":{"line":607,"column":null}}},"fnMap":{"0":{"name":"SectionCard","decl":{"start":{"line":20,"column":9},"end":{"line":20,"column":21}},"loc":{"start":{"line":20,"column":86},"end":{"line":27,"column":null}}},"1":{"name":"InfoRow","decl":{"start":{"line":29,"column":9},"end":{"line":29,"column":17}},"loc":{"start":{"line":29,"column":76},"end":{"line":36,"column":null}}},"2":{"name":"AdminExamRegDetailPage","decl":{"start":{"line":46,"column":24},"end":{"line":46,"column":47}},"loc":{"start":{"line":46,"column":64},"end":{"line":474,"column":null}}},"3":{"name":"(anonymous_5)","decl":{"start":{"line":87,"column":34},"end":{"line":87,"column":null}},"loc":{"start":{"line":87,"column":34},"end":{"line":94,"column":5}}},"4":{"name":"(anonymous_6)","decl":{"start":{"line":88,"column":26},"end":{"line":88,"column":27}},"loc":{"start":{"line":88,"column":27},"end":{"line":93,"column":null}}},"5":{"name":"openEdit","decl":{"start":{"line":96,"column":11},"end":{"line":96,"column":null}},"loc":{"start":{"line":96,"column":11},"end":{"line":100,"column":null}}},"6":{"name":"handleEditSave","decl":{"start":{"line":102,"column":17},"end":{"line":102,"column":null}},"loc":{"start":{"line":102,"column":17},"end":{"line":117,"column":null}}},"7":{"name":"handleAddModule","decl":{"start":{"line":119,"column":17},"end":{"line":119,"column":null}},"loc":{"start":{"line":119,"column":17},"end":{"line":146,"column":null}}},"8":{"name":"handleJsonImport","decl":{"start":{"line":148,"column":17},"end":{"line":148,"column":null}},"loc":{"start":{"line":148,"column":17},"end":{"line":175,"column":null}}},"9":{"name":"handleArchive","decl":{"start":{"line":177,"column":17},"end":{"line":177,"column":31}},"loc":{"start":{"line":177,"column":45},"end":{"line":187,"column":null}}},"10":{"name":"handleRestore","decl":{"start":{"line":189,"column":17},"end":{"line":189,"column":null}},"loc":{"start":{"line":189,"column":17},"end":{"line":193,"column":null}}},"11":{"name":"(anonymous_13)","decl":{"start":{"line":207,"column":25},"end":{"line":207,"column":31}},"loc":{"start":{"line":207,"column":31},"end":{"line":207,"column":46}}},"12":{"name":"(anonymous_14)","decl":{"start":{"line":279,"column":28},"end":{"line":279,"column":29}},"loc":{"start":{"line":280,"column":14},"end":{"line":281,"column":null}}},"13":{"name":"(anonymous_15)","decl":{"start":{"line":282,"column":25},"end":{"line":282,"column":31}},"loc":{"start":{"line":282,"column":31},"end":{"line":282,"column":null}}},"14":{"name":"(anonymous_16)","decl":{"start":{"line":296,"column":22},"end":{"line":296,"column":23}},"loc":{"start":{"line":296,"column":29},"end":{"line":296,"column":null}}},"15":{"name":"(anonymous_17)","decl":{"start":{"line":301,"column":57},"end":{"line":301,"column":63}},"loc":{"start":{"line":301,"column":63},"end":{"line":301,"column":null}}},"16":{"name":"(anonymous_18)","decl":{"start":{"line":304,"column":39},"end":{"line":304,"column":45}},"loc":{"start":{"line":304,"column":45},"end":{"line":304,"column":null}}},"17":{"name":"(anonymous_19)","decl":{"start":{"line":313,"column":43},"end":{"line":313,"column":44}},"loc":{"start":{"line":314,"column":14},"end":{"line":314,"column":27}}},"18":{"name":"(anonymous_20)","decl":{"start":{"line":334,"column":37},"end":{"line":334,"column":38}},"loc":{"start":{"line":335,"column":18},"end":{"line":336,"column":null}}},"19":{"name":"(anonymous_21)","decl":{"start":{"line":337,"column":29},"end":{"line":337,"column":35}},"loc":{"start":{"line":337,"column":35},"end":{"line":337,"column":null}}},"20":{"name":"(anonymous_22)","decl":{"start":{"line":375,"column":21},"end":{"line":375,"column":27}},"loc":{"start":{"line":375,"column":27},"end":{"line":375,"column":null}}},"21":{"name":"(anonymous_23)","decl":{"start":{"line":386,"column":17},"end":{"line":386,"column":23}},"loc":{"start":{"line":386,"column":23},"end":{"line":386,"column":null}}},"22":{"name":"(anonymous_24)","decl":{"start":{"line":397,"column":24},"end":{"line":397,"column":25}},"loc":{"start":{"line":397,"column":31},"end":{"line":397,"column":null}}},"23":{"name":"(anonymous_25)","decl":{"start":{"line":397,"column":43},"end":{"line":397,"column":44}},"loc":{"start":{"line":397,"column":51},"end":{"line":397,"column":null}}},"24":{"name":"(anonymous_26)","decl":{"start":{"line":406,"column":24},"end":{"line":406,"column":25}},"loc":{"start":{"line":406,"column":31},"end":{"line":406,"column":null}}},"25":{"name":"(anonymous_27)","decl":{"start":{"line":406,"column":43},"end":{"line":406,"column":44}},"loc":{"start":{"line":406,"column":51},"end":{"line":406,"column":null}}},"26":{"name":"(anonymous_28)","decl":{"start":{"line":415,"column":24},"end":{"line":415,"column":25}},"loc":{"start":{"line":415,"column":31},"end":{"line":415,"column":null}}},"27":{"name":"(anonymous_29)","decl":{"start":{"line":415,"column":43},"end":{"line":415,"column":44}},"loc":{"start":{"line":415,"column":51},"end":{"line":415,"column":null}}},"28":{"name":"(anonymous_30)","decl":{"start":{"line":426,"column":17},"end":{"line":426,"column":25}},"loc":{"start":{"line":426,"column":17},"end":{"line":426,"column":null}}},"29":{"name":"(anonymous_31)","decl":{"start":{"line":438,"column":17},"end":{"line":438,"column":25}},"loc":{"start":{"line":438,"column":17},"end":{"line":438,"column":null}}},"30":{"name":"(anonymous_32)","decl":{"start":{"line":448,"column":22},"end":{"line":448,"column":23}},"loc":{"start":{"line":448,"column":29},"end":{"line":448,"column":null}}},"31":{"name":"(anonymous_33)","decl":{"start":{"line":467,"column":17},"end":{"line":467,"column":23}},"loc":{"start":{"line":467,"column":23},"end":{"line":467,"column":null}}},"32":{"name":"ModulTypBadge","decl":{"start":{"line":476,"column":9},"end":{"line":476,"column":23}},"loc":{"start":{"line":476,"column":65},"end":{"line":487,"column":null}}},"33":{"name":"ModuleFormFields","decl":{"start":{"line":495,"column":9},"end":{"line":495,"column":26}},"loc":{"start":{"line":495,"column":70},"end":{"line":615,"column":null}}},"34":{"name":"(anonymous_36)","decl":{"start":{"line":504,"column":22},"end":{"line":504,"column":23}},"loc":{"start":{"line":504,"column":29},"end":{"line":504,"column":null}}},"35":{"name":"(anonymous_37)","decl":{"start":{"line":504,"column":38},"end":{"line":504,"column":39}},"loc":{"start":{"line":504,"column":46},"end":{"line":504,"column":null}}},"36":{"name":"(anonymous_38)","decl":{"start":{"line":514,"column":22},"end":{"line":514,"column":23}},"loc":{"start":{"line":514,"column":29},"end":{"line":514,"column":null}}},"37":{"name":"(anonymous_39)","decl":{"start":{"line":514,"column":38},"end":{"line":514,"column":39}},"loc":{"start":{"line":514,"column":46},"end":{"line":514,"column":null}}},"38":{"name":"(anonymous_40)","decl":{"start":{"line":525,"column":22},"end":{"line":525,"column":23}},"loc":{"start":{"line":525,"column":29},"end":{"line":525,"column":null}}},"39":{"name":"(anonymous_41)","decl":{"start":{"line":525,"column":38},"end":{"line":525,"column":39}},"loc":{"start":{"line":525,"column":46},"end":{"line":525,"column":null}}},"40":{"name":"(anonymous_42)","decl":{"start":{"line":535,"column":22},"end":{"line":535,"column":23}},"loc":{"start":{"line":535,"column":29},"end":{"line":535,"column":null}}},"41":{"name":"(anonymous_43)","decl":{"start":{"line":535,"column":38},"end":{"line":535,"column":39}},"loc":{"start":{"line":535,"column":46},"end":{"line":535,"column":null}}},"42":{"name":"(anonymous_44)","decl":{"start":{"line":543,"column":22},"end":{"line":543,"column":23}},"loc":{"start":{"line":543,"column":29},"end":{"line":543,"column":null}}},"43":{"name":"(anonymous_45)","decl":{"start":{"line":543,"column":38},"end":{"line":543,"column":39}},"loc":{"start":{"line":543,"column":46},"end":{"line":543,"column":null}}},"44":{"name":"(anonymous_46)","decl":{"start":{"line":556,"column":22},"end":{"line":556,"column":23}},"loc":{"start":{"line":556,"column":29},"end":{"line":556,"column":null}}},"45":{"name":"(anonymous_47)","decl":{"start":{"line":556,"column":38},"end":{"line":556,"column":39}},"loc":{"start":{"line":556,"column":46},"end":{"line":556,"column":null}}},"46":{"name":"(anonymous_48)","decl":{"start":{"line":567,"column":22},"end":{"line":567,"column":23}},"loc":{"start":{"line":567,"column":29},"end":{"line":567,"column":null}}},"47":{"name":"(anonymous_49)","decl":{"start":{"line":567,"column":38},"end":{"line":567,"column":39}},"loc":{"start":{"line":567,"column":46},"end":{"line":567,"column":null}}},"48":{"name":"(anonymous_50)","decl":{"start":{"line":578,"column":22},"end":{"line":578,"column":23}},"loc":{"start":{"line":578,"column":29},"end":{"line":578,"column":null}}},"49":{"name":"(anonymous_51)","decl":{"start":{"line":578,"column":38},"end":{"line":578,"column":39}},"loc":{"start":{"line":578,"column":46},"end":{"line":578,"column":null}}},"50":{"name":"(anonymous_52)","decl":{"start":{"line":588,"column":22},"end":{"line":588,"column":23}},"loc":{"start":{"line":588,"column":29},"end":{"line":588,"column":null}}},"51":{"name":"(anonymous_53)","decl":{"start":{"line":588,"column":38},"end":{"line":588,"column":39}},"loc":{"start":{"line":588,"column":46},"end":{"line":588,"column":null}}},"52":{"name":"(anonymous_54)","decl":{"start":{"line":598,"column":22},"end":{"line":598,"column":23}},"loc":{"start":{"line":598,"column":29},"end":{"line":598,"column":null}}},"53":{"name":"(anonymous_55)","decl":{"start":{"line":598,"column":38},"end":{"line":598,"column":39}},"loc":{"start":{"line":598,"column":46},"end":{"line":598,"column":null}}},"54":{"name":"(anonymous_56)","decl":{"start":{"line":607,"column":22},"end":{"line":607,"column":23}},"loc":{"start":{"line":607,"column":29},"end":{"line":607,"column":null}}},"55":{"name":"(anonymous_57)","decl":{"start":{"line":607,"column":38},"end":{"line":607,"column":39}},"loc":{"start":{"line":607,"column":46},"end":{"line":607,"column":null}}}},"branchMap":{"0":{"loc":{"start":{"line":33,"column":31},"end":{"line":33,"column":null}},"type":"binary-expr","locations":[{"start":{"line":33,"column":31},"end":{"line":33,"column":40}},{"start":{"line":33,"column":40},"end":{"line":33,"column":null}}]},"1":{"loc":{"start":{"line":57,"column":16},"end":{"line":57,"column":28}},"type":"default-arg","locations":[{"start":{"line":57,"column":26},"end":{"line":57,"column":28}}]},"2":{"loc":{"start":{"line":89,"column":6},"end":{"line":89,"column":null}},"type":"if","locations":[{"start":{"line":89,"column":6},"end":{"line":89,"column":null}}]},"3":{"loc":{"start":{"line":89,"column":10},"end":{"line":89,"column":46}},"type":"binary-expr","locations":[{"start":{"line":89,"column":10},"end":{"line":89,"column":33}},{"start":{"line":89,"column":33},"end":{"line":89,"column":46}}]},"4":{"loc":{"start":{"line":90,"column":6},"end":{"line":90,"column":null}},"type":"if","locations":[{"start":{"line":90,"column":6},"end":{"line":90,"column":null}}]},"5":{"loc":{"start":{"line":90,"column":10},"end":{"line":90,"column":49}},"type":"binary-expr","locations":[{"start":{"line":90,"column":10},"end":{"line":90,"column":35}},{"start":{"line":90,"column":35},"end":{"line":90,"column":49}}]},"6":{"loc":{"start":{"line":92,"column":13},"end":{"line":92,"column":null}},"type":"binary-expr","locations":[{"start":{"line":92,"column":13},"end":{"line":92,"column":49}},{"start":{"line":92,"column":49},"end":{"line":92,"column":null}}]},"7":{"loc":{"start":{"line":92,"column":50},"end":{"line":92,"column":64}},"type":"binary-expr","locations":[{"start":{"line":92,"column":50},"end":{"line":92,"column":59}},{"start":{"line":92,"column":63},"end":{"line":92,"column":64}}]},"8":{"loc":{"start":{"line":97,"column":4},"end":{"line":97,"column":null}},"type":"if","locations":[{"start":{"line":97,"column":4},"end":{"line":97,"column":null}}]},"9":{"loc":{"start":{"line":98,"column":51},"end":{"line":98,"column":72}},"type":"binary-expr","locations":[{"start":{"line":98,"column":51},"end":{"line":98,"column":64}},{"start":{"line":98,"column":68},"end":{"line":98,"column":72}}]},"10":{"loc":{"start":{"line":108,"column":22},"end":{"line":108,"column":null}},"type":"binary-expr","locations":[{"start":{"line":108,"column":22},"end":{"line":108,"column":41}},{"start":{"line":108,"column":45},"end":{"line":108,"column":null}}]},"11":{"loc":{"start":{"line":120,"column":4},"end":{"line":120,"column":null}},"type":"if","locations":[{"start":{"line":120,"column":4},"end":{"line":120,"column":null}}]},"12":{"loc":{"start":{"line":127,"column":19},"end":{"line":127,"column":null}},"type":"binary-expr","locations":[{"start":{"line":127,"column":19},"end":{"line":127,"column":34}},{"start":{"line":127,"column":38},"end":{"line":127,"column":null}}]},"13":{"loc":{"start":{"line":128,"column":16},"end":{"line":128,"column":null}},"type":"binary-expr","locations":[{"start":{"line":128,"column":16},"end":{"line":128,"column":42}},{"start":{"line":128,"column":42},"end":{"line":128,"column":null}}]},"14":{"loc":{"start":{"line":129,"column":31},"end":{"line":129,"column":null}},"type":"cond-expr","locations":[{"start":{"line":129,"column":61},"end":{"line":129,"column":101}},{"start":{"line":129,"column":101},"end":{"line":129,"column":null}}]},"15":{"loc":{"start":{"line":132,"column":24},"end":{"line":132,"column":null}},"type":"binary-expr","locations":[{"start":{"line":132,"column":24},"end":{"line":132,"column":58}},{"start":{"line":132,"column":58},"end":{"line":132,"column":null}}]},"16":{"loc":{"start":{"line":133,"column":22},"end":{"line":133,"column":null}},"type":"binary-expr","locations":[{"start":{"line":133,"column":22},"end":{"line":133,"column":56}},{"start":{"line":133,"column":56},"end":{"line":133,"column":null}}]},"17":{"loc":{"start":{"line":135,"column":24},"end":{"line":135,"column":null}},"type":"binary-expr","locations":[{"start":{"line":135,"column":24},"end":{"line":135,"column":44}},{"start":{"line":135,"column":48},"end":{"line":135,"column":null}}]},"18":{"loc":{"start":{"line":136,"column":15},"end":{"line":136,"column":null}},"type":"cond-expr","locations":[{"start":{"line":136,"column":29},"end":{"line":136,"column":53}},{"start":{"line":136,"column":53},"end":{"line":136,"column":null}}]},"19":{"loc":{"start":{"line":158,"column":4},"end":{"line":161,"column":null}},"type":"if","locations":[{"start":{"line":158,"column":4},"end":{"line":161,"column":null}}]},"20":{"loc":{"start":{"line":168,"column":22},"end":{"line":168,"column":null}},"type":"binary-expr","locations":[{"start":{"line":168,"column":22},"end":{"line":168,"column":32}},{"start":{"line":168,"column":32},"end":{"line":168,"column":null}}]},"21":{"loc":{"start":{"line":178,"column":4},"end":{"line":178,"column":null}},"type":"if","locations":[{"start":{"line":178,"column":4},"end":{"line":178,"column":null}}]},"22":{"loc":{"start":{"line":190,"column":4},"end":{"line":190,"column":null}},"type":"if","locations":[{"start":{"line":190,"column":4},"end":{"line":190,"column":null}}]},"23":{"loc":{"start":{"line":195,"column":2},"end":{"line":201,"column":null}},"type":"if","locations":[{"start":{"line":195,"column":2},"end":{"line":201,"column":null}}]},"24":{"loc":{"start":{"line":203,"column":2},"end":{"line":212,"column":null}},"type":"if","locations":[{"start":{"line":203,"column":2},"end":{"line":212,"column":null}}]},"25":{"loc":{"start":{"line":203,"column":6},"end":{"line":203,"column":22}},"type":"binary-expr","locations":[{"start":{"line":203,"column":6},"end":{"line":203,"column":17}},{"start":{"line":203,"column":17},"end":{"line":203,"column":22}}]},"26":{"loc":{"start":{"line":234,"column":15},"end":{"line":234,"column":29}},"type":"binary-expr","locations":[{"start":{"line":234,"column":15},"end":{"line":234,"column":29}}]},"27":{"loc":{"start":{"line":239,"column":15},"end":{"line":239,"column":29}},"type":"binary-expr","locations":[{"start":{"line":239,"column":15},"end":{"line":239,"column":29}}]},"28":{"loc":{"start":{"line":255,"column":49},"end":{"line":255,"column":null}},"type":"binary-expr","locations":[{"start":{"line":255,"column":49},"end":{"line":255,"column":62}},{"start":{"line":255,"column":66},"end":{"line":255,"column":null}}]},"29":{"loc":{"start":{"line":258,"column":19},"end":{"line":258,"column":null}},"type":"cond-expr","locations":[{"start":{"line":258,"column":36},"end":{"line":258,"column":48}},{"start":{"line":258,"column":48},"end":{"line":258,"column":null}}]},"30":{"loc":{"start":{"line":284,"column":18},"end":{"line":286,"column":null}},"type":"cond-expr","locations":[{"start":{"line":285,"column":22},"end":{"line":285,"column":null}},{"start":{"line":286,"column":22},"end":{"line":286,"column":null}}]},"31":{"loc":{"start":{"line":312,"column":10},"end":{"line":317,"column":28}},"type":"cond-expr","locations":[{"start":{"line":312,"column":10},"end":{"line":317,"column":28}}]},"32":{"loc":{"start":{"line":318,"column":10},"end":{"line":320,"column":11}},"type":"cond-expr","locations":[{"start":{"line":318,"column":10},"end":{"line":320,"column":11}}]},"33":{"loc":{"start":{"line":340,"column":89},"end":{"line":340,"column":null}},"type":"binary-expr","locations":[{"start":{"line":340,"column":89},"end":{"line":340,"column":100}},{"start":{"line":340,"column":104},"end":{"line":340,"column":null}}]},"34":{"loc":{"start":{"line":343,"column":94},"end":{"line":343,"column":null}},"type":"binary-expr","locations":[{"start":{"line":343,"column":94},"end":{"line":343,"column":117}},{"start":{"line":343,"column":121},"end":{"line":343,"column":null}}]},"35":{"loc":{"start":{"line":347,"column":92},"end":{"line":347,"column":null}},"type":"binary-expr","locations":[{"start":{"line":347,"column":92},"end":{"line":347,"column":108}},{"start":{"line":347,"column":112},"end":{"line":347,"column":null}}]},"36":{"loc":{"start":{"line":349,"column":23},"end":{"line":349,"column":null}},"type":"cond-expr","locations":[{"start":{"line":349,"column":41},"end":{"line":349,"column":null}},{"start":{"line":349,"column":77},"end":{"line":349,"column":null}}]},"37":{"loc":{"start":{"line":360,"column":26},"end":{"line":360,"column":null}},"type":"cond-expr","locations":[{"start":{"line":360,"column":43},"end":{"line":360,"column":59}},{"start":{"line":360,"column":59},"end":{"line":360,"column":null}}]},"38":{"loc":{"start":{"line":361,"column":9},"end":{"line":361,"column":22}},"type":"binary-expr","locations":[{"start":{"line":361,"column":9},"end":{"line":361,"column":22}}]},"39":{"loc":{"start":{"line":363,"column":10},"end":{"line":372,"column":11}},"type":"cond-expr","locations":[{"start":{"line":363,"column":10},"end":{"line":372,"column":11}}]},"40":{"loc":{"start":{"line":364,"column":13},"end":{"line":364,"column":30}},"type":"binary-expr","locations":[{"start":{"line":364,"column":13},"end":{"line":364,"column":30}}]},"41":{"loc":{"start":{"line":453,"column":11},"end":{"line":453,"column":26}},"type":"binary-expr","locations":[{"start":{"line":453,"column":11},"end":{"line":453,"column":26}}]},"42":{"loc":{"start":{"line":454,"column":11},"end":{"line":454,"column":null}},"type":"binary-expr","locations":[{"start":{"line":454,"column":11},"end":{"line":454,"column":null}}]},"43":{"loc":{"start":{"line":457,"column":15},"end":{"line":457,"column":null}},"type":"binary-expr","locations":[{"start":{"line":457,"column":15},"end":{"line":457,"column":null}}]},"44":{"loc":{"start":{"line":483,"column":74},"end":{"line":483,"column":92}},"type":"binary-expr","locations":[{"start":{"line":483,"column":74},"end":{"line":483,"column":85}},{"start":{"line":483,"column":89},"end":{"line":483,"column":92}}]}},"s":{"0":18,"1":1,"2":1,"3":1,"4":1,"5":1,"6":1,"7":1,"8":1,"9":1,"10":1,"11":1,"12":1,"13":1,"14":1,"15":80,"16":80,"17":80,"18":80,"19":80,"20":80,"21":80,"22":80,"23":80,"24":80,"25":80,"26":80,"27":80,"28":80,"29":80,"30":80,"31":80,"32":80,"33":80,"34":80,"35":80,"36":80,"37":80,"38":80,"39":80,"40":80,"41":23,"42":63,"43":1,"44":62,"45":2,"46":60,"47":60,"48":3,"49":0,"50":3,"51":3,"52":2,"53":2,"54":2,"55":2,"56":2,"57":2,"58":3,"59":1,"60":2,"61":2,"62":2,"63":2,"64":2,"65":2,"66":2,"67":2,"68":4,"69":4,"70":4,"71":4,"72":1,"73":1,"74":3,"75":1,"76":1,"77":2,"78":2,"79":2,"80":2,"81":2,"82":2,"83":2,"84":2,"85":1,"86":0,"87":1,"88":1,"89":1,"90":1,"91":1,"92":1,"93":1,"94":0,"95":1,"96":1,"97":80,"98":79,"99":1,"100":78,"101":234,"102":3,"103":4,"104":3,"105":4,"106":4,"107":217,"108":1,"109":2,"110":1,"111":1,"112":1,"113":2,"114":2,"115":1,"116":1,"117":1,"118":1,"119":1,"120":1,"121":1,"122":1,"123":4,"124":1,"125":217,"126":2,"127":2,"128":1,"129":1,"130":2,"131":2,"132":1,"133":1,"134":1,"135":1,"136":1,"137":1,"138":2,"139":2,"140":2,"141":2,"142":1,"143":1,"144":1,"145":1,"146":1,"147":1},"f":{"0":234,"1":312,"2":80,"3":23,"4":63,"5":3,"6":2,"7":3,"8":4,"9":1,"10":1,"11":1,"12":234,"13":3,"14":4,"15":3,"16":4,"17":4,"18":217,"19":1,"20":2,"21":1,"22":1,"23":1,"24":2,"25":2,"26":1,"27":1,"28":1,"29":1,"30":4,"31":1,"32":217,"33":21,"34":2,"35":2,"36":1,"37":1,"38":2,"39":2,"40":1,"41":1,"42":1,"43":1,"44":1,"45":1,"46":2,"47":2,"48":2,"49":2,"50":1,"51":1,"52":1,"53":1,"54":1,"55":1},"b":{"0":[312,0],"1":[0],"2":[1],"3":[63,3],"4":[2],"5":[62,3],"6":[60,8],"7":[8,4],"8":[0],"9":[3,0],"10":[2,1],"11":[1],"12":[2,1],"13":[2,1],"14":[1,1],"15":[2,1],"16":[2,1],"17":[2,1],"18":[1,1],"19":[1],"20":[2,0],"21":[0],"22":[0],"23":[1],"24":[1],"25":[79,78],"26":[78],"27":[78],"28":[78,0],"29":[78,0],"30":[78,156],"31":[1],"32":[1],"33":[217,71],"34":[217,71],"35":[217,71],"36":[71,146],"37":[2,76],"38":[78],"39":[2],"40":[2],"41":[78],"42":[78],"43":[2],"44":[217,0]}}
,"/Users/yusefbach/Projekte/studynexus/frontend/src/app/[locale]/admin/import/page.tsx": {"path":"/Users/yusefbach/Projekte/studynexus/frontend/src/app/[locale]/admin/import/page.tsx","statementMap":{"0":{"start":{"line":28,"column":24},"end":{"line":28,"column":null}},"1":{"start":{"line":3,"column":34},"end":{"line":3,"column":null}},"2":{"start":{"line":4,"column":32},"end":{"line":4,"column":null}},"3":{"start":{"line":11,"column":7},"end":{"line":11,"column":null}},"4":{"start":{"line":12,"column":23},"end":{"line":12,"column":null}},"5":{"start":{"line":13,"column":32},"end":{"line":13,"column":null}},"6":{"start":{"line":14,"column":28},"end":{"line":14,"column":null}},"7":{"start":{"line":15,"column":33},"end":{"line":15,"column":null}},"8":{"start":{"line":29,"column":12},"end":{"line":29,"column":null}},"9":{"start":{"line":30,"column":32},"end":{"line":30,"column":null}},"10":{"start":{"line":32,"column":34},"end":{"line":32,"column":null}},"11":{"start":{"line":38,"column":36},"end":{"line":38,"column":null}},"12":{"start":{"line":39,"column":34},"end":{"line":39,"column":null}},"13":{"start":{"line":40,"column":38},"end":{"line":40,"column":null}},"14":{"start":{"line":41,"column":32},"end":{"line":41,"column":null}},"15":{"start":{"line":42,"column":36},"end":{"line":42,"column":null}},"16":{"start":{"line":43,"column":30},"end":{"line":43,"column":null}},"17":{"start":{"line":44,"column":40},"end":{"line":44,"column":null}},"18":{"start":{"line":47,"column":4},"end":{"line":47,"column":null}},"19":{"start":{"line":48,"column":4},"end":{"line":48,"column":null}},"20":{"start":{"line":49,"column":4},"end":{"line":49,"column":null}},"21":{"start":{"line":50,"column":4},"end":{"line":50,"column":null}},"22":{"start":{"line":52,"column":4},"end":{"line":55,"column":null}},"23":{"start":{"line":53,"column":6},"end":{"line":53,"column":null}},"24":{"start":{"line":54,"column":6},"end":{"line":54,"column":null}},"25":{"start":{"line":56,"column":4},"end":{"line":65,"column":null}},"26":{"start":{"line":57,"column":21},"end":{"line":57,"column":null}},"27":{"start":{"line":58,"column":6},"end":{"line":61,"column":null}},"28":{"start":{"line":59,"column":8},"end":{"line":59,"column":null}},"29":{"start":{"line":60,"column":8},"end":{"line":60,"column":null}},"30":{"start":{"line":62,"column":6},"end":{"line":62,"column":null}},"31":{"start":{"line":64,"column":6},"end":{"line":64,"column":null}},"32":{"start":{"line":69,"column":4},"end":{"line":69,"column":null}},"33":{"start":{"line":69,"column":39},"end":{"line":69,"column":null}},"34":{"start":{"line":70,"column":4},"end":{"line":70,"column":null}},"35":{"start":{"line":71,"column":4},"end":{"line":71,"column":null}},"36":{"start":{"line":72,"column":4},"end":{"line":72,"column":null}},"37":{"start":{"line":73,"column":4},"end":{"line":86,"column":null}},"38":{"start":{"line":74,"column":18},"end":{"line":77,"column":null}},"39":{"start":{"line":78,"column":6},"end":{"line":78,"column":null}},"40":{"start":{"line":79,"column":6},"end":{"line":79,"column":null}},"41":{"start":{"line":80,"column":6},"end":{"line":80,"column":null}},"42":{"start":{"line":82,"column":18},"end":{"line":82,"column":null}},"43":{"start":{"line":83,"column":6},"end":{"line":83,"column":null}},"44":{"start":{"line":85,"column":6},"end":{"line":85,"column":null}},"45":{"start":{"line":90,"column":4},"end":{"line":90,"column":null}},"46":{"start":{"line":91,"column":4},"end":{"line":91,"column":null}},"47":{"start":{"line":92,"column":4},"end":{"line":92,"column":null}},"48":{"start":{"line":93,"column":4},"end":{"line":93,"column":null}},"49":{"start":{"line":94,"column":4},"end":{"line":94,"column":null}},"50":{"start":{"line":97,"column":20},"end":{"line":97,"column":null}},"51":{"start":{"line":120,"column":29},"end":{"line":120,"column":null}},"52":{"start":{"line":132,"column":31},"end":{"line":132,"column":60}},"53":{"start":{"line":132,"column":60},"end":{"line":132,"column":81}},"54":{"start":{"line":132,"column":81},"end":{"line":132,"column":99}},"55":{"start":{"line":157,"column":18},"end":{"line":157,"column":31}},"56":{"start":{"line":189,"column":18},"end":{"line":189,"column":29}}},"fnMap":{"0":{"name":"AdminImportPage","decl":{"start":{"line":28,"column":24},"end":{"line":28,"column":null}},"loc":{"start":{"line":28,"column":24},"end":{"line":250,"column":null}}},"1":{"name":"handleValidate","decl":{"start":{"line":46,"column":11},"end":{"line":46,"column":null}},"loc":{"start":{"line":46,"column":11},"end":{"line":66,"column":null}}},"2":{"name":"handleImport","decl":{"start":{"line":68,"column":17},"end":{"line":68,"column":null}},"loc":{"start":{"line":68,"column":17},"end":{"line":87,"column":null}}},"3":{"name":"reset","decl":{"start":{"line":89,"column":11},"end":{"line":89,"column":null}},"loc":{"start":{"line":89,"column":11},"end":{"line":95,"column":null}}},"4":{"name":"(anonymous_5)","decl":{"start":{"line":120,"column":22},"end":{"line":120,"column":23}},"loc":{"start":{"line":120,"column":29},"end":{"line":120,"column":null}}},"5":{"name":"(anonymous_6)","decl":{"start":{"line":132,"column":22},"end":{"line":132,"column":23}},"loc":{"start":{"line":132,"column":23},"end":{"line":132,"column":null}}},"6":{"name":"(anonymous_7)","decl":{"start":{"line":156,"column":21},"end":{"line":156,"column":22}},"loc":{"start":{"line":157,"column":18},"end":{"line":157,"column":31}}},"7":{"name":"(anonymous_8)","decl":{"start":{"line":188,"column":35},"end":{"line":188,"column":36}},"loc":{"start":{"line":189,"column":18},"end":{"line":189,"column":29}}}},"branchMap":{"0":{"loc":{"start":{"line":32,"column":16},"end":{"line":32,"column":29}},"type":"default-arg","locations":[{"start":{"line":32,"column":27},"end":{"line":32,"column":29}}]},"1":{"loc":{"start":{"line":52,"column":4},"end":{"line":55,"column":null}},"type":"if","locations":[{"start":{"line":52,"column":4},"end":{"line":55,"column":null}}]},"2":{"loc":{"start":{"line":58,"column":6},"end":{"line":61,"column":null}},"type":"if","locations":[{"start":{"line":58,"column":6},"end":{"line":61,"column":null}}]},"3":{"loc":{"start":{"line":69,"column":4},"end":{"line":69,"column":null}},"type":"if","locations":[{"start":{"line":69,"column":4},"end":{"line":69,"column":null}}]},"4":{"loc":{"start":{"line":69,"column":8},"end":{"line":69,"column":39}},"type":"binary-expr","locations":[{"start":{"line":69,"column":8},"end":{"line":69,"column":20}},{"start":{"line":69,"column":20},"end":{"line":69,"column":39}}]},"5":{"loc":{"start":{"line":76,"column":20},"end":{"line":76,"column":null}},"type":"binary-expr","locations":[{"start":{"line":76,"column":20},"end":{"line":76,"column":34}},{"start":{"line":76,"column":34},"end":{"line":76,"column":null}}]},"6":{"loc":{"start":{"line":78,"column":16},"end":{"line":78,"column":null}},"type":"binary-expr","locations":[{"start":{"line":78,"column":16},"end":{"line":78,"column":23}},{"start":{"line":78,"column":23},"end":{"line":78,"column":null}}]},"7":{"loc":{"start":{"line":82,"column":18},"end":{"line":82,"column":null}},"type":"cond-expr","locations":[{"start":{"line":82,"column":39},"end":{"line":82,"column":48}},{"start":{"line":82,"column":51},"end":{"line":82,"column":null}}]},"8":{"loc":{"start":{"line":97,"column":20},"end":{"line":97,"column":null}},"type":"binary-expr","locations":[{"start":{"line":97,"column":20},"end":{"line":97,"column":33}},{"start":{"line":97,"column":33},"end":{"line":97,"column":55}},{"start":{"line":97,"column":55},"end":{"line":97,"column":null}}]},"9":{"loc":{"start":{"line":140,"column":9},"end":{"line":140,"column":null}},"type":"binary-expr","locations":[{"start":{"line":140,"column":9},"end":{"line":140,"column":null}}]},"10":{"loc":{"start":{"line":148,"column":9},"end":{"line":148,"column":null}},"type":"binary-expr","locations":[{"start":{"line":148,"column":9},"end":{"line":148,"column":null}}]},"11":{"loc":{"start":{"line":158,"column":30},"end":{"line":158,"column":47}},"type":"binary-expr","locations":[{"start":{"line":158,"column":30},"end":{"line":158,"column":39}},{"start":{"line":158,"column":43},"end":{"line":158,"column":47}}]},"12":{"loc":{"start":{"line":158,"column":51},"end":{"line":158,"column":65}},"type":"binary-expr","locations":[{"start":{"line":158,"column":51},"end":{"line":158,"column":57}},{"start":{"line":158,"column":61},"end":{"line":158,"column":65}}]},"13":{"loc":{"start":{"line":158,"column":68},"end":{"line":158,"column":82}},"type":"binary-expr","locations":[{"start":{"line":158,"column":68},"end":{"line":158,"column":74}},{"start":{"line":158,"column":78},"end":{"line":158,"column":82}}]},"14":{"loc":{"start":{"line":161,"column":15},"end":{"line":161,"column":null}},"type":"binary-expr","locations":[{"start":{"line":161,"column":15},"end":{"line":161,"column":null}}]},"15":{"loc":{"start":{"line":171,"column":9},"end":{"line":171,"column":null}},"type":"binary-expr","locations":[{"start":{"line":171,"column":9},"end":{"line":171,"column":null}}]},"16":{"loc":{"start":{"line":183,"column":13},"end":{"line":183,"column":null}},"type":"binary-expr","locations":[{"start":{"line":183,"column":13},"end":{"line":183,"column":null}}]},"17":{"loc":{"start":{"line":197,"column":9},"end":{"line":197,"column":null}},"type":"binary-expr","locations":[{"start":{"line":197,"column":9},"end":{"line":197,"column":null}}]},"18":{"loc":{"start":{"line":216,"column":22},"end":{"line":216,"column":null}},"type":"binary-expr","locations":[{"start":{"line":216,"column":22},"end":{"line":216,"column":36}},{"start":{"line":216,"column":36},"end":{"line":216,"column":null}}]},"19":{"loc":{"start":{"line":219,"column":14},"end":{"line":221,"column":16}},"type":"cond-expr","locations":[{"start":{"line":219,"column":14},"end":{"line":221,"column":16}}]},"20":{"loc":{"start":{"line":224,"column":12},"end":{"line":224,"column":23}},"type":"binary-expr","locations":[{"start":{"line":224,"column":12},"end":{"line":224,"column":23}},{"start":{"line":224,"column":23},"end":{"line":224,"column":28}}]},"21":{"loc":{"start":{"line":231,"column":9},"end":{"line":231,"column":null}},"type":"binary-expr","locations":[{"start":{"line":231,"column":9},"end":{"line":231,"column":null}}]}},"s":{"0":10,"1":1,"2":1,"3":1,"4":1,"5":1,"6":1,"7":1,"8":61,"9":61,"10":61,"11":61,"12":61,"13":61,"14":61,"15":61,"16":61,"17":61,"18":8,"19":8,"20":8,"21":8,"22":8,"23":0,"24":0,"25":8,"26":8,"27":7,"28":1,"29":1,"30":6,"31":1,"32":4,"33":0,"34":4,"35":4,"36":4,"37":4,"38":4,"39":2,"40":2,"41":2,"42":2,"43":2,"44":4,"45":1,"46":1,"47":1,"48":1,"49":1,"50":61,"51":24,"52":10,"53":10,"54":10,"55":21,"56":1},"f":{"0":61,"1":8,"2":4,"3":1,"4":24,"5":10,"6":21,"7":1},"b":{"0":[0],"1":[0],"2":[1],"3":[0],"4":[4,4],"5":[4,0],"6":[2,0],"7":[1,1],"8":[61,12,10],"9":[61],"10":[61],"11":[21,11],"12":[21,0],"13":[21,11],"14":[12],"15":[61],"16":[2],"17":[61],"18":[61,10],"19":[4],"20":[61,49],"21":[61]}}
,"/Users/yusefbach/Projekte/studynexus/frontend/src/app/[locale]/admin/modules/page.tsx": {"path":"/Users/yusefbach/Projekte/studynexus/frontend/src/app/[locale]/admin/modules/page.tsx","statementMap":{"0":{"start":{"line":25,"column":24},"end":{"line":25,"column":null}},"1":{"start":{"line":3,"column":34},"end":{"line":3,"column":null}},"2":{"start":{"line":4,"column":26},"end":{"line":4,"column":null}},"3":{"start":{"line":5,"column":43},"end":{"line":5,"column":null}},"4":{"start":{"line":6,"column":32},"end":{"line":6,"column":null}},"5":{"start":{"line":7,"column":28},"end":{"line":7,"column":null}},"6":{"start":{"line":13,"column":41},"end":{"line":17,"column":null}},"7":{"start":{"line":26,"column":12},"end":{"line":26,"column":null}},"8":{"start":{"line":27,"column":17},"end":{"line":27,"column":null}},"9":{"start":{"line":28,"column":17},"end":{"line":28,"column":null}},"10":{"start":{"line":30,"column":30},"end":{"line":30,"column":null}},"11":{"start":{"line":31,"column":30},"end":{"line":31,"column":null}},"12":{"start":{"line":33,"column":44},"end":{"line":33,"column":null}},"13":{"start":{"line":35,"column":19},"end":{"line":42,"column":null}},"14":{"start":{"line":36,"column":4},"end":{"line":41,"column":null}},"15":{"start":{"line":37,"column":6},"end":{"line":37,"column":null}},"16":{"start":{"line":37,"column":48},"end":{"line":37,"column":null}},"17":{"start":{"line":38,"column":6},"end":{"line":38,"column":null}},"18":{"start":{"line":38,"column":51},"end":{"line":38,"column":null}},"19":{"start":{"line":39,"column":16},"end":{"line":39,"column":null}},"20":{"start":{"line":40,"column":6},"end":{"line":40,"column":null}},"21":{"start":{"line":44,"column":49},"end":{"line":48,"column":null}},"22":{"start":{"line":62,"column":12},"end":{"line":63,"column":null}},"23":{"start":{"line":64,"column":29},"end":{"line":64,"column":null}},"24":{"start":{"line":78,"column":27},"end":{"line":78,"column":null}},"25":{"start":{"line":88,"column":12},"end":{"line":88,"column":25}},"26":{"start":{"line":110,"column":18},"end":{"line":111,"column":null}},"27":{"start":{"line":112,"column":35},"end":{"line":112,"column":null}}},"fnMap":{"0":{"name":"ModulTypBadge","decl":{"start":{"line":12,"column":9},"end":{"line":12,"column":23}},"loc":{"start":{"line":12,"column":65},"end":{"line":23,"column":null}}},"1":{"name":"AdminModulesPage","decl":{"start":{"line":25,"column":24},"end":{"line":25,"column":null}},"loc":{"start":{"line":25,"column":24},"end":{"line":139,"column":null}}},"2":{"name":"(anonymous_3)","decl":{"start":{"line":35,"column":27},"end":{"line":35,"column":null}},"loc":{"start":{"line":35,"column":27},"end":{"line":42,"column":5}}},"3":{"name":"(anonymous_4)","decl":{"start":{"line":36,"column":26},"end":{"line":36,"column":27}},"loc":{"start":{"line":36,"column":27},"end":{"line":41,"column":null}}},"4":{"name":"(anonymous_5)","decl":{"start":{"line":61,"column":20},"end":{"line":61,"column":21}},"loc":{"start":{"line":62,"column":12},"end":{"line":63,"column":null}}},"5":{"name":"(anonymous_6)","decl":{"start":{"line":64,"column":23},"end":{"line":64,"column":29}},"loc":{"start":{"line":64,"column":29},"end":{"line":64,"column":null}}},"6":{"name":"(anonymous_7)","decl":{"start":{"line":78,"column":20},"end":{"line":78,"column":21}},"loc":{"start":{"line":78,"column":27},"end":{"line":78,"column":null}}},"7":{"name":"(anonymous_8)","decl":{"start":{"line":87,"column":41},"end":{"line":87,"column":42}},"loc":{"start":{"line":88,"column":12},"end":{"line":88,"column":25}}},"8":{"name":"(anonymous_9)","decl":{"start":{"line":109,"column":30},"end":{"line":109,"column":31}},"loc":{"start":{"line":110,"column":18},"end":{"line":111,"column":null}}},"9":{"name":"(anonymous_10)","decl":{"start":{"line":112,"column":29},"end":{"line":112,"column":35}},"loc":{"start":{"line":112,"column":35},"end":{"line":112,"column":null}}}},"branchMap":{"0":{"loc":{"start":{"line":19,"column":74},"end":{"line":19,"column":92}},"type":"binary-expr","locations":[{"start":{"line":19,"column":74},"end":{"line":19,"column":85}},{"start":{"line":19,"column":89},"end":{"line":19,"column":92}}]},"1":{"loc":{"start":{"line":33,"column":16},"end":{"line":33,"column":28}},"type":"default-arg","locations":[{"start":{"line":33,"column":26},"end":{"line":33,"column":28}}]},"2":{"loc":{"start":{"line":37,"column":6},"end":{"line":37,"column":null}},"type":"if","locations":[{"start":{"line":37,"column":6},"end":{"line":37,"column":null}}]},"3":{"loc":{"start":{"line":37,"column":10},"end":{"line":37,"column":46}},"type":"binary-expr","locations":[{"start":{"line":37,"column":10},"end":{"line":37,"column":33}},{"start":{"line":37,"column":33},"end":{"line":37,"column":46}}]},"4":{"loc":{"start":{"line":38,"column":6},"end":{"line":38,"column":null}},"type":"if","locations":[{"start":{"line":38,"column":6},"end":{"line":38,"column":null}}]},"5":{"loc":{"start":{"line":38,"column":10},"end":{"line":38,"column":49}},"type":"binary-expr","locations":[{"start":{"line":38,"column":10},"end":{"line":38,"column":35}},{"start":{"line":38,"column":35},"end":{"line":38,"column":49}}]},"6":{"loc":{"start":{"line":40,"column":13},"end":{"line":40,"column":null}},"type":"binary-expr","locations":[{"start":{"line":40,"column":13},"end":{"line":40,"column":49}},{"start":{"line":40,"column":49},"end":{"line":40,"column":null}}]},"7":{"loc":{"start":{"line":40,"column":50},"end":{"line":40,"column":64}},"type":"binary-expr","locations":[{"start":{"line":40,"column":50},"end":{"line":40,"column":59}},{"start":{"line":40,"column":63},"end":{"line":40,"column":64}}]},"8":{"loc":{"start":{"line":66,"column":16},"end":{"line":68,"column":null}},"type":"cond-expr","locations":[{"start":{"line":67,"column":20},"end":{"line":67,"column":null}},{"start":{"line":68,"column":20},"end":{"line":68,"column":null}}]},"9":{"loc":{"start":{"line":86,"column":8},"end":{"line":91,"column":19}},"type":"cond-expr","locations":[{"start":{"line":86,"column":8},"end":{"line":91,"column":19}}]},"10":{"loc":{"start":{"line":92,"column":8},"end":{"line":94,"column":9}},"type":"cond-expr","locations":[{"start":{"line":92,"column":8},"end":{"line":94,"column":9}}]},"11":{"loc":{"start":{"line":115,"column":87},"end":{"line":115,"column":null}},"type":"binary-expr","locations":[{"start":{"line":115,"column":87},"end":{"line":115,"column":98}},{"start":{"line":115,"column":102},"end":{"line":115,"column":null}}]},"12":{"loc":{"start":{"line":119,"column":23},"end":{"line":119,"column":null}},"type":"binary-expr","locations":[{"start":{"line":119,"column":23},"end":{"line":119,"column":46}},{"start":{"line":119,"column":50},"end":{"line":119,"column":null}}]},"13":{"loc":{"start":{"line":125,"column":23},"end":{"line":125,"column":null}},"type":"binary-expr","locations":[{"start":{"line":125,"column":23},"end":{"line":125,"column":39}},{"start":{"line":125,"column":43},"end":{"line":125,"column":null}}]},"14":{"loc":{"start":{"line":128,"column":23},"end":{"line":128,"column":null}},"type":"cond-expr","locations":[{"start":{"line":128,"column":41},"end":{"line":128,"column":null}},{"start":{"line":128,"column":77},"end":{"line":128,"column":null}}]}},"s":{"0":5,"1":1,"2":1,"3":1,"4":1,"5":1,"6":17,"7":10,"8":10,"9":10,"10":10,"11":10,"12":10,"13":10,"14":10,"15":24,"16":1,"17":23,"18":2,"19":21,"20":21,"21":10,"22":30,"23":3,"24":2,"25":6,"26":17,"27":1},"f":{"0":17,"1":10,"2":10,"3":24,"4":30,"5":3,"6":2,"7":6,"8":17,"9":1},"b":{"0":[17,0],"1":[0],"2":[1],"3":[24,3],"4":[2],"5":[23,3],"6":[21,4],"7":[4,1],"8":[10,20],"9":[1],"10":[1],"11":[17,6],"12":[17,6],"13":[17,6],"14":[5,12]}}
,"/Users/yusefbach/Projekte/studynexus/frontend/src/app/[locale]/admin/modules/[id]/page.tsx": {"path":"/Users/yusefbach/Projekte/studynexus/frontend/src/app/[locale]/admin/modules/[id]/page.tsx","statementMap":{"0":{"start":{"line":65,"column":24},"end":{"line":65,"column":46}},"1":{"start":{"line":3,"column":25},"end":{"line":3,"column":null}},"2":{"start":{"line":4,"column":17},"end":{"line":4,"column":null}},"3":{"start":{"line":5,"column":43},"end":{"line":5,"column":null}},"4":{"start":{"line":6,"column":31},"end":{"line":6,"column":null}},"5":{"start":{"line":7,"column":32},"end":{"line":7,"column":null}},"6":{"start":{"line":8,"column":31},"end":{"line":8,"column":null}},"7":{"start":{"line":9,"column":32},"end":{"line":9,"column":null}},"8":{"start":{"line":10,"column":28},"end":{"line":10,"column":null}},"9":{"start":{"line":11,"column":31},"end":{"line":11,"column":null}},"10":{"start":{"line":12,"column":30},"end":{"line":12,"column":null}},"11":{"start":{"line":13,"column":28},"end":{"line":13,"column":null}},"12":{"start":{"line":14,"column":23},"end":{"line":14,"column":null}},"13":{"start":{"line":36,"column":41},"end":{"line":40,"column":null}},"14":{"start":{"line":48,"column":19},"end":{"line":53,"column":null}},"15":{"start":{"line":55,"column":21},"end":{"line":61,"column":null}},"16":{"start":{"line":66,"column":17},"end":{"line":66,"column":null}},"17":{"start":{"line":67,"column":12},"end":{"line":67,"column":null}},"18":{"start":{"line":68,"column":13},"end":{"line":68,"column":null}},"19":{"start":{"line":69,"column":13},"end":{"line":69,"column":null}},"20":{"start":{"line":70,"column":17},"end":{"line":70,"column":null}},"21":{"start":{"line":71,"column":13},"end":{"line":71,"column":null}},"22":{"start":{"line":72,"column":42},"end":{"line":72,"column":null}},"23":{"start":{"line":74,"column":42},"end":{"line":74,"column":null}},"24":{"start":{"line":76,"column":34},"end":{"line":76,"column":null}},"25":{"start":{"line":77,"column":34},"end":{"line":77,"column":null}},"26":{"start":{"line":78,"column":38},"end":{"line":78,"column":null}},"27":{"start":{"line":80,"column":38},"end":{"line":80,"column":null}},"28":{"start":{"line":81,"column":38},"end":{"line":81,"column":null}},"29":{"start":{"line":82,"column":42},"end":{"line":82,"column":null}},"30":{"start":{"line":84,"column":40},"end":{"line":84,"column":null}},"31":{"start":{"line":85,"column":46},"end":{"line":85,"column":null}},"32":{"start":{"line":88,"column":4},"end":{"line":88,"column":null}},"33":{"start":{"line":88,"column":14},"end":{"line":88,"column":null}},"34":{"start":{"line":89,"column":4},"end":{"line":101,"column":null}},"35":{"start":{"line":102,"column":4},"end":{"line":102,"column":null}},"36":{"start":{"line":106,"column":4},"end":{"line":106,"column":null}},"37":{"start":{"line":107,"column":4},"end":{"line":127,"column":null}},"38":{"start":{"line":108,"column":6},"end":{"line":122,"column":null}},"39":{"start":{"line":123,"column":6},"end":{"line":123,"column":null}},"40":{"start":{"line":124,"column":6},"end":{"line":124,"column":null}},"41":{"start":{"line":126,"column":6},"end":{"line":126,"column":null}},"42":{"start":{"line":131,"column":4},"end":{"line":131,"column":null}},"43":{"start":{"line":131,"column":40},"end":{"line":131,"column":null}},"44":{"start":{"line":132,"column":4},"end":{"line":132,"column":null}},"45":{"start":{"line":133,"column":4},"end":{"line":151,"column":null}},"46":{"start":{"line":134,"column":6},"end":{"line":145,"column":null}},"47":{"start":{"line":142,"column":23},"end":{"line":142,"column":104}},"48":{"start":{"line":142,"column":29},"end":{"line":142,"column":79}},"49":{"start":{"line":142,"column":89},"end":{"line":142,"column":102}},"50":{"start":{"line":146,"column":6},"end":{"line":146,"column":null}},"51":{"start":{"line":147,"column":6},"end":{"line":147,"column":null}},"52":{"start":{"line":148,"column":6},"end":{"line":148,"column":null}},"53":{"start":{"line":150,"column":6},"end":{"line":150,"column":null}},"54":{"start":{"line":155,"column":4},"end":{"line":155,"column":null}},"55":{"start":{"line":155,"column":21},"end":{"line":155,"column":null}},"56":{"start":{"line":156,"column":4},"end":{"line":156,"column":null}},"57":{"start":{"line":157,"column":4},"end":{"line":157,"column":null}},"58":{"start":{"line":161,"column":4},"end":{"line":161,"column":null}},"59":{"start":{"line":161,"column":21},"end":{"line":161,"column":null}},"60":{"start":{"line":162,"column":4},"end":{"line":162,"column":null}},"61":{"start":{"line":163,"column":4},"end":{"line":169,"column":null}},"62":{"start":{"line":164,"column":6},"end":{"line":164,"column":null}},"63":{"start":{"line":165,"column":6},"end":{"line":165,"column":null}},"64":{"start":{"line":166,"column":6},"end":{"line":166,"column":null}},"65":{"start":{"line":168,"column":6},"end":{"line":168,"column":null}},"66":{"start":{"line":173,"column":4},"end":{"line":173,"column":null}},"67":{"start":{"line":173,"column":21},"end":{"line":173,"column":null}},"68":{"start":{"line":174,"column":4},"end":{"line":174,"column":null}},"69":{"start":{"line":175,"column":4},"end":{"line":175,"column":null}},"70":{"start":{"line":178,"column":2},"end":{"line":184,"column":null}},"71":{"start":{"line":186,"column":2},"end":{"line":195,"column":null}},"72":{"start":{"line":262,"column":18},"end":{"line":262,"column":38}},"73":{"start":{"line":278,"column":41},"end":{"line":278,"column":null}},"74":{"start":{"line":293,"column":61},"end":{"line":293,"column":null}},"75":{"start":{"line":315,"column":27},"end":{"line":315,"column":null}},"76":{"start":{"line":326,"column":23},"end":{"line":326,"column":null}},"77":{"start":{"line":338,"column":33},"end":{"line":338,"column":null}},"78":{"start":{"line":338,"column":53},"end":{"line":338,"column":null}},"79":{"start":{"line":348,"column":33},"end":{"line":348,"column":null}},"80":{"start":{"line":348,"column":53},"end":{"line":348,"column":null}},"81":{"start":{"line":359,"column":33},"end":{"line":359,"column":null}},"82":{"start":{"line":359,"column":53},"end":{"line":359,"column":null}},"83":{"start":{"line":369,"column":33},"end":{"line":369,"column":null}},"84":{"start":{"line":369,"column":53},"end":{"line":369,"column":null}},"85":{"start":{"line":377,"column":33},"end":{"line":377,"column":null}},"86":{"start":{"line":377,"column":53},"end":{"line":377,"column":null}},"87":{"start":{"line":390,"column":33},"end":{"line":390,"column":null}},"88":{"start":{"line":390,"column":53},"end":{"line":390,"column":null}},"89":{"start":{"line":401,"column":33},"end":{"line":401,"column":null}},"90":{"start":{"line":401,"column":53},"end":{"line":401,"column":null}},"91":{"start":{"line":412,"column":33},"end":{"line":412,"column":null}},"92":{"start":{"line":412,"column":53},"end":{"line":412,"column":null}},"93":{"start":{"line":422,"column":33},"end":{"line":422,"column":null}},"94":{"start":{"line":422,"column":53},"end":{"line":422,"column":null}},"95":{"start":{"line":432,"column":33},"end":{"line":432,"column":null}},"96":{"start":{"line":432,"column":53},"end":{"line":432,"column":null}},"97":{"start":{"line":441,"column":33},"end":{"line":441,"column":null}},"98":{"start":{"line":441,"column":53},"end":{"line":441,"column":null}},"99":{"start":{"line":453,"column":25},"end":{"line":453,"column":47}},"100":{"start":{"line":453,"column":47},"end":{"line":453,"column":76}},"101":{"start":{"line":464,"column":31},"end":{"line":464,"column":null}},"102":{"start":{
[...]
nd":{"line":24,"column":null}},"11":{"start":{"line":25,"column":6},"end":{"line":25,"column":null}},"12":{"start":{"line":25,"column":37},"end":{"line":25,"column":null}},"13":{"start":{"line":27,"column":18},"end":{"line":27,"column":null}},"14":{"start":{"line":28,"column":6},"end":{"line":28,"column":null}},"15":{"start":{"line":28,"column":19},"end":{"line":28,"column":null}},"16":{"start":{"line":29,"column":6},"end":{"line":29,"column":null}},"17":{"start":{"line":32,"column":31},"end":{"line":32,"column":null}}},"fnMap":{"0":{"name":"useAdminUsers","decl":{"start":{"line":15,"column":16},"end":{"line":15,"column":30}},"loc":{"start":{"line":15,"column":54},"end":{"line":34,"column":null}}},"1":{"name":"(anonymous_2)","decl":{"start":{"line":20,"column":13},"end":{"line":20,"column":null}},"loc":{"start":{"line":20,"column":13},"end":{"line":30,"column":null}}},"2":{"name":"(anonymous_3)","decl":{"start":{"line":32,"column":21},"end":{"line":32,"column":22}},"loc":{"start":{"line":32,"column":31},"end":{"line":32,"column":null}}}},"branchMap":{"0":{"loc":{"start":{"line":16,"column":60},"end":{"line":16,"column":70}},"type":"default-arg","locations":[{"start":{"line":16,"column":68},"end":{"line":16,"column":70}}]},"1":{"loc":{"start":{"line":22,"column":6},"end":{"line":22,"column":null}},"type":"if","locations":[{"start":{"line":22,"column":6},"end":{"line":22,"column":null}}]},"2":{"loc":{"start":{"line":23,"column":6},"end":{"line":23,"column":null}},"type":"if","locations":[{"start":{"line":23,"column":6},"end":{"line":23,"column":null}}]},"3":{"loc":{"start":{"line":24,"column":6},"end":{"line":24,"column":null}},"type":"if","locations":[{"start":{"line":24,"column":6},"end":{"line":24,"column":null}}]},"4":{"loc":{"start":{"line":25,"column":6},"end":{"line":25,"column":null}},"type":"if","locations":[{"start":{"line":25,"column":6},"end":{"line":25,"column":null}}]},"5":{"loc":{"start":{"line":28,"column":6},"end":{"line":28,"column":null}},"type":"if","locations":[{"start":{"line":28,"column":6},"end":{"line":28,"column":null}}]}},"s":{"0":1,"1":1,"2":0,"3":0,"4":0,"5":0,"6":0,"7":0,"8":0,"9":0,"10":0,"11":0,"12":0,"13":0,"14":0,"15":0,"16":0,"17":0},"f":{"0":0,"1":0,"2":0},"b":{"0":[0],"1":[0],"2":[0],"3":[0],"4":[0],"5":[0]}}
,"/Users/yusefbach/Projekte/studynexus/frontend/src/hooks/queries/useAddModule.ts": {"path":"/Users/yusefbach/Projekte/studynexus/frontend/src/hooks/queries/useAddModule.ts","statementMap":{"0":{"start":{"line":13,"column":16},"end":{"line":13,"column":null}},"1":{"start":{"line":3,"column":44},"end":{"line":3,"column":null}},"2":{"start":{"line":14,"column":22},"end":{"line":14,"column":null}},"3":{"start":{"line":16,"column":2},"end":{"line":35,"column":null}},"4":{"start":{"line":18,"column":18},"end":{"line":22,"column":null}},"5":{"start":{"line":24,"column":6},"end":{"line":27,"column":null}},"6":{"start":{"line":25,"column":26},"end":{"line":25,"column":null}},"7":{"start":{"line":25,"column":56},"end":{"line":25,"column":null}},"8":{"start":{"line":26,"column":8},"end":{"line":26,"column":null}},"9":{"start":{"line":29,"column":6},"end":{"line":29,"column":null}},"10":{"start":{"line":32,"column":6},"end":{"line":32,"column":null}},"11":{"start":{"line":33,"column":6},"end":{"line":33,"column":null}}},"fnMap":{"0":{"name":"useAddModule","decl":{"start":{"line":13,"column":16},"end":{"line":13,"column":null}},"loc":{"start":{"line":13,"column":16},"end":{"line":36,"column":null}}},"1":{"name":"(anonymous_2)","decl":{"start":{"line":17,"column":16},"end":{"line":17,"column":23}},"loc":{"start":{"line":17,"column":23},"end":{"line":30,"column":null}}},"2":{"name":"(anonymous_3)","decl":{"start":{"line":25,"column":49},"end":{"line":25,"column":56}},"loc":{"start":{"line":25,"column":56},"end":{"line":25,"column":null}}},"3":{"name":"(anonymous_4)","decl":{"start":{"line":31,"column":15},"end":{"line":31,"column":null}},"loc":{"start":{"line":31,"column":15},"end":{"line":34,"column":null}}}},"branchMap":{"0":{"loc":{"start":{"line":24,"column":6},"end":{"line":27,"column":null}},"type":"if","locations":[{"start":{"line":24,"column":6},"end":{"line":27,"column":null}}]},"1":{"loc":{"start":{"line":26,"column":24},"end":{"line":26,"column":null}},"type":"binary-expr","locations":[{"start":{"line":26,"column":24},"end":{"line":26,"column":40}},{"start":{"line":26,"column":44},"end":{"line":26,"column":null}}]}},"s":{"0":28,"1":2,"2":28,"3":28,"4":3,"5":3,"6":1,"7":0,"8":1,"9":2,"10":2,"11":2},"f":{"0":28,"1":3,"2":0,"3":2},"b":{"0":[1],"1":[1,0]}}
,"/Users/yusefbach/Projekte/studynexus/frontend/src/hooks/queries/useUpdateModule.ts": {"path":"/Users/yusefbach/Projekte/studynexus/frontend/src/hooks/queries/useUpdateModule.ts","statementMap":{"0":{"start":{"line":12,"column":16},"end":{"line":12,"column":null}},"1":{"start":{"line":3,"column":44},"end":{"line":3,"column":null}},"2":{"start":{"line":13,"column":22},"end":{"line":13,"column":null}},"3":{"start":{"line":15,"column":2},"end":{"line":40,"column":null}},"4":{"start":{"line":17,"column":18},"end":{"line":21,"column":null}},"5":{"start":{"line":23,"column":6},"end":{"line":27,"column":null}},"6":{"start":{"line":25,"column":8},"end":{"line":25,"column":null}},"7":{"start":{"line":26,"column":8},"end":{"line":26,"column":null}},"8":{"start":{"line":29,"column":6},"end":{"line":32,"column":null}},"9":{"start":{"line":30,"column":26},"end":{"line":30,"column":null}},"10":{"start":{"line":30,"column":56},"end":{"line":30,"column":null}},"11":{"start":{"line":31,"column":8},"end":{"line":31,"column":null}},"12":{"start":{"line":34,"column":6},"end":{"line":34,"column":null}},"13":{"start":{"line":37,"column":6},"end":{"line":37,"column":null}},"14":{"start":{"line":38,"column":6},"end":{"line":38,"column":null}}},"fnMap":{"0":{"name":"useUpdateModule","decl":{"start":{"line":12,"column":16},"end":{"line":12,"column":null}},"loc":{"start":{"line":12,"column":16},"end":{"line":41,"column":null}}},"1":{"name":"(anonymous_2)","decl":{"start":{"line":16,"column":16},"end":{"line":16,"column":23}},"loc":{"start":{"line":16,"column":38},"end":{"line":35,"column":null}}},"2":{"name":"(anonymous_3)","decl":{"start":{"line":30,"column":49},"end":{"line":30,"column":56}},"loc":{"start":{"line":30,"column":56},"end":{"line":30,"column":null}}},"3":{"name":"(anonymous_4)","decl":{"start":{"line":36,"column":15},"end":{"line":36,"column":null}},"loc":{"start":{"line":36,"column":15},"end":{"line":39,"column":null}}}},"branchMap":{"0":{"loc":{"start":{"line":23,"column":6},"end":{"line":27,"column":null}},"type":"if","locations":[{"start":{"line":23,"column":6},"end":{"line":27,"column":null}}]},"1":{"loc":{"start":{"line":29,"column":6},"end":{"line":32,"column":null}},"type":"if","locations":[{"start":{"line":29,"column":6},"end":{"line":32,"column":null}}]},"2":{"loc":{"start":{"line":31,"column":24},"end":{"line":31,"column":null}},"type":"binary-expr","locations":[{"start":{"line":31,"column":24},"end":{"line":31,"column":40}},{"start":{"line":31,"column":44},"end":{"line":31,"column":null}}]}},"s":{"0":13,"1":2,"2":13,"3":13,"4":3,"5":3,"6":0,"7":0,"8":3,"9":1,"10":0,"11":1,"12":2,"13":2,"14":2},"f":{"0":13,"1":3,"2":0,"3":2},"b":{"0":[0],"1":[1],"2":[1,0]}}
,"/Users/yusefbach/Projekte/studynexus/frontend/src/hooks/queries/useUserModules.ts": {"path":"/Users/yusefbach/Projekte/studynexus/frontend/src/hooks/queries/useUserModules.ts","statementMap":{"0":{"start":{"line":6,"column":16},"end":{"line":6,"column":null}},"1":{"start":{"line":3,"column":25},"end":{"line":3,"column":null}},"2":{"start":{"line":7,"column":2},"end":{"line":16,"column":null}},"3":{"start":{"line":10,"column":18},"end":{"line":10,"column":null}},"4":{"start":{"line":11,"column":6},"end":{"line":13,"column":null}},"5":{"start":{"line":12,"column":8},"end":{"line":12,"column":null}},"6":{"start":{"line":14,"column":6},"end":{"line":14,"column":null}}},"fnMap":{"0":{"name":"useUserModules","decl":{"start":{"line":6,"column":16},"end":{"line":6,"column":null}},"loc":{"start":{"line":6,"column":16},"end":{"line":17,"column":null}}},"1":{"name":"(anonymous_2)","decl":{"start":{"line":9,"column":13},"end":{"line":9,"column":null}},"loc":{"start":{"line":9,"column":13},"end":{"line":15,"column":null}}}},"branchMap":{"0":{"loc":{"start":{"line":11,"column":6},"end":{"line":13,"column":null}},"type":"if","locations":[{"start":{"line":11,"column":6},"end":{"line":13,"column":null}}]}},"s":{"0":22,"1":1,"2":22,"3":11,"4":11,"5":1,"6":10},"f":{"0":22,"1":11},"b":{"0":[1]}}
,"/Users/yusefbach/Projekte/studynexus/frontend/src/hooks/queries/useUserStats.ts": {"path":"/Users/yusefbach/Projekte/studynexus/frontend/src/hooks/queries/useUserStats.ts","statementMap":{"0":{"start":{"line":6,"column":16},"end":{"line":6,"column":null}},"1":{"start":{"line":3,"column":25},"end":{"line":3,"column":null}},"2":{"start":{"line":7,"column":2},"end":{"line":17,"column":null}},"3":{"start":{"line":10,"column":18},"end":{"line":10,"column":null}},"4":{"start":{"line":11,"column":6},"end":{"line":13,"column":null}},"5":{"start":{"line":12,"column":8},"end":{"line":12,"column":null}},"6":{"start":{"line":14,"column":6},"end":{"line":14,"column":null}}},"fnMap":{"0":{"name":"useUserStats","decl":{"start":{"line":6,"column":16},"end":{"line":6,"column":null}},"loc":{"start":{"line":6,"column":16},"end":{"line":18,"column":null}}},"1":{"name":"(anonymous_2)","decl":{"start":{"line":9,"column":13},"end":{"line":9,"column":null}},"loc":{"start":{"line":9,"column":13},"end":{"line":15,"column":null}}}},"branchMap":{"0":{"loc":{"start":{"line":11,"column":6},"end":{"line":13,"column":null}},"type":"if","locations":[{"start":{"line":11,"column":6},"end":{"line":13,"column":null}}]}},"s":{"0":33,"1":2,"2":33,"3":17,"4":17,"5":2,"6":15},"f":{"0":33,"1":17},"b":{"0":[2]}}
,"/Users/yusefbach/Projekte/studynexus/frontend/src/lib/adminFetch.ts": {"path":"/Users/yusefbach/Projekte/studynexus/frontend/src/lib/adminFetch.ts","statementMap":{"0":{"start":{"line":6,"column":22},"end":{"line":6,"column":30}},"1":{"start":{"line":13,"column":22},"end":{"line":13,"column":33}},"2":{"start":{"line":7,"column":20},"end":{"line":7,"column":null}},"3":{"start":{"line":8,"column":14},"end":{"line":8,"column":null}},"4":{"start":{"line":9,"column":2},"end":{"line":9,"column":null}},"5":{"start":{"line":9,"column":15},"end":{"line":9,"column":null}},"6":{"start":{"line":10,"column":2},"end":{"line":10,"column":null}},"7":{"start":{"line":18,"column":20},"end":{"line":18,"column":null}},"8":{"start":{"line":19,"column":42},"end":{"line":22,"column":null}},"9":{"start":{"line":23,"column":2},"end":{"line":23,"column":null}},"10":{"start":{"line":23,"column":26},"end":{"line":23,"column":null}},"11":{"start":{"line":25,"column":14},"end":{"line":29,"column":null}},"12":{"start":{"line":31,"column":2},"end":{"line":31,"column":null}},"13":{"start":{"line":31,"column":26},"end":{"line":31,"column":null}},"14":{"start":{"line":32,"column":2},"end":{"line":32,"column":null}},"15":{"start":{"line":32,"column":15},"end":{"line":32,"column":null}},"16":{"start":{"line":33,"column":2},"end":{"line":33,"column":null}}},"fnMap":{"0":{"name":"adminGet","decl":{"start":{"line":6,"column":22},"end":{"line":6,"column":30}},"loc":{"start":{"line":6,"column":46},"end":{"line":11,"column":null}}},"1":{"name":"adminMutate","decl":{"start":{"line":13,"column":22},"end":{"line":13,"column":33}},"loc":{"start":{"line":16,"column":55},"end":{"line":34,"column":null}}}},"branchMap":{"0":{"loc":{"start":{"line":9,"column":2},"end":{"line":9,"column":null}},"type":"if","locations":[{"start":{"line":9,"column":2},"end":{"line":9,"column":null}}]},"1":{"loc":{"start":{"line":16,"column":2},"end":{"line":16,"column":55}},"type":"default-arg","locations":[{"start":{"line":16,"column":53},"end":{"line":16,"column":55}}]},"2":{"loc":{"start":{"line":23,"column":2},"end":{"line":23,"column":null}},"type":"if","locations":[{"start":{"line":23,"column":2},"end":{"line":23,"column":null}}]},"3":{"loc":{"start":{"line":28,"column":10},"end":{"line":28,"column":null}},"type":"cond-expr","locations":[{"start":{"line":28,"column":39},"end":{"line":28,"column":70}},{"start":{"line":28,"column":70},"end":{"line":28,"column":null}}]},"4":{"loc":{"start":{"line":31,"column":2},"end":{"line":31,"column":null}},"type":"if","locations":[{"start":{"line":31,"column":2},"end":{"line":31,"column":null}}]},"5":{"loc":{"start":{"line":32,"column":2},"end":{"line":32,"column":null}},"type":"if","locations":[{"start":{"line":32,"column":2},"end":{"line":32,"column":null}}]}},"s":{"0":8,"1":8,"2":0,"3":0,"4":0,"5":0,"6":0,"7":0,"8":0,"9":0,"10":0,"11":0,"12":0,"13":0,"14":0,"15":0,"16":0},"f":{"0":0,"1":0},"b":{"0":[0],"1":[0],"2":[0],"3":[0,0],"4":[0],"5":[0]}}
,"/Users/yusefbach/Projekte/studynexus/frontend/src/lib/semesterUtils.ts": {"path":"/Users/yusefbach/Projekte/studynexus/frontend/src/lib/semesterUtils.ts","statementMap":{"0":{"start":{"line":53,"column":16},"end":{"line":53,"column":44}},"1":{"start":{"line":39,"column":16},"end":{"line":39,"column":35}},"2":{"start":{"line":80,"column":16},"end":{"line":80,"column":39}},"3":{"start":{"line":21,"column":16},"end":{"line":21,"column":39}},"4":{"start":{"line":10,"column":16},"end":{"line":10,"column":36}},"5":{"start":{"line":11,"column":2},"end":{"line":14,"column":null}},"6":{"start":{"line":12,"column":17},"end":{"line":12,"column":null}},"7":{"start":{"line":13,"column":4},"end":{"line":13,"column":33}},"8":{"start":{"line":16,"column":15},"end":{"line":16,"column":null}},"9":{"start":{"line":17,"column":2},"end":{"line":17,"column":31}},"10":{"start":{"line":22,"column":14},"end":{"line":22,"column":null}},"11":{"start":{"line":23,"column":16},"end":{"line":23,"column":36}},"12":{"start":{"line":24,"column":15},"end":{"line":24,"column":null}},"13":{"start":{"line":25,"column":2},"end":{"line":27,"column":null}},"14":{"start":{"line":26,"column":4},"end":{"line":26,"column":null}},"15":{"start":{"line":28,"column":2},"end":{"line":30,"column":null}},"16":{"start":{"line":29,"column":4},"end":{"line":29,"column":null}},"17":{"start":{"line":32,"column":2},"end":{"line":32,"column":null}},"18":{"start":{"line":40,"column":2},"end":{"line":43,"column":null}},"19":{"start":{"line":41,"column":17},"end":{"line":41,"column":31}},"20":{"start":{"line":42,"column":4},"end":{"line":42,"column":null}},"21":{"start":{"line":44,"column":15},"end":{"line":44,"column":null}},"22":{"start":{"line":45,"column":2},"end":{"line":45,"column":null}},"23":{"start":{"line":54,"column":20},"end":{"line":54,"column":null}},"24":{"start":{"line":55,"column":23},"end":{"line":55,"column":null}},"25":{"start":{"line":56,"column":22},"end":{"line":56,"column":null}},"26":{"start":{"line":58,"column":2},"end":{"line":58,"column":null}},"27":{"start":{"line":58,"column":31},"end":{"line":58,"column":null}},"28":{"start":{"line":60,"column":14},"end":{"line":60,"column":null}},"29":{"start":{"line":61,"column":10},"end":{"line":61,"column":null}},"30":{"start":{"line":62,"column":2},"end":{"line":72,"column":null}},"31":{"start":{"line":63,"column":4},"end":{"line":63,"column":null}},"32":{"start":{"line":64,"column":14},"end":{"line":64,"column":28}},"33":{"start":{"line":65,"column":4},"end":{"line":71,"column":null}},"34":{"start":{"line":67,"column":6},"end":{"line":67,"column":null}},"35":{"start":{"line":70,"column":6},"end":{"line":70,"column":null}},"36":{"start":{"line":73,"column":2},"end":{"line":73,"column":null}},"37":{"start":{"line":81,"column":14},"end":{"line":81,"column":null}},"38":{"start":{"line":82,"column":15},"end":{"line":82,"column":null}},"39":{"start":{"line":83,"column":28},"end":{"line":83,"column":30}},"40":{"start":{"line":85,"column":2},"end":{"line":88,"column":null}},"41":{"start":{"line":85,"column":15},"end":{"line":85,"column":25}},"42":{"start":{"line":86,"column":4},"end":{"line":86,"column":null}},"43":{"start":{"line":87,"column":4},"end":{"line":87,"column":null}},"44":{"start":{"line":89,"column":2},"end":{"line":89,"column":null}}},"fnMap":{"0":{"name":"getSemesterStartDate","decl":{"start":{"line":10,"column":16},"end":{"line":10,"column":36}},"loc":{"start":{"line":10,"column":48},"end":{"line":18,"column":null}}},"1":{"name":"getCurrentSemesterLabel","decl":{"start":{"line":21,"column":16},"end":{"line":21,"column":39}},"loc":{"start":{"line":21,"column":16},"end":{"line":33,"column":null}}},"2":{"name":"formatSemesterLabel","decl":{"start":{"line":39,"column":16},"end":{"line":39,"column":35}},"loc":{"start":{"line":39,"column":64},"end":{"line":46,"column":null}}},"3":{"name":"computeCurrentSemesterNumber","decl":{"start":{"line":53,"column":16},"end":{"line":53,"column":44}},"loc":{"start":{"line":53,"column":66},"end":{"line":74,"column":null}}},"4":{"name":"generateSemesterOptions","decl":{"start":{"line":80,"column":16},"end":{"line":80,"column":39}},"loc":{"start":{"line":80,"column":16},"end":{"line":90,"column":null}}}},"branchMap":{"0":{"loc":{"start":{"line":11,"column":2},"end":{"line":14,"column":null}},"type":"if","locations":[{"start":{"line":11,"column":2},"end":{"line":14,"column":null}}]},"1":{"loc":{"start":{"line":25,"column":2},"end":{"line":27,"column":null}},"type":"if","locations":[{"start":{"line":25,"column":2},"end":{"line":27,"column":null}}]},"2":{"loc":{"start":{"line":25,"column":6},"end":{"line":25,"column":32}},"type":"binary-expr","locations":[{"start":{"line":25,"column":6},"end":{"line":25,"column":20}},{"start":{"line":25,"column":20},"end":{"line":25,"column":32}}]},"3":{"loc":{"start":{"line":28,"column":2},"end":{"line":30,"column":null}},"type":"if","locations":[{"start":{"line":28,"column":2},"end":{"line":30,"column":null}}]},"4":{"loc":{"start":{"line":40,"column":2},"end":{"line":43,"column":null}},"type":"if","locations":[{"start":{"line":40,"column":2},"end":{"line":43,"column":null}}]},"5":{"loc":{"start":{"line":42,"column":11},"end":{"line":42,"column":58}},"type":"cond-expr","locations":[{"start":{"line":42,"column":29},"end":{"line":42,"column":41}},{"start":{"line":42,"column":44},"end":{"line":42,"column":58}}]},"6":{"loc":{"start":{"line":45,"column":9},"end":{"line":45,"column":56}},"type":"cond-expr","locations":[{"start":{"line":45,"column":27},"end":{"line":45,"column":39}},{"start":{"line":45,"column":42},"end":{"line":45,"column":56}}]},"7":{"loc":{"start":{"line":58,"column":2},"end":{"line":58,"column":null}},"type":"if","locations":[{"start":{"line":58,"column":2},"end":{"line":58,"column":null}}]},"8":{"loc":{"start":{"line":65,"column":4},"end":{"line":71,"column":null}},"type":"if","locations":[{"start":{"line":65,"column":4},"end":{"line":71,"column":null}},{"start":{"line":68,"column":11},"end":{"line":71,"column":null}}]}},"s":{"0":0,"1":290,"2":1,"3":0,"4":0,"5":0,"6":0,"7":0,"8":0,"9":0,"10":0,"11":0,"12":0,"13":0,"14":0,"15":0,"16":0,"17":0,"18":290,"19":145,"20":145,"21":145,"22":145,"23":0,"24":0,"25":0,"26":0,"27":0,"28":0,"29":0,"30":0,"31":0,"32":0,"33":0,"34":0,"35":0,"36":0,"37":1,"38":1,"39":1,"40":1,"41":1,"42":5,"43":5,"44":1},"f":{"0":0,"1":0,"2":290,"3":0,"4":1},"b":{"0":[0],"1":[0],"2":[0,0],"3":[0],"4":[145],"5":[0,145],"6":[0,145],"7":[0],"8":[0,0]}}
,"/Users/yusefbach/Projekte/studynexus/frontend/src/lib/utils.ts": {"path":"/Users/yusefbach/Projekte/studynexus/frontend/src/lib/utils.ts","statementMap":{"0":{"start":{"line":4,"column":16},"end":{"line":4,"column":19}},"1":{"start":{"line":1,"column":38},"end":{"line":1,"column":null}},"2":{"start":{"line":2,"column":24},"end":{"line":2,"column":null}},"3":{"start":{"line":5,"column":2},"end":{"line":5,"column":null}}},"fnMap":{"0":{"name":"cn","decl":{"start":{"line":4,"column":16},"end":{"line":4,"column":19}},"loc":{"start":{"line":4,"column":42},"end":{"line":6,"column":null}}}},"branchMap":{},"s":{"0":3211,"1":22,"2":22,"3":3211},"f":{"0":3211},"b":{}}
}
