TN:
SF:src/app/[locale]/admin/page.tsx
FN:48,AdminDashboardPage
FN:56,(anonymous_3)
FN:61,(anonymous_4)
FN:62,(anonymous_5)
FN:63,(anonymous_6)
FN:66,(anonymous_7)
FN:67,(anonymous_8)
FN:68,(anonymous_9)
FN:71,(anonymous_10)
FN:163,(anonymous_11)
FNF:10
FNH:10
FNDA:4,AdminDashboardPage
FNDA:2,(anonymous_3)
FNDA:2,(anonymous_4)
FNDA:2,(anonymous_5)
FNDA:2,(anonymous_6)
FNDA:2,(anonymous_7)
FNDA:2,(anonymous_8)
FNDA:2,(anonymous_9)
FNDA:1,(anonymous_10)
FNDA:16,(anonymous_11)
DA:3,1
DA:13,1
DA:14,1
DA:15,1
DA:16,1
DA:17,1
DA:18,1
DA:48,2
DA:49,4
DA:50,4
DA:51,4
DA:52,4
DA:53,4
DA:54,4
DA:56,4
DA:57,2
DA:58,2
DA:60,2
DA:61,2
DA:62,2
DA:63,2
DA:65,2
DA:66,2
DA:67,2
DA:68,2
DA:71,4
DA:164,16
LF:27
LH:27
BRDA:58,0,0,2
BRDA:61,1,0,1
BRDA:61,1,1,1
BRDA:66,2,0,1
BRDA:66,2,1,1
BRDA:71,3,0,4
BRDA:71,3,1,3
BRDA:85,4,0,4
BRDA:85,4,1,3
BRDA:87,5,0,4
BRDA:87,5,1,3
BRDA:92,6,0,4
BRDA:92,6,1,3
BRDA:94,7,0,4
BRDA:94,7,1,3
BRDA:99,8,0,4
BRDA:99,8,1,3
BRDA:105,9,0,4
BRDA:105,9,1,3
BRDA:107,10,0,4
BRDA:107,10,1,3
BRDA:117,11,0,1
BRDA:117,11,1,3
BRDA:127,12,0,4
BRDA:127,12,1,3
BRDA:133,13,0,4
BRDA:133,13,1,3
BRDA:139,14,0,4
BRDA:139,14,1,3
BRDA:147,15,0,4
BRF:30
BRH:30
end_of_record
TN:
SF:src/app/[locale]/admin/audit-log/page.tsx
FN:42,ActionBadge
FN:60,DiffBlock
FN:81,(anonymous_3)
FN:112,AdminAuditLogPage
FN:132,resetFilters
FN:154,(anonymous_6)
FN:169,(anonymous_7)
FN:173,(anonymous_8)
FN:185,(anonymous_9)
FN:189,(anonymous_10)
FN:202,(anonymous_11)
FN:214,(anonymous_12)
FN:263,(anonymous_13)
FN:332,(anonymous_14)
FN:332,(anonymous_15)
FN:344,(anonymous_16)
FN:344,(anonymous_17)
FNF:17
FNH:17
FNDA:62,ActionBadge
FNDA:62,DiffBlock
FNDA:60,(anonymous_3)
FNDA:17,AdminAuditLogPage
FNDA:1,resetFilters
FNDA:1,(anonymous_6)
FNDA:1,(anonymous_7)
FNDA:119,(anonymous_8)
FNDA:1,(anonymous_9)
FNDA:136,(anonymous_10)
FNDA:1,(anonymous_11)
FNDA:1,(anonymous_12)
FNDA:62,(anonymous_13)
FNDA:1,(anonymous_14)
FNDA:1,(anonymous_15)
FNDA:1,(anonymous_16)
FNDA:1,(anonymous_17)
DA:3,1
DA:4,1
DA:5,1
DA:21,1
DA:22,1
DA:23,1
DA:31,1
DA:43,62
DA:47,62
DA:71,62
DA:72,37
DA:78,37
DA:82,60
DA:83,60
DA:84,60
DA:85,48
DA:107,1
DA:108,1
DA:112,10
DA:113,17
DA:114,17
DA:115,17
DA:117,17
DA:118,17
DA:119,17
DA:120,17
DA:121,17
DA:123,17
DA:133,1
DA:134,1
DA:135,1
DA:136,1
DA:137,1
DA:141,17
DA:154,1
DA:169,1
DA:174,119
DA:185,1
DA:190,136
DA:202,1
DA:214,1
DA:264,62
DA:272,62
DA:332,1
DA:344,1
LF:45
LH:45
BRDA:43,0,0,62
BRDA:43,0,1,12
BRDA:71,1,0,25
BRDA:71,2,0,62
BRDA:71,2,1,37
BRDA:74,3,0,37
BRDA:74,3,1,12
BRDA:75,4,0,37
BRDA:75,4,1,12
BRDA:78,5,0,1
BRDA:84,6,0,12
BRDA:88,7,0,48
BRDA:93,8,0,48
BRDA:126,9,0,17
BRDA:126,9,1,13
BRDA:127,10,0,17
BRDA:127,10,1,14
BRDA:128,11,0,17
BRDA:128,11,1,15
BRDA:129,12,0,17
BRDA:129,12,1,16
BRDA:219,13,0,17
BRDA:219,13,1,13
BRDA:219,13,2,13
BRDA:219,13,3,13
BRDA:229,14,0,17
BRDA:236,15,0,17
BRDA:243,16,0,17
BRDA:250,17,0,17
BRDA:250,17,1,16
BRDA:250,17,2,15
BRDA:258,18,0,17
BRDA:258,18,1,16
BRDA:258,18,2,15
BRDA:258,18,3,15
BRDA:293,19,0,62
BRDA:304,20,0,62
BRDA:307,21,0,62
BRDA:327,22,0,17
BRDA:327,22,1,15
BRF:40
BRH:40
end_of_record
TN:
SF:src/app/[locale]/admin/exam-regulations/[id]/page.tsx
FN:20,SectionCard
FN:29,InfoRow
FN:46,AdminExamRegDetailPage
FN:87,(anonymous_5)
FN:88,(anonymous_6)
FN:96,openEdit
FN:102,handleEditSave
FN:119,handleAddModule
FN:148,handleJsonImport
FN:177,handleArchive
FN:189,handleRestore
FN:207,(anonymous_13)
FN:279,(anonymous_14)
FN:282,(anonymous_15)
FN:296,(anonymous_16)
FN:301,(anonymous_17)
FN:304,(anonymous_18)
FN:313,(anonymous_19)
FN:334,(anonymous_20)
FN:337,(anonymous_21)
FN:375,(anonymous_22)
FN:386,(anonymous_23)
FN:397,(anonymous_24)
FN:397,(anonymous_25)
FN:406,(anonymous_26)
FN:406,(anonymous_27)
FN:415,(anonymous_28)
FN:415,(anonymous_29)
FN:426,(anonymous_30)
FN:438,(anonymous_31)
FN:448,(anonymous_32)
FN:467,(anonymous_33)
FN:476,ModulTypBadge
FN:495,ModuleFormFields
FN:504,(anonymous_36)
FN:504,(anonymous_37)
FN:514,(anonymous_38)
FN:514,(anonymous_39)
FN:525,(anonymous_40)
FN:525,(anonymous_41)
FN:535,(anonymous_42)
FN:535,(anonymous_43)
FN:543,(anonymous_44)
FN:543,(anonymous_45)
FN:556,(anonymous_46)
FN:556,(anonymous_47)
FN:567,(anonymous_48)
FN:567,(anonymous_49)
FN:578,(anonymous_50)
FN:578,(anonymous_51)
FN:588,(anonymous_52)
FN:588,(anonymous_53)
FN:598,(anonymous_54)
FN:598,(anonymous_55)
FN:607,(anonymous_56)
FN:607,(anonymous_57)
FNF:56
FNH:56
FNDA:234,SectionCard
FNDA:312,InfoRow
FNDA:80,AdminExamRegDetailPage
FNDA:23,(anonymous_5)
FNDA:63,(anonymous_6)
FNDA:3,openEdit
FNDA:2,handleEditSave
FNDA:3,handleAddModule
FNDA:4,handleJsonImport
FNDA:1,handleArchive
FNDA:1,handleRestore
FNDA:1,(anonymous_13)
FNDA:234,(anonymous_14)
FNDA:3,(anonymous_15)
FNDA:4,(anonymous_16)
FNDA:3,(anonymous_17)
FNDA:4,(anonymous_18)
FNDA:4,(anonymous_19)
FNDA:217,(anonymous_20)
FNDA:1,(anonymous_21)
FNDA:2,(anonymous_22)
FNDA:1,(anonymous_23)
FNDA:1,(anonymous_24)
FNDA:1,(anonymous_25)
FNDA:2,(anonymous_26)
FNDA:2,(anonymous_27)
FNDA:1,(anonymous_28)
FNDA:1,(anonymous_29)
FNDA:1,(anonymous_30)
FNDA:1,(anonymous_31)
FNDA:4,(anonymous_32)
FNDA:1,(anonymous_33)
FNDA:217,ModulTypBadge
FNDA:21,ModuleFormFields
FNDA:2,(anonymous_36)
FNDA:2,(anonymous_37)
FNDA:1,(anonymous_38)
FNDA:1,(anonymous_39)
FNDA:2,(anonymous_40)
FNDA:2,(anonymous_41)
FNDA:1,(anonymous_42)
FNDA:1,(anonymous_43)
FNDA:1,(anonymous_44)
FNDA:1,(anonymous_45)
FNDA:1,(anonymous_46)
FNDA:1,(anonymous_47)
FNDA:2,(anonymous_48)
FNDA:2,(anonymous_49)
FNDA:2,(anonymous_50)
FNDA:2,(anonymous_51)
FNDA:1,(anonymous_52)
FNDA:1,(anonymous_53)
FNDA:1,(anonymous_54)
FNDA:1,(anonymous_55)
FNDA:1,(anonymous_56)
FNDA:1,(anonymous_57)
DA:3,1
DA:4,1
DA:5,1
DA:6,1
DA:7,1
DA:8,1
DA:9,1
DA:10,1
DA:11,1
DA:12,1
DA:13,1
DA:14,1
DA:15,1
DA:38,1
DA:46,18
DA:47,80
DA:48,80
DA:49,80
DA:50,80
DA:51,80
DA:52,80
DA:53,80
DA:54,80
DA:56,80
DA:57,80
DA:63,80
DA:64,80
DA:67,80
DA:68,80
DA:69,80
DA:72,80
DA:73,80
DA:74,80
DA:77,80
DA:78,80
DA:79,80
DA:80,80
DA:81,80
DA:84,80
DA:85,80
DA:87,80
DA:88,23
DA:89,63
DA:90,62
DA:91,60
DA:92,60
DA:97,3
DA:98,3
DA:99,3
DA:103,2
DA:104,2
DA:105,2
DA:112,2
DA:113,2
DA:115,2
DA:120,3
DA:121,2
DA:122,2
DA:123,2
DA:139,2
DA:140,2
DA:141,2
DA:142,2
DA:144,2
DA:149,4
DA:150,4
DA:152,4
DA:153,4
DA:155,1
DA:156,1
DA:158,3
DA:159,1
DA:160,1
DA:162,2
DA:163,2
DA:164,2
DA:168,2
DA:169,2
DA:170,2
DA:171,2
DA:173,2
DA:178,1
DA:179,1
DA:180,1
DA:181,1
DA:182,1
DA:183,1
DA:185,1
DA:190,1
DA:191,1
DA:192,1
DA:195,80
DA:203,79
DA:207,1
DA:214,78
DA:280,234
DA:282,3
DA:296,4
DA:301,3
DA:304,4
DA:314,4
DA:335,217
DA:337,1
DA:375,2
DA:386,1
DA:397,1
DA:406,2
DA:415,1
DA:426,1
DA:438,1
DA:448,4
DA:467,1
DA:477,217
DA:504,2
DA:514,1
DA:525,2
DA:535,1
DA:543,1
DA:556,1
DA:567,2
DA:578,2
DA:588,1
DA:598,1
DA:607,1
LF:124
LH:124
BRDA:33,0,0,312
BRDA:33,0,1,0
BRDA:57,1,0,0
BRDA:89,2,0,1
BRDA:89,3,0,63
BRDA:89,3,1,3
BRDA:90,4,0,2
BRDA:90,5,0,62
BRDA:90,5,1,3
BRDA:92,6,0,60
BRDA:92,6,1,8
BRDA:92,7,0,8
BRDA:92,7,1,4
BRDA:97,8,0,0
BRDA:98,9,0,3
BRDA:98,9,1,0
BRDA:108,10,0,2
BRDA:108,10,1,1
BRDA:120,11,0,1
BRDA:127,12,0,2
BRDA:127,12,1,1
BRDA:128,13,0,2
BRDA:128,13,1,1
BRDA:129,14,0,1
BRDA:129,14,1,1
BRDA:132,15,0,2
BRDA:132,15,1,1
BRDA:133,16,0,2
BRDA:133,16,1,1
BRDA:135,17,0,2
BRDA:135,17,1,1
BRDA:136,18,0,1
BRDA:136,18,1,1
BRDA:158,19,0,1
BRDA:168,20,0,2
BRDA:168,20,1,0
BRDA:178,21,0,0
BRDA:190,22,0,0
BRDA:195,23,0,1
BRDA:203,24,0,1
BRDA:203,25,0,79
BRDA:203,25,1,78
BRDA:234,26,0,78
BRDA:239,27,0,78
BRDA:255,28,0,78
BRDA:255,28,1,0
BRDA:258,29,0,78
BRDA:258,29,1,0
BRDA:284,30,0,78
BRDA:284,30,1,156
BRDA:312,31,0,1
BRDA:318,32,0,1
BRDA:340,33,0,217
BRDA:340,33,1,71
BRDA:343,34,0,217
BRDA:343,34,1,71
BRDA:347,35,0,217
BRDA:347,35,1,71
BRDA:349,36,0,71
BRDA:349,36,1,146
BRDA:360,37,0,2
BRDA:360,37,1,76
BRDA:361,38,0,78
BRDA:363,39,0,2
BRDA:364,40,0,2
BRDA:453,41,0,78
BRDA:454,42,0,78
BRDA:457,43,0,2
BRDA:483,44,0,217
BRDA:483,44,1,0
BRF:70
BRH:60
end_of_record
TN:
SF:src/app/[locale]/admin/import/page.tsx
FN:28,AdminImportPage
FN:46,handleValidate
FN:68,handleImport
FN:89,reset
FN:120,(anonymous_5)
FN:132,(anonymous_6)
FN:156,(anonymous_7)
FN:188,(anonymous_8)
FNF:8
FNH:8
FNDA:61,AdminImportPage
FNDA:8,handleValidate
FNDA:4,handleImport
FNDA:1,reset
FNDA:24,(anonymous_5)
FNDA:10,(anonymous_6)
FNDA:21,(anonymous_7)
FNDA:1,(anonymous_8)
DA:3,1
DA:4,1
DA:11,1
DA:12,1
DA:13,1
DA:14,1
DA:15,1
DA:28,10
DA:29,61
DA:30,61
DA:32,61
DA:38,61
DA:39,61
DA:40,61
DA:41,61
DA:42,61
DA:43,61
DA:44,61
DA:47,8
DA:48,8
DA:49,8
DA:50,8
DA:52,8
DA:53,0
DA:54,0
DA:56,8
DA:57,8
DA:58,7
DA:59,1
DA:60,1
DA:62,6
DA:64,1
DA:69,4
DA:70,4
DA:71,4
DA:72,4
DA:73,4
DA:74,4
DA:78,2
DA:79,2
DA:80,2
DA:82,2
DA:83,2
DA:85,4
DA:90,1
DA:91,1
DA:92,1
DA:93,1
DA:94,1
DA:97,61
DA:120,24
DA:132,10
DA:157,21
DA:189,1
LF:54
LH:52
BRDA:32,0,0,0
BRDA:52,1,0,0
BRDA:58,2,0,1
BRDA:69,3,0,0
BRDA:69,4,0,4
BRDA:69,4,1,4
BRDA:76,5,0,4
BRDA:76,5,1,0
BRDA:78,6,0,2
BRDA:78,6,1,0
BRDA:82,7,0,1
BRDA:82,7,1,1
BRDA:97,8,0,61
BRDA:97,8,1,12
BRDA:97,8,2,10
BRDA:140,9,0,61
BRDA:148,10,0,61
BRDA:158,11,0,21
BRDA:158,11,1,11
BRDA:158,12,0,21
BRDA:158,12,1,0
BRDA:158,13,0,21
BRDA:158,13,1,11
BRDA:161,14,0,12
BRDA:171,15,0,61
BRDA:183,16,0,2
BRDA:197,17,0,61
BRDA:216,18,0,61
BRDA:216,18,1,10
BRDA:219,19,0,4
BRDA:224,20,0,61
BRDA:224,20,1,49
BRDA:231,21,0,61
BRF:33
BRH:27
end_of_record
TN:
SF:src/app/[locale]/admin/modules/page.tsx
FN:12,ModulTypBadge
FN:25,AdminModulesPage
FN:35,(anonymous_3)
FN:36,(anonymous_4)
FN:61,(anonymous_5)
FN:64,(anonymous_6)
FN:78,(anonymous_7)
FN:87,(anonymous_8)
FN:109,(anonymous_9)
FN:112,(anonymous_10)
FNF:10
FNH:10
FNDA:17,ModulTypBadge
FNDA:10,AdminModulesPage
FNDA:10,(anonymous_3)
FNDA:24,(anonymous_4)
FNDA:30,(anonymous_5)
FNDA:3,(anonymous_6)
FNDA:2,(anonymous_7)
FNDA:6,(anonymous_8)
FNDA:17,(anonymous_9)
FNDA:1,(anonymous_10)
DA:3,1
DA:4,1
DA:5,1
DA:6,1
DA:7,1
DA:13,17
DA:25,5
DA:26,10
DA:27,10
DA:28,10
DA:30,10
DA:31,10
DA:33,10
DA:35,10
DA:36,10
DA:37,24
DA:38,23
DA:39,21
DA:40,21
DA:44,10
DA:62,30
DA:64,3
DA:78,2
DA:88,6
DA:110,17
DA:112,1
LF:26
LH:26
BRDA:19,0,0,17
BRDA:19,0,1,0
BRDA:33,1,0,0
BRDA:37,2,0,1
BRDA:37,3,0,24
BRDA:37,3,1,3
BRDA:38,4,0,2
BRDA:38,5,0,23
BRDA:38,5,1,3
BRDA:40,6,0,21
BRDA:40,6,1,4
BRDA:40,7,0,4
BRDA:40,7,1,1
BRDA:66,8,0,10
BRDA:66,8,1,20
BRDA:86,9,0,1
BRDA:92,10,0,1
BRDA:115,11,0,17
BRDA:115,11,1,6
BRDA:119,12,0,17
BRDA:119,12,1,6
BRDA:125,13,0,17
BRDA:125,13,1,6
BRDA:128,14,0,5
BRDA:128,14,1,12
BRF:25
BRH:23
end_of_record
TN:
SF:src/app/[locale]/admin/modules/[id]/page.tsx
FN:17,SectionCard
FN:26,InfoRow
FN:35,ModulTypBadge
FN:65,AdminModuleDetailPage
FN:87,openEdit
FN:105,handleEditSave
FN:130,handleAddPrereq
FN:142,(anonymous_9)
FN:154,handleDeletePrereq
FN:160,handleArchive
FN:172,handleRestore
FN:261,(anonymous_13)
FN:278,(anonymous_14)
FN:293,(anonymous_15)
FN:315,(anonymous_16)
FN:326,(anonymous_17)
FN:338,(anonymous_18)
FN:338,(anonymous_19)
FN:348,(anonymous_20)
FN:348,(anonymous_21)
FN:359,(anonymous_22)
FN:359,(anonymous_23)
FN:369,(anonymous_24)
FN:369,(anonymous_25)
FN:377,(anonymous_26)
FN:377,(anonymous_27)
FN:390,(anonymous_28)
FN:390,(anonymous_29)
FN:401,(anonymous_30)
FN:401,(anonymous_31)
FN:412,(anonymous_32)
FN:412,(anonymous_33)
FN:422,(anonymous_34)
FN:422,(anonymous_35)
FN:432,(anonymous_36)
FN:432,(anonymous_37)
FN:441,(anonymous_38)
FN:441,(anonymous_39)
FN:453,(anonymous_40)
FN:464,(anonymous_41)
FN:464,(anonymous_42)
FN:477,(anonymous_43)
FN:477,(anonymous_44)
FN:488,(anonymous_45)
FN:488,(anonymous_46)
FN:501,(anonymous_47)
FN:501,(anonymous_48)
FN:512,(anonymous_49)
FN:512,(anonymous_50)
FN:523,(anonymous_51)
FN:532,PrereqTypeBadge
FNF:51
FNH:51
FNDA:456,SectionCard
FNDA:1672,InfoRow
FNDA:304,ModulTypBadge
FNDA:154,AdminModuleDetailPage
FNDA:3,openEdit
FNDA:2,handleEditSave
FNDA:5,handleAddPrereq
FNDA:2,(anonymous_9)
FNDA:1,handleDeletePrereq
FNDA:1,handleArchive
FNDA:1,handleRestore
FNDA:152,(anonymous_13)
FNDA:1,(anonymous_14)
FNDA:5,(anonymous_15)
FNDA:2,(anonymous_16)
FNDA:1,(anonymous_17)
FNDA:13,(anonymous_18)
FNDA:13,(anonymous_19)
FNDA:6,(anonymous_20)
FNDA:6,(anonymous_21)
FNDA:3,(anonymous_22)
FNDA:3,(anonymous_23)
FNDA:3,(anonymous_24)
FNDA:3,(anonymous_25)
FNDA:1,(anonymous_26)
FNDA:1,(anonymous_27)
FNDA:9,(anonymous_28)
FNDA:9,(anonymous_29)
FNDA:3,(anonymous_30)
FNDA:3,(anonymous_31)
FNDA:4,(anonymous_32)
FNDA:4,(anonymous_33)
FNDA:3,(anonymous_34)
FNDA:3,(anonymous_35)
FNDA:1,(anonymous_36)
FNDA:1,(anonymous_37)
FNDA:1,(anonymous_38)
FNDA:1,(anonymous_39)
FNDA:1,(anonymous_40)
FNDA:4,(anonymous_41)
FNDA:4,(anonymous_42)
FNDA:50,(anonymous_43)
FNDA:50,(anonymous_44)
FNDA:5,(anonymous_45)
FNDA:5,(anonymous_46)
FNDA:2,(anonymous_47)
FNDA:2,(anonymous_48)
FNDA:2,(anonymous_49)
FNDA:2,(anonymous_50)
FNDA:1,(anonymous_51)
FNDA:152,PrereqTypeBadge
DA:3,1
DA:4,1
DA:5,1
DA:6,1
DA:7,1
DA:8,1
DA:9,1
DA:10,1
DA:11,1
DA:12,1
DA:13,1
DA:14,1
DA:36,304
DA:48,1
DA:55,1
DA:65,17
DA:66,154
DA:67,154
DA:68,154
DA:69,154
DA:70,154
DA:71,154
DA:72,154
DA:74,154
DA:76,154
DA:77,154
DA:78,154
DA:80,154
DA:81,154
DA:82,154
DA:84,154
DA:85,154
DA:88,3
DA:89,3
DA:102,3
DA:106,2
DA:107,2
DA:108,2
DA:123,2
DA:124,2
DA:126,2
DA:131,5
DA:132,4
DA:133,4
DA:134,4
DA:142,2
DA:146,4
DA:147,4
DA:148,4
DA:150,4
DA:155,1
DA:156,1
DA:157,1
DA:161,1
DA:162,1
DA:163,1
DA:164,1
DA:165,1
DA:166,1
DA:168,1
DA:173,1
DA:174,1
DA:175,1
DA:178,154
DA:186,153
DA:262,152
DA:278,1
DA:293,5
DA:315,2
DA:326,1
DA:338,13
DA:348,6
DA:359,3
DA:369,3
DA:377,1
DA:390,9
DA:401,3
DA:412,4
DA:422,3
DA:432,1
DA:441,1
DA:453,1
DA:464,4
DA:477,50
DA:488,5
DA:501,2
DA:512,2
DA:523,1
DA:539,152
DA:544,152
LF:90
LH:90
BRDA:30,0,0,1672
BRDA:30,0,1,3
BRDA:42,1,0,304
BRDA:42,1,1,0
BRDA:88,2,0,0
BRDA:91,3,0,3
BRDA:91,3,1,0
BRDA:93,4,0,3
BRDA:93,4,1,0
BRDA:99,5,0,3
BRDA:99,5,1,0
BRDA:100,6,0,3
BRDA:100,6,1,0
BRDA:111,7,0,2
BRDA:111,7,1,1
BRDA:112,8,0,2
BRDA:112,8,1,1
BRDA:113,9,0,1
BRDA:113,9,1,1
BRDA:116,10,0,2
BRDA:116,10,1,1
BRDA:117,11,0,2
BRDA:117,11,1,1
BRDA:119,12,0,2
BRDA:119,12,1,1
BRDA:120,13,0,1
BRDA:120,13,1,1
BRDA:131,14,0,1
BRDA:139,15,0,4
BRDA:139,15,1,3
BRDA:140,16,0,1
BRDA:140,16,1,3
BRDA:141,17,0,2
BRDA:141,17,1,2
BRDA:155,18,0,0
BRDA:161,19,0,0
BRDA:173,20,0,0
BRDA:178,21,0,1
BRDA:186,22,0,1
BRDA:186,23,0,153
BRDA:186,23,1,152
BRDA:210,24,0,152
BRDA:215,25,0,152
BRDA:233,26,0,152
BRDA:233,26,1,1
BRDA:235,27,0,152
BRDA:235,27,1,0
BRDA:240,28,0,0
BRDA:240,28,1,152
BRDA:247,29,0,0
BRDA:268,30,0,152
BRDA:268,30,1,152
BRDA:271,31,0,1
BRDA:271,31,1,151
BRDA:276,32,0,152
BRDA:300,33,0,1
BRDA:300,33,1,151
BRDA:301,34,0,152
BRDA:303,35,0,1
BRDA:304,36,0,1
BRDA:482,37,0,152
BRDA:494,38,0,152
BRDA:506,39,0,152
BRDA:550,40,0,152
BRDA:550,40,1,0
BRDA:551,41,0,152
BRDA:551,41,1,0
BRF:67
BRH:53
end_of_record
TN:
SF:src/app/[locale]/admin/programs/page.tsx
FN:19,AdminProgramsPage
FN:35,(anonymous_2)
FN:41,handleCreate
FN:74,(anonymous_4)
FN:82,(anonymous_5)
FN:85,(anonymous_6)
FN:99,(anonymous_7)
FN:108,(anonymous_8)
FN:116,(anonymous_9)
FN:119,(anonymous_10)
FN:141,(anonymous_11)
FN:153,(anonymous_12)
FN:153,(anonymous_13)
FN:163,(anonymous_14)
FN:163,(anonymous_15)
FN:175,(anonymous_16)
FN:175,(anonymous_17)
FN:185,(anonymous_18)
FN:185,(anonymous_19)
FN:195,(anonymous_20)
FN:195,(anonymous_21)
FNF:21
FNH:21
FNDA:41,AdminProgramsPage
FNDA:78,(anonymous_2)
FNDA:2,handleCreate
FNDA:2,(anonymous_4)
FNDA:123,(anonymous_5)
FNDA:3,(anonymous_6)
FNDA:1,(anonymous_7)
FNDA:4,(anonymous_8)
FNDA:75,(anonymous_9)
FNDA:1,(anonymous_10)
FNDA:1,(anonymous_11)
FNDA:12,(anonymous_12)
FNDA:12,(anonymous_13)
FNDA:4,(anonymous_14)
FNDA:4,(anonymous_15)
FNDA:2,(anonymous_16)
FNDA:2,(anonymous_17)
FNDA:4,(anonymous_18)
FNDA:4,(anonymous_19)
FNDA:5,(anonymous_20)
FNDA:5,(anonymous_21)
DA:3,1
DA:4,1
DA:5,1
DA:6,1
DA:7,1
DA:8,1
DA:9,1
DA:10,1
DA:11,1
DA:12,1
DA:17,1
DA:19,5
DA:20,41
DA:21,41
DA:22,41
DA:23,41
DA:25,41
DA:26,41
DA:27,41
DA:28,41
DA:29,41
DA:31,41
DA:35,41
DA:36,78
DA:37,77
DA:38,76
DA:42,2
DA:43,1
DA:44,1
DA:45,1
DA:52,1
DA:53,1
DA:54,1
DA:56,1
DA:60,41
DA:74,2
DA:83,123
DA:85,3
DA:99,1
DA:109,4
DA:117,75
DA:119,1
DA:141,1
DA:153,12
DA:163,4
DA:175,2
DA:185,4
DA:195,5
LF:48
LH:48
BRDA:31,0,0,0
BRDA:32,1,0,41
BRDA:32,1,1,40
BRDA:36,2,0,1
BRDA:36,3,0,78
BRDA:36,3,1,2
BRDA:37,4,0,1
BRDA:37,5,0,77
BRDA:37,5,1,2
BRDA:42,6,0,1
BRDA:42,7,0,2
BRDA:42,7,1,1
BRDA:87,8,0,41
BRDA:87,8,1,82
BRDA:107,9,0,1
BRDA:113,10,0,1
BRDA:126,11,0,75
BRF:17
BRH:16
end_of_record
TN:
SF:src/app/[locale]/admin/programs/[id]/page.tsx
FN:18,SectionCard
FN:27,InfoRow
FN:38,AdminProgramDetailPage
FN:62,openEdit
FN:73,handleSave
FN:92,handleAddExamReg
FN:112,handleArchive
FN:125,handleRestore
FN:187,(anonymous_10)
FN:213,(anonymous_11)
FN:235,(anonymous_12)
FN:246,(anonymous_13)
FN:254,(anonymous_14)
FN:254,(anonymous_15)
FN:260,(anonymous_16)
FN:260,(anonymous_17)
FN:268,(anonymous_18)
FN:268,(anonymous_19)
FN:274,(anonymous_20)
FN:274,(anonymous_21)
FN:284,(anonymous_22)
FN:293,(anonymous_23)
FN:293,(anonymous_24)
FN:299,(anonymous_25)
FN:299,(anonymous_26)
FN:304,(anonymous_27)
FN:304,(anonymous_28)
FN:313,(anonymous_29)
FNF:28
FNH:28
FNDA:183,SectionCard
FNDA:305,InfoRow
FNDA:63,AdminProgramDetailPage
FNDA:2,openEdit
FNDA:1,handleSave
FNDA:2,handleAddExamReg
FNDA:1,handleArchive
FNDA:1,handleRestore
FNDA:61,(anonymous_10)
FNDA:2,(anonymous_11)
FNDA:2,(anonymous_12)
FNDA:1,(anonymous_13)
FNDA:7,(anonymous_14)
FNDA:7,(anonymous_15)
FNDA:6,(anonymous_16)
FNDA:6,(anonymous_17)
FNDA:2,(anonymous_18)
FNDA:2,(anonymous_19)
FNDA:4,(anonymous_20)
FNDA:4,(anonymous_21)
FNDA:1,(anonymous_22)
FNDA:7,(anonymous_23)
FNDA:7,(anonymous_24)
FNDA:10,(anonymous_25)
FNDA:10,(anonymous_26)
FNDA:1,(anonymous_27)
FNDA:1,(anonymous_28)
FNDA:1,(anonymous_29)
DA:3,1
DA:4,1
DA:5,1
DA:6,1
DA:7,1
DA:8,1
DA:9,1
DA:10,1
DA:11,1
DA:12,1
DA:13,1
DA:14,1
DA:15,1
DA:38,11
DA:39,63
DA:40,63
DA:41,63
DA:42,63
DA:43,63
DA:44,63
DA:45,63
DA:47,63
DA:49,63
DA:50,63
DA:53,63
DA:55,63
DA:56,63
DA:57,63
DA:59,63
DA:60,63
DA:63,2
DA:64,2
DA:70,2
DA:74,1
DA:75,1
DA:76,1
DA:84,1
DA:85,1
DA:86,1
DA:88,1
DA:93,2
DA:94,1
DA:95,1
DA:96,1
DA:104,1
DA:105,1
DA:106,1
DA:108,1
DA:113,1
DA:114,1
DA:115,1
DA:116,1
DA:117,1
DA:118,1
DA:119,1
DA:121,1
DA:126,1
DA:127,1
DA:128,1
DA:129,1
DA:132,63
DA:140,62
DA:188,61
DA:213,2
DA:235,2
DA:246,1
DA:254,7
DA:260,6
DA:268,2
DA:274,4
DA:284,1
DA:293,7
DA:299,10
DA:304,1
DA:313,1
LF:75
LH:75
BRDA:31,0,0,305
BRDA:31,0,1,0
BRDA:63,1,0,0
BRDA:93,2,0,1
BRDA:100,3,0,1
BRDA:100,3,1,0
BRDA:113,4,0,0
BRDA:126,5,0,0
BRDA:132,6,0,1
BRDA:140,7,0,1
BRDA:140,8,0,62
BRDA:140,8,1,61
BRDA:162,9,0,61
BRDA:184,10,0,0
BRDA:196,11,0,61
BRDA:201,12,0,61
BRDA:203,13,0,61
BRDA:220,14,0,1
BRDA:220,14,1,60
BRDA:221,15,0,61
BRDA:223,16,0,1
BRDA:224,17,0,1
BRF:22
BRH:16
end_of_record
TN:
SF:src/app/[locale]/admin/system/page.tsx
FN:19,SectionCard
FN:35,InfoRow
FN:44,ServiceBadge
FN:64,OverallBadge
FN:89,AdminSystemPage
FN:97,refresh
FNF:6
FNH:6
FNDA:30,SectionCard
FNDA:114,InfoRow
FNDA:16,ServiceBadge
FNDA:8,OverallBadge
FNDA:10,AdminSystemPage
FNDA:1,refresh
DA:3,1
DA:4,1
DA:14,1
DA:15,1
DA:16,1
DA:45,16
DA:65,8
DA:73,2
DA:89,10
DA:90,10
DA:91,10
DA:92,10
DA:94,10
DA:95,10
DA:98,1
DA:99,1
DA:102,10
LF:17
LH:17
BRDA:39,0,0,114
BRDA:39,0,1,0
BRDA:45,1,0,13
BRDA:57,2,0,3
BRDA:65,3,0,6
BRDA:73,4,0,1
BRDA:102,5,0,8
BRDA:102,5,1,2
BRDA:115,6,0,10
BRDA:130,7,0,1
BRDA:135,8,0,8
BRDA:161,9,0,1
BRDA:166,10,0,8
BRF:13
BRH:12
end_of_record
TN:
SF:src/app/[locale]/admin/universities/page.tsx
FN:24,AdminUniversitiesPage
FN:37,(anonymous_2)
FN:42,field
FN:43,(anonymous_4)
FN:46,handleCreate
FN:67,(anonymous_6)
FN:76,(anonymous_7)
FN:84,(anonymous_8)
FN:92,(anonymous_9)
FN:95,(anonymous_10)
FN:112,(anonymous_11)
FN:119,(anonymous_12)
FN:125,(anonymous_13)
FN:135,(anonymous_14)
FNF:14
FNH:14
FNDA:46,AdminUniversitiesPage
FNDA:17,(anonymous_2)
FNDA:28,field
FNDA:28,(anonymous_4)
FNDA:2,handleCreate
FNDA:2,(anonymous_6)
FNDA:7,(anonymous_7)
FNDA:3,(anonymous_8)
FNDA:12,(anonymous_9)
FNDA:1,(anonymous_10)
FNDA:1,(anonymous_11)
FNDA:184,(anonymous_12)
FNDA:27,(anonymous_13)
FNDA:1,(anonymous_14)
DA:3,1
DA:4,1
DA:5,1
DA:6,1
DA:7,1
DA:8,1
DA:9,1
DA:10,1
DA:11,1
DA:22,1
DA:24,6
DA:25,46
DA:26,46
DA:27,46
DA:28,46
DA:30,46
DA:31,46
DA:32,46
DA:33,46
DA:34,46
DA:36,46
DA:38,17
DA:43,28
DA:47,2
DA:48,1
DA:49,1
DA:50,1
DA:51,1
DA:52,1
DA:53,1
DA:55,1
DA:67,2
DA:76,7
DA:85,3
DA:93,12
DA:95,1
DA:112,1
DA:120,184
DA:125,27
DA:135,1
LF:40
LH:40
BRDA:30,0,0,0
BRDA:38,1,0,17
BRDA:38,1,1,5
BRDA:47,2,0,1
BRDA:83,3,0,1
BRDA:89,4,0,36
BRF:6
BRH:5
end_of_record
TN:
SF:src/app/[locale]/admin/universities/[id]/page.tsx
FN:17,SectionCard
FN:26,InfoRow
FN:37,AdminUniversityDetailPage
FN:60,openEdit
FN:67,handleSave
FN:83,handleAddFaculty
FN:96,handleDeleteFaculty
FN:102,handleDeleteUni
FN:168,(anonymous_10)
FN:176,(anonymous_11)
FN:188,(anonymous_12)
FN:202,(anonymous_13)
FN:213,(anonymous_14)
FN:219,(anonymous_15)
FN:225,(anonymous_16)
FN:225,(anonymous_17)
FN:235,(anonymous_18)
FN:235,(anonymous_19)
FN:248,(anonymous_20)
FN:260,(anonymous_21)
FN:260,(anonymous_22)
FN:270,(anonymous_23)
FN:270,(anonymous_24)
FN:280,(anonymous_25)
FNF:24
FNH:24
FNDA:124,SectionCard
FNDA:235,InfoRow
FNDA:49,AdminUniversityDetailPage
FNDA:2,openEdit
FNDA:2,handleSave
FNDA:2,handleAddFaculty
FNDA:1,handleDeleteFaculty
FNDA:1,handleDeleteUni
FNDA:17,(anonymous_10)
FNDA:1,(anonymous_11)
FNDA:2,(anonymous_12)
FNDA:2,(anonymous_13)
FNDA:1,(anonymous_14)
FNDA:188,(anonymous_15)
FNDA:7,(anonymous_16)
FNDA:7,(anonymous_17)
FNDA:1,(anonymous_18)
FNDA:1,(anonymous_19)
FNDA:1,(anonymous_20)
FNDA:10,(anonymous_21)
FNDA:10,(anonymous_22)
FNDA:2,(anonymous_23)
FNDA:2,(anonymous_24)
FNDA:1,(anonymous_25)
DA:3,1
DA:4,1
DA:5,1
DA:6,1
DA:7,1
DA:8,1
DA:9,1
DA:10,1
DA:11,1
DA:12,1
DA:13,1
DA:15,1
DA:37,12
DA:38,49
DA:39,49
DA:40,49
DA:41,49
DA:42,49
DA:43,49
DA:44,49
DA:46,49
DA:48,49
DA:49,49
DA:50,49
DA:51,49
DA:53,49
DA:54,49
DA:55,49
DA:57,49
DA:58,49
DA:61,2
DA:62,2
DA:63,2
DA:64,2
DA:68,2
DA:69,2
DA:70,2
DA:71,2
DA:72,1
DA:73,1
DA:74,1
DA:75,1
DA:77,1
DA:79,2
DA:84,2
DA:85,1
DA:86,1
DA:87,1
DA:88,1
DA:89,1
DA:90,1
DA:92,1
DA:97,1
DA:98,1
DA:99,1
DA:103,1
DA:104,1
DA:105,1
DA:106,1
DA:107,1
DA:108,1
DA:110,1
DA:114,49
DA:122,48
DA:169,17
DA:176,1
DA:188,2
DA:202,2
DA:213,1
DA:220,188
DA:225,7
DA:235,1
DA:248,1
DA:260,10
DA:270,2
DA:280,1
LF:76
LH:76
BRDA:30,0,0,235
BRDA:30,0,1,124
BRDA:61,1,0,0
BRDA:84,2,0,1
BRDA:97,3,0,0
BRDA:103,4,0,0
BRDA:114,5,0,1
BRDA:122,6,0,1
BRDA:122,7,0,48
BRDA:122,7,1,47
BRDA:144,8,0,47
BRDA:145,9,0,1
BRDA:145,9,1,2
BRDA:165,10,0,30
BRDA:174,11,0,17
BRDA:195,12,0,47
BRDA:198,13,0,30
BRDA:224,14,0,188
BRDA:224,14,1,128
BRDA:234,15,0,47
BRDA:234,15,1,32
BRF:21
BRH:18
end_of_record
TN:
SF:src/app/[locale]/admin/users/page.tsx
FN:15,AdminUsersPage
FN:23,filterParams
FN:38,handleSearch
FN:43,handleFilter
FN:150,(anonymous_12)
FN:153,(anonymous_13)
FN:176,(anonymous_14)
FN:177,(anonymous_15)
FNF:8
FNH:8
FNDA:13,AdminUsersPage
FNDA:13,filterParams
FNDA:1,handleSearch
FNDA:5,handleFilter
FNDA:65,(anonymous_12)
FNDA:5,(anonymous_13)
FNDA:1,(anonymous_14)
FNDA:3,(anonymous_15)
DA:3,1
DA:4,1
DA:5,1
DA:6,1
DA:7,1
DA:8,1
DA:13,1
DA:15,6
DA:16,13
DA:17,13
DA:18,13
DA:20,13
DA:21,13
DA:22,13
DA:24,13
DA:25,12
DA:26,11
DA:27,10
DA:28,9
DA:31,13
DA:39,1
DA:40,1
DA:44,5
DA:45,5
DA:48,13
DA:132,13
DA:151,65
DA:153,5
DA:176,1
DA:177,3
LF:30
LH:30
BRDA:24,0,0,1
BRDA:25,1,0,1
BRDA:26,2,0,1
BRDA:27,3,0,1
BRDA:55,4,0,0
BRDA:55,4,1,0
BRDA:67,5,0,0
BRDA:67,5,1,0
BRDA:77,6,0,0
BRDA:77,6,1,0
BRDA:78,7,0,0
BRDA:79,8,0,0
BRDA:90,9,0,0
BRDA:90,9,1,0
BRDA:113,10,0,0
BRDA:155,11,0,13
BRDA:155,11,1,52
BRDA:168,12,0,13
BRDA:168,12,1,11
BRDA:169,13,0,13
BRDA:169,13,1,11
BRF:21
BRH:10
end_of_record
TN:
SF:src/app/[locale]/admin/users/[id]/page.tsx
FN:20,InfoRow
FN:29,SectionCard
FN:38,Toggle
FN:56,(anonymous_5)
FN:71,AdminUserDetailPage
FN:92,handleToggle
FN:104,handleSaveNotes
FN:119,handleResetPassword
FN:133,handleDelete
FN:219,(anonymous_11)
FN:226,(anonymous_12)
FN:234,(anonymous_13)
FN:244,(anonymous_14)
FN:300,(anonymous_15)
FN:312,(anonymous_16)
FN:313,(anonymous_17)
FNF:16
FNH:16
FNDA:455,InfoRow
FNDA:175,SectionCard
FNDA:105,Toggle
FNDA:3,(anonymous_5)
FNDA:38,AdminUserDetailPage
FNDA:3,handleToggle
FNDA:2,handleSaveNotes
FNDA:2,handleResetPassword
FNDA:2,handleDelete
FNDA:1,(anonymous_11)
FNDA:1,(anonymous_12)
FNDA:1,(anonymous_13)
FNDA:9,(anonymous_14)
FNDA:3,(anonymous_15)
FNDA:1,(anonymous_16)
FNDA:2,(anonymous_17)
DA:3,1
DA:4,1
DA:5,1
DA:6,1
DA:7,1
DA:8,1
DA:9,1
DA:10,1
DA:11,1
DA:12,1
DA:13,1
DA:56,3
DA:71,8
DA:72,38
DA:73,38
DA:74,38
DA:75,38
DA:76,38
DA:77,38
DA:79,38
DA:81,38
DA:82,38
DA:83,38
DA:84,38
DA:85,38
DA:86,38
DA:87,38
DA:88,38
DA:90,38
DA:93,3
DA:94,3
DA:95,3
DA:96,3
DA:97,3
DA:98,3
DA:100,3
DA:105,2
DA:106,2
DA:107,2
DA:108,2
DA:109,2
DA:110,1
DA:111,1
DA:113,1
DA:115,2
DA:120,2
DA:121,2
DA:122,2
DA:123,2
DA:124,2
DA:125,1
DA:127,1
DA:129,2
DA:134,2
DA:135,2
DA:136,2
DA:137,2
DA:138,1
DA:139,1
DA:141,1
DA:145,38
DA:153,37
DA:219,1
DA:226,1
DA:234,1
DA:244,9
DA:300,3
DA:312,1
DA:313,2
LF:69
LH:69
BRDA:24,0,0,455
BRDA:24,0,1,367
BRDA:58,1,0,9
BRDA:58,1,1,96
BRDA:63,2,0,9
BRDA:63,2,1,96
BRDA:90,3,0,13
BRDA:90,3,1,25
BRDA:90,4,0,25
BRDA:90,4,1,23
BRDA:93,5,0,0
BRDA:105,6,0,0
BRDA:120,7,0,0
BRDA:134,8,0,0
BRDA:145,9,0,1
BRDA:153,10,0,1
BRDA:153,11,0,37
BRDA:153,11,1,36
BRDA:173,12,0,36
BRDA:173,12,1,35
BRDA:175,13,0,36
BRDA:190,14,0,1
BRDA:190,14,1,35
BRDA:192,15,0,36
BRDA:192,15,1,0
BRDA:197,16,0,0
BRDA:197,16,1,36
BRDA:251,17,0,2
BRDA:251,17,1,34
BRDA:255,18,0,36
BRDA:256,19,0,1
BRDA:256,19,1,1
BRDA:271,20,0,36
BRDA:272,21,0,36
BRDA:273,22,0,1
BRDA:273,22,1,1
BRDA:282,23,0,36
BRDA:282,23,1,35
BRDA:285,24,0,2
BRDA:285,24,1,34
BRDA:296,25,0,36
BRDA:314,26,0,36
BRDA:314,26,1,35
BRF:43
BRH:37
end_of_record
TN:
SF:src/app/[locale]/dashboard/setup/SetupForm.tsx
FN:30,SetupForm
FN:52,(anonymous_2)
FN:54,(anonymous_3)
FN:58,(anonymous_4)
FN:63,(anonymous_5)
FN:74,(anonymous_6)
FN:77,(anonymous_7)
FN:82,(anonymous_8)
FN:83,(anonymous_9)
FN:88,(anonymous_10)
FN:97,(anonymous_11)
FN:98,(anonymous_12)
FN:104,(anonymous_13)
FN:109,(anonymous_14)
FN:116,(anonymous_15)
FN:117,(anonymous_16)
FN:121,(anonymous_17)
FN:129,(anonymous_18)
FN:190,(anonymous_19)
FN:193,(anonymous_20)
FN:208,(anonymous_21)
FN:212,(anonymous_22)
FN:227,(anonymous_23)
FN:231,(anonymous_24)
FN:246,(anonymous_25)
FN:250,(anonymous_26)
FNF:26
FNH:23
FNDA:51,SetupForm
FNDA:8,(anonymous_2)
FNDA:8,(anonymous_3)
FNDA:7,(anonymous_4)
FNDA:1,(anonymous_5)
FNDA:14,(anonymous_6)
FNDA:6,(anonymous_7)
FNDA:0,(anonymous_8)
FNDA:6,(anonymous_9)
FNDA:12,(anonymous_10)
FNDA:4,(anonymous_11)
FNDA:4,(anonymous_12)
FNDA:0,(anonymous_13)
FNDA:11,(anonymous_14)
FNDA:3,(anonymous_15)
FNDA:3,(anonymous_16)
FNDA:0,(anonymous_17)
FNDA:2,(anonymous_18)
FNDA:4,(anonymous_19)
FNDA:28,(anonymous_20)
FNDA:3,(anonymous_21)
FNDA:18,(anonymous_22)
FNDA:2,(anonymous_23)
FNDA:11,(anonymous_24)
FNDA:2,(anonymous_25)
FNDA:290,(anonymous_26)
DA:3,1
DA:4,1
DA:5,1
DA:6,1
DA:7,1
DA:8,1
DA:15,1
DA:17,1
DA:19,1
DA:30,8
DA:31,51
DA:32,51
DA:34,51
DA:35,51
DA:36,51
DA:37,51
DA:39,51
DA:40,51
DA:41,51
DA:42,51
DA:44,51
DA:45,51
DA:46,51
DA:47,51
DA:52,51
DA:53,8
DA:55,8
DA:56,7
DA:59,7
DA:60,7
DA:61,7
DA:64,1
DA:65,1
DA:74,51
DA:75,14
DA:76,6
DA:78,6
DA:79,6
DA:82,0
DA:83,6
DA:88,51
DA:89,12
DA:90,8
DA:91,8
DA:92,8
DA:93,8
DA:94,8
DA:96,4
DA:97,4
DA:99,4
DA:100,4
DA:101,4
DA:102,4
DA:104,0
DA:109,51
DA:110,11
DA:111,8
DA:112,8
DA:113,8
DA:115,3
DA:116,3
DA:118,3
DA:119,3
DA:121,0
DA:127,51
DA:129,51
DA:130,2
DA:131,2
DA:132,2
DA:133,2
DA:134,2
DA:139,2
DA:140,1
DA:141,1
DA:142,1
DA:144,1
DA:146,0
DA:148,2
DA:154,51
DA:190,4
DA:194,28
DA:208,3
DA:213,18
DA:227,2
DA:232,11
DA:246,2
DA:251,290
LF:87
LH:83
BRDA:55,0,0,1
BRDA:60,1,0,0
BRDA:75,2,0,8
BRDA:78,3,0,0
BRDA:89,4,0,8
BRDA:97,5,0,4
BRDA:97,5,1,0
BRDA:110,6,0,8
BRDA:116,7,0,3
BRDA:116,7,1,0
BRDA:127,8,0,51
BRDA:127,8,1,8
BRDA:130,9,0,0
BRDA:139,10,0,1
BRDA:141,11,0,1
BRDA:141,11,1,0
BRDA:154,12,0,22
BRDA:170,13,0,29
BRDA:179,14,0,29
BRDA:179,14,1,1
BRDA:209,15,0,29
BRDA:209,15,1,22
BRDA:228,16,0,29
BRDA:228,16,1,14
BRDA:258,17,0,29
BRDA:265,18,0,29
BRDA:265,18,1,6
BRDA:267,19,0,2
BRDA:267,19,1,27
BRF:29
BRH:23
end_of_record
TN:
SF:src/components/admin/AdminFormModal.tsx
FN:23,AdminFormModal
FN:37,(anonymous_2)
FN:39,onKey
FN:43,(anonymous_4)
FN:47,(anonymous_5)
FN:49,(anonymous_6)
FNF:6
FNH:6
FNDA:841,AdminFormModal
FNDA:841,(anonymous_2)
FNDA:191,onKey
FNDA:299,(anonymous_4)
FNDA:174,(anonymous_5)
FNDA:174,(anonymous_6)
DA:3,6
DA:4,6
DA:5,6
DA:6,6
DA:7,6
DA:23,841
DA:34,841
DA:37,841
DA:38,841
DA:40,191
DA:42,299
DA:43,299
DA:47,841
DA:48,174
DA:49,174
DA:52,841
DA:54,299
LF:17
LH:17
BRDA:28,0,0,0
BRDA:30,1,0,338
BRDA:32,2,0,841
BRDA:38,3,0,542
BRDA:40,4,0,0
BRDA:48,5,0,30
BRDA:48,5,1,144
BRDA:52,6,0,542
BRDA:54,7,0,203
BRDA:54,7,1,96
BRDA:70,8,0,0
BRDA:70,8,1,299
BRDA:96,9,0,19
BRDA:96,9,1,280
BRDA:102,10,0,280
BRDA:102,10,1,280
BRF:16
BRH:13
end_of_record
TN:
SF:src/components/admin/ArchiveDialog.tsx
FN:18,ArchiveDialog
FN:24,(anonymous_2)
FN:29,(anonymous_3)
FN:31,onKey
FN:33,(anonymous_5)
FN:36,(anonymous_6)
FN:38,(anonymous_7)
FN:75,(anonymous_8)
FN:89,(anonymous_9)
FNF:9
FNH:8
FNDA:90,ArchiveDialog
FNDA:19,(anonymous_2)
FNDA:78,(anonymous_3)
FNDA:0,onKey
FNDA:3,(anonymous_5)
FNDA:19,(anonymous_6)
FNDA:19,(anonymous_7)
FNDA:1,(anonymous_8)
FNDA:1,(anonymous_9)
DA:3,1
DA:4,1
DA:5,1
DA:6,1
DA:7,1
DA:18,78
DA:19,90
DA:20,90
DA:21,90
DA:24,90
DA:25,19
DA:29,90
DA:30,78
DA:31,0
DA:32,3
DA:33,3
DA:36,90
DA:37,19
DA:38,19
DA:41,90
DA:75,1
DA:89,1
LF:22
LH:21
BRDA:18,0,0,0
BRDA:25,1,0,17
BRDA:30,2,0,75
BRDA:31,3,0,0
BRDA:37,4,0,2
BRDA:37,4,1,17
BRDA:41,5,0,85
BRDA:62,6,0,5
BRDA:90,7,0,5
BRDA:90,7,1,5
BRDA:90,7,2,2
BRDA:93,8,0,1
BRDA:93,8,1,4
BRF:13
BRH:11
end_of_record
TN:
SF:src/components/admin/GrowthChart.tsx
FN:24,formatDay
FN:32,GrowthChart
FN:47,(anonymous_3)
FN:75,(anonymous_4)
FNF:4
FNH:4
FNDA:4,formatDay
FNDA:7,GrowthChart
FNDA:4,(anonymous_3)
FNDA:1,(anonymous_4)
DA:11,2
DA:12,2
DA:25,4
DA:26,4
DA:28,0
DA:32,7
DA:33,7
DA:35,7
DA:39,4
DA:47,4
DA:75,1
LF:11
LH:10
BRDA:35,0,0,3
BRDA:39,1,0,2
BRF:2
BRH:2
end_of_record
TN:
SF:src/components/admin/KPICard.tsx
FN:15,KPICard
FNF:1
FNH:1
FNDA:35,KPICard
DA:3,2
DA:15,35
LF:2
LH:2
BRDA:17,0,0,35
BRDA:17,0,1,30
BRDA:26,1,0,15
BRDA:30,2,0,20
BRDA:30,2,1,13
BRDA:32,3,0,10
BRDA:35,4,0,1
BRDA:35,4,1,2
BRDA:37,5,0,1
BRDA:37,5,1,1
BRDA:42,6,0,1
BRDA:42,6,1,2
BRDA:44,7,0,1
BRDA:44,7,1,1
BRDA:47,8,0,1
BRDA:47,8,1,2
BRDA:51,9,0,10
BRF:17
BRH:17
end_of_record
TN:
SF:src/components/admin/StatusBadge.tsx
FN:22,StatusBadge
FNF:1
FNH:1
FNDA:118,StatusBadge
DA:3,6
DA:4,6
DA:8,6
DA:22,118
DA:23,118
LF:5
LH:5
BRF:0
BRH:0
end_of_record
TN:
SF:src/components/auth/LoginForm.tsx
FN:16,LoginForm
FN:23,handleSubmit
FN:96,(anonymous_4)
FN:96,(anonymous_5)
FNF:4
FNH:4
FNDA:12,LoginForm
FNDA:2,handleSubmit
FNDA:2,(anonymous_4)
FNDA:2,(anonymous_5)
DA:3,1
DA:4,1
DA:5,1
DA:6,1
DA:7,1
DA:8,1
DA:9,1
DA:16,6
DA:17,12
DA:18,12
DA:19,12
DA:20,12
DA:21,12
DA:24,2
DA:25,2
DA:26,2
DA:28,2
DA:29,2
DA:30,2
DA:39,1
DA:40,1
DA:41,1
DA:42,1
DA:43,0
DA:44,1
DA:45,1
DA:47,1
DA:48,1
DA:51,0
DA:52,0
DA:54,1
DA:56,2
DA:96,2
LF:33
LH:30
BRDA:39,0,0,1
BRDA:42,1,0,0
BRDA:42,1,1,1
BRDA:42,2,0,1
BRDA:42,2,1,0
BRDA:44,3,0,1
BRDA:51,4,0,0
BRDA:51,4,1,0
BRDA:88,5,0,1
BRDA:88,5,1,11
BRDA:95,6,0,1
BRDA:95,6,1,11
BRDA:100,7,0,1
BRDA:114,8,0,12
BRDA:121,9,0,2
BRDA:121,9,1,10
BRF:16
BRH:12
end_of_record
TN:
SF:src/components/auth/LogoutButton.tsx
FN:12,LogoutButton
FN:17,handleLogout
FNF:2
FNH:2
FNDA:3,LogoutButton
FNDA:1,handleLogout
DA:3,1
DA:4,1
DA:5,1
DA:6,1
DA:12,2
DA:13,3
DA:14,3
DA:15,3
DA:18,1
DA:19,1
DA:23,1
DA:24,1
LF:12
LH:12
BRF:0
BRH:0
end_of_record
TN:
SF:src/components/auth/RegisterForm.tsx
FN:22,RegisterForm
FN:34,(anonymous_3)
FN:36,(anonymous_4)
FN:37,(anonymous_5)
FN:41,(anonymous_6)
FN:42,(anonymous_7)
FN:45,handleSubmit
FN:144,(anonymous_9)
FN:148,(anonymous_10)
FN:189,(anonymous_11)
FN:189,(anonymous_12)
FN:221,(anonymous_13)
FN:221,(anonymous_14)
FNF:13
FNH:11
FNDA:13,RegisterForm
FNDA:6,(anonymous_3)
FNDA:6,(anonymous_4)
FNDA:6,(anonymous_5)
FNDA:0,(anonymous_6)
FNDA:6,(anonymous_7)
FNDA:2,handleSubmit
FNDA:0,(anonymous_9)
FNDA:5,(anonymous_10)
FNDA:1,(anonymous_11)
FNDA:1,(anonymous_12)
FNDA:1,(anonymous_13)
FNDA:1,(anonymous_14)
DA:3,1
DA:4,1
DA:5,1
DA:6,1
DA:7,1
DA:8,1
DA:9,1
DA:10,1
DA:22,6
DA:23,13
DA:24,13
DA:25,13
DA:26,13
DA:27,13
DA:28,13
DA:29,13
DA:30,13
DA:31,13
DA:32,13
DA:34,13
DA:35,6
DA:36,6
DA:38,6
DA:39,6
DA:42,6
DA:46,2
DA:47,2
DA:48,2
DA:50,2
DA:51,2
DA:52,2
DA:54,2
DA:55,1
DA:56,1
DA:57,1
DA:60,1
DA:61,1
DA:74,1
DA:75,1
DA:76,1
DA:77,1
DA:78,0
DA:79,1
DA:80,1
DA:82,1
DA:83,1
DA:84,1
DA:87,0
DA:89,0
DA:91,1
DA:95,13
DA:144,0
DA:149,5
DA:189,1
DA:221,1
LF:55
LH:51
BRDA:39,0,0,6
BRDA:54,1,0,1
BRDA:69,2,0,0
BRDA:69,2,1,1
BRDA:74,3,0,1
BRDA:77,4,0,0
BRDA:77,4,1,1
BRDA:77,5,0,1
BRDA:77,5,1,0
BRDA:79,6,0,1
BRDA:95,7,0,0
BRDA:147,8,0,8
BRDA:147,8,1,5
BRDA:181,9,0,1
BRDA:181,9,1,12
BRDA:188,10,0,1
BRDA:188,10,1,12
BRDA:193,11,0,1
BRDA:213,12,0,1
BRDA:213,12,1,12
BRDA:220,13,0,1
BRDA:220,13,1,12
BRDA:225,14,0,1
BRDA:239,15,0,13
BRDA:246,16,0,1
BRDA:246,16,1,12
BRF:26
BRH:22
end_of_record
TN:
SF:src/components/auth/VerifyForm.tsx
FN:14,VerifyForm
FN:20,handleSubmit
FN:77,(anonymous_3)
FNF:3
FNH:0
FNDA:0,VerifyForm
FNDA:0,handleSubmit
FNDA:0,(anonymous_3)
DA:3,1
DA:4,1
DA:5,1
DA:6,1
DA:7,1
DA:14,0
DA:15,0
DA:16,0
DA:17,0
DA:18,0
DA:21,0
DA:22,0
DA:23,0
DA:25,0
DA:26,0
DA:32,0
DA:33,0
DA:34,0
DA:35,0
DA:36,0
DA:37,0
DA:38,0
DA:40,0
DA:41,0
DA:42,0
DA:46,0
DA:48,0
DA:50,0
DA:77,0
LF:29
LH:5
BRDA:32,0,0,0
BRDA:35,1,0,0
BRDA:35,1,1,0
BRDA:35,2,0,0
BRDA:35,2,1,0
BRDA:37,3,0,0
BRDA:82,4,0,0
BRDA:88,5,0,0
BRDA:88,5,1,0
BRDA:89,6,0,0
BRDA:89,6,1,0
BRF:11
BRH:0
end_of_record
TN:
SF:src/components/study/AddModuleModal.tsx
FN:37,AddModuleModal
FN:53,(anonymous_2)
FN:61,(anonymous_3)
FN:63,(anonymous_4)
FN:65,(anonymous_5)
FN:69,(anonymous_6)
FN:72,(anonymous_7)
FN:76,(anonymous_8)
FN:77,(anonymous_9)
FN:79,(anonymous_10)
FN:83,(anonymous_11)
FN:84,(anonymous_12)
FN:88,(anonymous_13)
FN:97,(anonymous_14)
FN:98,(anonymous_15)
FN:138,(anonymous_16)
FN:151,(anonymous_17)
FN:200,(anonymous_18)
FN:203,(anonymous_19)
FN:235,(anonymous_20)
FN:252,(anonymous_21)
FN:255,(anonymous_22)
FN:278,(anonymous_23)
FN:288,(anonymous_24)
FNF:24
FNH:19
FNDA:28,AddModuleModal
FNDA:0,(anonymous_2)
FNDA:196,(anonymous_3)
FNDA:9,(anonymous_4)
FNDA:9,(anonymous_5)
FNDA:8,(anonymous_6)
FNDA:8,(anonymous_7)
FNDA:8,(anonymous_8)
FNDA:8,(anonymous_9)
FNDA:24,(anonymous_10)
FNDA:1,(anonymous_11)
FNDA:9,(anonymous_12)
FNDA:3,(anonymous_13)
FNDA:2,(anonymous_14)
FNDA:1,(anonymous_15)
FNDA:0,(anonymous_16)
FNDA:2,(anonymous_17)
FNDA:2,(anonymous_18)
FNDA:25,(anonymous_19)
FNDA:1,(anonymous_20)
FNDA:0,(anonymous_21)
FNDA:35,(anonymous_22)
FNDA:0,(anonymous_23)
FNDA:0,(anonymous_24)
DA:3,2
DA:4,2
DA:5,2
DA:6,2
DA:7,2
DA:8,2
DA:10,2
DA:12,2
DA:30,2
DA:37,9
DA:38,28
DA:40,28
DA:41,28
DA:42,28
DA:43,28
DA:44,28
DA:45,28
DA:46,28
DA:47,28
DA:48,28
DA:49,28
DA:51,28
DA:53,28
DA:54,0
DA:55,0
DA:56,0
DA:57,0
DA:58,0
DA:61,196
DA:63,28
DA:64,9
DA:66,9
DA:67,8
DA:70,8
DA:73,8
DA:74,8
DA:77,8
DA:78,8
DA:79,24
DA:81,8
DA:83,1
DA:84,9
DA:88,28
DA:89,3
DA:92,3
DA:96,3
DA:97,2
DA:98,1
DA:102,28
DA:103,28
DA:106,28
DA:138,0
DA:151,2
DA:200,2
DA:204,25
DA:235,1
DA:252,0
DA:256,35
DA:278,0
DA:288,0
LF:60
LH:51
BRDA:37,0,0,28
BRDA:37,1,0,28
BRDA:55,2,0,0
BRDA:61,3,0,28
BRDA:61,3,1,28
BRDA:66,4,0,1
BRDA:73,5,0,0
BRDA:79,6,0,24
BRDA:79,6,1,16
BRDA:92,7,0,2
BRDA:92,7,1,1
BRDA:98,8,0,1
BRDA:98,8,1,0
BRDA:106,9,0,23
BRDA:106,9,1,5
BRDA:107,10,0,23
BRDA:107,10,1,7
BRDA:107,10,2,7
BRDA:108,11,0,5
BRDA:108,11,1,3
BRDA:108,11,2,3
BRDA:108,11,3,3
BRDA:141,12,0,23
BRDA:141,12,1,5
BRDA:154,13,0,5
BRDA:154,13,1,23
BRDA:165,14,0,28
BRDA:173,15,0,23
BRDA:179,16,0,23
BRDA:182,17,0,23
BRDA:186,18,0,23
BRDA:186,18,1,14
BRDA:190,19,0,0
BRDA:194,20,0,0
BRDA:205,21,0,25
BRDA:205,21,1,0
BRDA:210,22,0,13
BRDA:210,22,1,0
BRDA:221,23,0,28
BRDA:261,24,0,5
BRDA:261,24,1,0
BRDA:296,25,0,28
BRDA:307,26,0,28
BRDA:307,26,1,10
BRDA:307,26,2,7
BRDA:307,26,3,7
BRDA:309,27,0,3
BRDA:309,27,1,25
BRF:48
BRH:40
end_of_record
TN:
SF:src/components/study/ModuleList.tsx
FN:26,ModuleList
FN:36,(anonymous_2)
FN:41,(anonymous_3)
FN:43,(anonymous_4)
FN:43,(anonymous_5)
FN:46,(anonymous_6)
FN:76,(anonymous_7)
FN:85,(anonymous_8)
FN:95,(anonymous_9)
FN:147,(anonymous_10)
FN:157,(anonymous_11)
FN:167,(anonymous_12)
FNF:12
FNH:9
FNDA:22,ModuleList
FNDA:1,(anonymous_2)
FNDA:10,(anonymous_3)
FNDA:20,(anonymous_4)
FNDA:20,(anonymous_5)
FNDA:20,(anonymous_6)
FNDA:10,(anonymous_7)
FNDA:20,(anonymous_8)
FNDA:2,(anonymous_9)
FNDA:0,(anonymous_10)
FNDA:0,(anonymous_11)
FNDA:0,(anonymous_12)
DA:3,1
DA:4,1
DA:5,1
DA:6,1
DA:7,1
DA:8,1
DA:9,1
DA:12,1
DA:19,1
DA:26,10
DA:27,22
DA:28,22
DA:29,22
DA:31,22
DA:32,22
DA:33,22
DA:34,22
DA:36,22
DA:37,1
DA:40,22
DA:41,22
DA:42,22
DA:43,20
DA:45,22
DA:46,20
DA:49,22
DA:61,12
DA:67,11
DA:77,10
DA:87,20
DA:89,20
DA:90,20
DA:92,20
DA:95,2
DA:147,0
DA:157,0
DA:167,0
LF:37
LH:34
BRDA:40,0,0,22
BRDA:40,0,1,11
BRDA:49,1,0,10
BRDA:61,2,0,1
BRDA:67,3,0,1
BRDA:79,4,0,10
BRDA:79,4,1,0
BRDA:87,5,0,20
BRDA:87,5,1,0
BRDA:87,5,2,0
BRDA:89,6,0,20
BRDA:89,6,1,0
BRDA:89,6,2,0
BRDA:90,7,0,20
BRDA:90,7,1,0
BRDA:101,8,0,20
BRDA:106,9,0,20
BRDA:110,10,0,0
BRDA:110,10,1,0
BRDA:124,11,0,20
BRDA:77,12,0,10
BRDA:77,12,1,0
BRDA:153,13,0,10
BRDA:162,14,0,10
BRDA:166,15,0,0
BRDA:166,15,1,0
BRF:26
BRH:15
end_of_record
TN:
SF:src/components/study/ModuleModal.tsx
FN:35,ModuleModal
FN:60,(anonymous_2)
FN:72,(anonymous_3)
FN:73,(anonymous_4)
FN:142,(anonymous_5)
FN:150,(anonymous_6)
FN:165,(anonymous_7)
FN:169,(anonymous_8)
FNF:8
FNH:6
FNDA:13,ModuleModal
FNDA:3,(anonymous_2)
FNDA:2,(anonymous_3)
FNDA:1,(anonymous_4)
FNDA:0,(anonymous_5)
FNDA:48,(anonymous_6)
FNDA:0,(anonymous_7)
FNDA:121,(anonymous_8)
DA:3,2
DA:4,2
DA:5,2
DA:6,2
DA:7,2
DA:8,2
DA:10,2
DA:12,2
DA:14,2
DA:28,2
DA:35,9
DA:36,13
DA:37,13
DA:38,13
DA:40,13
DA:41,13
DA:43,13
DA:49,13
DA:51,13
DA:53,13
DA:56,13
DA:58,13
DA:60,12
DA:61,3
DA:63,3
DA:64,3
DA:65,1
DA:66,1
DA:69,3
DA:72,2
DA:73,1
DA:142,0
DA:151,48
DA:165,0
DA:170,121
LF:35
LH:33
BRDA:41,0,0,3
BRDA:41,0,1,10
BRDA:53,1,0,13
BRDA:53,1,1,0
BRDA:55,2,0,0
BRDA:55,2,1,0
BRDA:56,3,0,13
BRDA:56,3,1,0
BRDA:56,3,2,0
BRDA:58,4,0,1
BRDA:64,5,0,1
BRDA:64,6,0,3
BRDA:64,6,1,3
BRDA:66,7,0,1
BRDA:73,8,0,1
BRDA:73,8,1,0
BRDA:102,9,0,12
BRDA:114,10,0,12
BRDA:114,10,1,12
BRDA:114,10,2,12
BRDA:116,11,0,0
BRDA:120,12,0,0
BRDA:120,12,1,0
BRDA:127,13,0,0
BRDA:160,14,0,11
BRDA:183,15,0,12
BRDA:195,16,0,0
BRDA:195,16,1,12
BRF:28
BRH:17
end_of_record
TN:
SF:src/components/study/StatsCard.tsx
FN:6,StatsCard
FNF:1
FNH:1
FNDA:11,StatsCard
DA:3,1
DA:4,1
DA:6,6
DA:7,11
DA:8,11
DA:10,11
DA:22,5
DA:30,4
LF:8
LH:8
BRDA:10,0,0,6
BRDA:22,1,0,1
BRDA:22,2,0,5
BRDA:22,2,1,4
BRDA:39,3,0,3
BRDA:39,3,1,1
BRF:6
BRH:6
end_of_record
TN:
SF:src/components/ui/button.tsx
FN:39,(anonymous_6)
FNF:1
FNH:1
FNDA:2266,(anonymous_6)
DA:1,18
DA:2,18
DA:3,18
DA:4,18
DA:6,18
DA:38,18
DA:40,2266
DA:46,18
DA:48,2271
LF:9
LH:9
BRDA:39,0,0,2266
BRDA:40,1,0,0
BRDA:40,1,1,2266
BRF:3
BRH:2
end_of_record
TN:
SF:src/components/ui/input.tsx
FNF:0
FNH:0
DA:1,5
DA:2,5
DA:22,5
DA:24,116
LF:4
LH:4
BRF:0
BRH:0
end_of_record
TN:
SF:src/components/ui/label.tsx
FNF:0
FNH:0
DA:1,7
DA:2,7
DA:18,7
DA:20,308
LF:4
LH:4
BRF:0
BRH:0
end_of_record
TN:
SF:src/hooks/useAdminSession.ts
FN:15,readFromStorage
FN:28,useAdminSession
FN:33,(anonymous_3)
FN:34,hydrate
FN:41,(anonymous_5)
FN:45,(anonymous_6)
FN:47,(anonymous_7)
FN:56,(anonymous_8)
FN:59,(anonymous_9)
FN:68,(anonymous_10)
FNF:10
FNH:0
FNDA:0,readFromStorage
FNDA:0,useAdminSession
FNDA:0,(anonymous_3)
FNDA:0,hydrate
FNDA:0,(anonymous_5)
FNDA:0,(anonymous_6)
FNDA:0,(anonymous_7)
FNDA:0,(anonymous_8)
FNDA:0,(anonymous_9)
FNDA:0,(anonymous_10)
DA:3,6
DA:5,6
DA:6,6
DA:7,6
DA:8,6
DA:16,0
DA:17,0
DA:18,0
DA:19,0
DA:20,0
DA:21,0
DA:22,0
DA:24,0
DA:28,6
DA:29,0
DA:30,0
DA:33,0
DA:35,0
DA:36,0
DA:37,0
DA:39,0
DA:40,0
DA:41,0
DA:45,0
DA:46,0
DA:47,0
DA:48,0
DA:49,0
DA:50,0
DA:51,0
DA:52,0
DA:53,0
DA:56,0
DA:59,0
DA:60,0
DA:61,0
DA:62,0
DA:63,0
DA:65,0
DA:68,0
DA:69,0
DA:70,0
DA:71,0
DA:72,0
DA:75,0
DA:76,0
DA:78,0
LF:47
LH:6
BRDA:18,0,0,0
BRDA:20,1,0,0
BRDA:37,2,0,0
BRDA:37,2,1,0
BRDA:46,3,0,0
BRDA:50,4,0,0
BRDA:75,5,0,0
BRDA:75,5,1,0
BRDA:76,6,0,0
BRDA:76,6,1,0
BRDA:79,7,0,0
BRDA:79,7,1,0
BRF:12
BRH:0
end_of_record
TN:
SF:src/hooks/admin/useAdminAuditLog.ts
FN:16,useAdminAuditLogs
FN:36,(anonymous_4)
FN:38,(anonymous_5)
FN:42,useAdminAuditLogEntry
FN:45,(anonymous_7)
FNF:5
FNH:0
FNDA:0,useAdminAuditLogs
FNDA:0,(anonymous_4)
FNDA:0,(anonymous_5)
FNDA:0,useAdminAuditLogEntry
FNDA:0,(anonymous_7)
DA:3,1
DA:4,1
DA:16,1
DA:17,0
DA:21,0
DA:22,0
DA:23,0
DA:24,0
DA:26,0
DA:36,0
DA:38,0
DA:42,1
DA:43,0
DA:45,0
LF:14
LH:4
BRDA:19,0,0,0
BRDA:19,0,1,0
BRDA:21,1,0,0
BRDA:22,2,0,0
BRDA:23,3,0,0
BRDA:24,4,0,0
BRF:6
BRH:0
end_of_record
TN:
SF:src/hooks/admin/useAdminModules.ts
FN:7,useAdminModules
FN:14,(anonymous_5)
FN:19,useAdminModule
FN:22,(anonymous_7)
FN:28,useAdminExamReg
FN:31,(anonymous_9)
FNF:6
FNH:0
FNDA:0,useAdminModules
FNDA:0,(anonymous_5)
FNDA:0,useAdminModule
FNDA:0,(anonymous_7)
FNDA:0,useAdminExamReg
FNDA:0,(anonymous_9)
DA:3,3
DA:4,3
DA:7,3
DA:8,0
DA:9,0
DA:10,0
DA:12,0
DA:14,0
DA:19,3
DA:20,0
DA:22,0
DA:28,3
DA:29,0
DA:31,0
LF:14
LH:5
BRDA:9,0,0,0
BRDA:10,1,0,0
BRF:2
BRH:0
end_of_record
TN:
SF:src/hooks/admin/useAdminPrograms.ts
FN:7,useAdminPrograms
FN:14,(anonymous_4)
FN:19,useAdminProgram
FN:22,(anonymous_6)
FNF:4
FNH:0
FNDA:0,useAdminPrograms
FNDA:0,(anonymous_4)
FNDA:0,useAdminProgram
FNDA:0,(anonymous_6)
DA:3,3
DA:4,3
DA:7,3
DA:8,0
DA:9,0
DA:10,0
DA:12,0
DA:14,0
DA:19,3
DA:20,0
DA:22,0
LF:11
LH:4
BRDA:9,0,0,0
BRDA:10,1,0,0
BRF:2
BRH:0
end_of_record
TN:
SF:src/hooks/admin/useAdminSystem.ts
FN:7,useAdminSystemInfo
FN:10,(anonymous_4)
FN:15,useAdminSystemHealth
FN:18,(anonymous_6)
FNF:4
FNH:0
FNDA:0,useAdminSystemInfo
FNDA:0,(anonymous_4)
FNDA:0,useAdminSystemHealth
FNDA:0,(anonymous_6)
DA:3,1
DA:4,1
DA:7,1
DA:8,0
DA:10,0
DA:15,1
DA:16,0
DA:18,0
LF:8
LH:4
BRF:0
BRH:0
end_of_record
TN:
SF:src/hooks/admin/useAdminUniversities.ts
FN:7,useAdminUniversities
FN:10,(anonymous_4)
FN:15,useAdminUniversity
FN:18,(anonymous_6)
FNF:4
FNH:0
FNDA:0,useAdminUniversities
FNDA:0,(anonymous_4)
FNDA:0,useAdminUniversity
FNDA:0,(anonymous_6)
DA:3,2
DA:4,2
DA:7,2
DA:8,0
DA:10,0
DA:15,2
DA:16,0
DA:18,0
LF:8
LH:4
BRF:0
BRH:0
end_of_record
TN:
SF:src/hooks/admin/useAdminUser.ts
FN:6,useAdminUser
FN:9,(anonymous_2)
FNF:2
FNH:0
FNDA:0,useAdminUser
FNDA:0,(anonymous_2)
DA:3,1
DA:6,1
DA:7,0
DA:10,0
DA:11,0
DA:12,0
LF:6
LH:2
BRDA:11,0,0,0
BRF:1
BRH:0
end_of_record
TN:
SF:src/hooks/admin/useAdminUsers.ts
FN:15,useAdminUsers
FN:20,(anonymous_2)
FN:32,(anonymous_3)
FNF:3
FNH:0
FNDA:0,useAdminUsers
FNDA:0,(anonymous_2)
FNDA:0,(anonymous_3)
DA:3,1
DA:15,1
DA:16,0
DA:18,0
DA:21,0
DA:22,0
DA:23,0
DA:24,0
DA:25,0
DA:27,0
DA:28,0
DA:29,0
DA:32,0
LF:13
LH:2
BRDA:16,0,0,0
BRDA:22,1,0,0
BRDA:23,2,0,0
BRDA:24,3,0,0
BRDA:25,4,0,0
BRDA:28,5,0,0
BRF:6
BRH:0
end_of_record
TN:
SF:src/hooks/queries/useAddModule.ts
FN:13,useAddModule
FN:17,(anonymous_2)
FN:25,(anonymous_3)
FN:31,(anonymous_4)
FNF:4
FNH:3
FNDA:28,useAddModule
FNDA:3,(anonymous_2)
FNDA:0,(anonymous_3)
FNDA:2,(anonymous_4)
DA:3,2
DA:13,28
DA:14,28
DA:16,28
DA:18,3
DA:24,3
DA:25,1
DA:26,1
DA:29,2
DA:32,2
DA:33,2
LF:11
LH:11
BRDA:24,0,0,1
BRDA:26,1,0,1
BRDA:26,1,1,0
BRF:3
BRH:2
end_of_record
TN:
SF:src/hooks/queries/useUpdateModule.ts
FN:12,useUpdateModule
FN:16,(anonymous_2)
FN:30,(anonymous_3)
FN:36,(anonymous_4)
FNF:4
FNH:3
FNDA:13,useUpdateModule
FNDA:3,(anonymous_2)
FNDA:0,(anonymous_3)
FNDA:2,(anonymous_4)
DA:3,2
DA:12,13
DA:13,13
DA:15,13
DA:17,3
DA:23,3
DA:25,0
DA:26,0
DA:29,3
DA:30,1
DA:31,1
DA:34,2
DA:37,2
DA:38,2
LF:14
LH:12
BRDA:23,0,0,0
BRDA:29,1,0,1
BRDA:31,2,0,1
BRDA:31,2,1,0
BRF:4
BRH:2
end_of_record
TN:
SF:src/hooks/queries/useUserModules.ts
FN:6,useUserModules
FN:9,(anonymous_2)
FNF:2
FNH:2
FNDA:22,useUserModules
FNDA:11,(anonymous_2)
DA:3,1
DA:6,22
DA:7,22
DA:10,11
DA:11,11
DA:12,1
DA:14,10
LF:7
LH:7
BRDA:11,0,0,1
BRF:1
BRH:1
end_of_record
TN:
SF:src/hooks/queries/useUserStats.ts
FN:6,useUserStats
FN:9,(anonymous_2)
FNF:2
FNH:2
FNDA:33,useUserStats
FNDA:17,(anonymous_2)
DA:3,2
DA:6,33
DA:7,33
DA:10,17
DA:11,17
DA:12,2
DA:14,15
LF:7
LH:7
BRDA:11,0,0,2
BRF:1
BRH:1
end_of_record
TN:
SF:src/lib/adminFetch.ts
FN:6,adminGet
FN:13,adminMutate
FNF:2
FNH:0
FNDA:0,adminGet
FNDA:0,adminMutate
DA:6,8
DA:7,0
DA:8,0
DA:9,0
DA:10,0
DA:13,8
DA:18,0
DA:19,0
DA:23,0
DA:25,0
DA:31,0
DA:32,0
DA:33,0
LF:13
LH:2
BRDA:9,0,0,0
BRDA:16,1,0,0
BRDA:23,2,0,0
BRDA:28,3,0,0
BRDA:28,3,1,0
BRDA:31,4,0,0
BRDA:32,5,0,0
BRF:7
BRH:0
end_of_record
TN:
SF:src/lib/semesterUtils.ts
FN:10,getSemesterStartDate
FN:21,getCurrentSemesterLabel
FN:39,formatSemesterLabel
FN:53,computeCurrentSemesterNumber
FN:80,generateSemesterOptions
FNF:5
FNH:2
FNDA:0,getSemesterStartDate
FNDA:0,getCurrentSemesterLabel
FNDA:290,formatSemesterLabel
FNDA:0,computeCurrentSemesterNumber
FNDA:1,generateSemesterOptions
DA:10,0
DA:11,0
DA:12,0
DA:13,0
DA:16,0
DA:17,0
DA:21,0
DA:22,0
DA:23,0
DA:24,0
DA:25,0
DA:26,0
DA:28,0
DA:29,0
DA:32,0
DA:39,290
DA:40,290
DA:41,145
DA:42,145
DA:44,145
DA:45,145
DA:53,0
DA:54,0
DA:55,0
DA:56,0
DA:58,0
DA:60,0
DA:61,0
DA:62,0
DA:63,0
DA:64,0
DA:65,0
DA:67,0
DA:70,0
DA:73,0
DA:80,1
DA:81,1
DA:82,1
DA:83,1
DA:85,1
DA:86,5
DA:87,5
DA:89,1
LF:43
LH:14
BRDA:11,0,0,0
BRDA:25,1,0,0
BRDA:25,2,0,0
BRDA:25,2,1,0
BRDA:28,3,0,0
BRDA:40,4,0,145
BRDA:42,5,0,0
BRDA:42,5,1,145
BRDA:45,6,0,0
BRDA:45,6,1,145
BRDA:58,7,0,0
BRDA:65,8,0,0
BRDA:65,8,1,0
BRF:13
BRH:3
end_of_record
TN:
SF:src/lib/utils.ts
FN:4,cn
FNF:1
FNH:1
FNDA:3211,cn
DA:1,22
DA:2,22
DA:4,3211
DA:5,3211
LF:4
LH:4
BRF:0
BRH:0
end_of_record
