TN:
SF:src/app/[locale]/admin/exam-regulations/[id]/page.tsx
FN:20,SectionCard
FN:29,InfoRow
FN:46,AdminExamRegDetailPage
FN:87,(anonymous_5)
FN:88,(anonymous_6)
FN:96,openEdit
FN:102,handleEditSave
FN:119,handleAddModule
FN:148,handleJsonImport
FN:177,handleArchive
FN:189,handleRestore
FN:207,(anonymous_13)
FN:279,(anonymous_14)
FN:282,(anonymous_15)
FN:296,(anonymous_16)
FN:301,(anonymous_17)
FN:304,(anonymous_18)
FN:313,(anonymous_19)
FN:334,(anonymous_20)
FN:337,(anonymous_21)
FN:375,(anonymous_22)
FN:386,(anonymous_23)
FN:397,(anonymous_24)
FN:397,(anonymous_25)
FN:406,(anonymous_26)
FN:406,(anonymous_27)
FN:415,(anonymous_28)
FN:415,(anonymous_29)
FN:426,(anonymous_30)
FN:438,(anonymous_31)
FN:448,(anonymous_32)
FN:467,(anonymous_33)
FN:476,ModulTypBadge
FN:495,ModuleFormFields
FN:504,(anonymous_36)
FN:504,(anonymous_37)
FN:514,(anonymous_38)
FN:514,(anonymous_39)
FN:525,(anonymous_40)
FN:525,(anonymous_41)
FN:535,(anonymous_42)
FN:535,(anonymous_43)
FN:543,(anonymous_44)
FN:543,(anonymous_45)
FN:556,(anonymous_46)
FN:556,(anonymous_47)
FN:567,(anonymous_48)
FN:567,(anonymous_49)
FN:578,(anonymous_50)
FN:578,(anonymous_51)
FN:588,(anonymous_52)
FN:588,(anonymous_53)
FN:598,(anonymous_54)
FN:598,(anonymous_55)
FN:607,(anonymous_56)
FN:607,(anonymous_57)
FNF:56
FNH:56
FNDA:234,SectionCard
FNDA:312,InfoRow
FNDA:80,AdminExamRegDetailPage
FNDA:23,(anonymous_5)
FNDA:63,(anonymous_6)
FNDA:3,openEdit
FNDA:2,handleEditSave
FNDA:3,handleAddModule
FNDA:4,handleJsonImport
FNDA:1,handleArchive
FNDA:1,handleRestore
FNDA:1,(anonymous_13)
FNDA:234,(anonymous_14)
FNDA:3,(anonymous_15)
FNDA:4,(anonymous_16)
FNDA:3,(anonymous_17)
FNDA:4,(anonymous_18)
FNDA:4,(anonymous_19)
FNDA:217,(anonymous_20)
FNDA:1,(anonymous_21)
FNDA:2,(anonymous_22)
FNDA:1,(anonymous_23)
FNDA:1,(anonymous_24)
FNDA:1,(anonymous_25)
FNDA:2,(anonymous_26)
FNDA:2,(anonymous_27)
FNDA:1,(anonymous_28)
FNDA:1,(anonymous_29)
FNDA:1,(anonymous_30)
FNDA:1,(anonymous_31)
FNDA:4,(anonymous_32)
FNDA:1,(anonymous_33)
FNDA:217,ModulTypBadge
FNDA:21,ModuleFormFields
FNDA:2,(anonymous_36)
FNDA:2,(anonymous_37)
FNDA:1,(anonymous_38)
FNDA:1,(anonymous_39)
FNDA:2,(anonymous_40)
FNDA:2,(anonymous_41)
FNDA:1,(anonymous_42)
FNDA:1,(anonymous_43)
FNDA:1,(anonymous_44)
FNDA:1,(anonymous_45)
FNDA:1,(anonymous_46)
FNDA:1,(anonymous_47)
FNDA:2,(anonymous_48)
FNDA:2,(anonymous_49)
FNDA:2,(anonymous_50)
FNDA:2,(anonymous_51)
FNDA:1,(anonymous_52)
FNDA:1,(anonymous_53)
FNDA:1,(anonymous_54)
FNDA:1,(anonymous_55)
FNDA:1,(anonymous_56)
FNDA:1,(anonymous_57)
DA:3,1
DA:4,1
DA:5,1
DA:6,1
DA:7,1
DA:8,1
DA:9,1
DA:10,1
DA:11,1
DA:12,1
DA:13,1
DA:14,1
DA:15,1
DA:38,1
DA:46,18
DA:47,80
DA:48,80
DA:49,80
DA:50,80
DA:51,80
DA:52,80
DA:53,80
DA:54,80
DA:56,80
DA:57,80
DA:63,80
DA:64,80
DA:67,80
DA:68,80
DA:69,80
DA:72,80
DA:73,80
DA:74,80
DA:77,80
DA:78,80
DA:79,80
DA:80,80
DA:81,80
DA:84,80
DA:85,80
DA:87,80
DA:88,23
DA:89,63
DA:90,62
DA:91,60
DA:92,60
DA:97,3
DA:98,3
DA:99,3
DA:103,2
DA:104,2
DA:105,2
DA:112,2
DA:113,2
DA:115,2
DA:120,3
DA:121,2
DA:122,2
DA:123,2
DA:139,2
DA:140,2
DA:141,2
DA:142,2
DA:144,2
DA:149,4
DA:150,4
DA:152,4
DA:153,4
DA:155,1
DA:156,1
DA:158,3
DA:159,1
DA:160,1
DA:162,2
DA:163,2
DA:164,2
DA:168,2
DA:169,2
DA:170,2
DA:171,2
DA:173,2
DA:178,1
DA:179,1
DA:180,1
DA:181,1
DA:182,1
DA:183,1
DA:185,1
DA:190,1
DA:191,1
DA:192,1
DA:195,80
DA:203,79
DA:207,1
DA:214,78
DA:280,234
DA:282,3
DA:296,4
DA:301,3
DA:304,4
DA:314,4
DA:335,217
DA:337,1
DA:375,2
DA:386,1
DA:397,1
DA:406,2
DA:415,1
DA:426,1
DA:438,1
DA:448,4
DA:467,1
DA:477,217
DA:504,2
DA:514,1
DA:525,2
DA:535,1
DA:543,1
DA:556,1
DA:567,2
DA:578,2
DA:588,1
DA:598,1
DA:607,1
LF:124
LH:124
BRDA:33,0,0,312
BRDA:33,0,1,0
BRDA:57,1,0,0
BRDA:89,2,0,1
BRDA:89,3,0,63
BRDA:89,3,1,3
BRDA:90,4,0,2
BRDA:90,5,0,62
BRDA:90,5,1,3
BRDA:92,6,0,60
BRDA:92,6,1,8
BRDA:92,7,0,8
BRDA:92,7,1,4
BRDA:97,8,0,0
BRDA:98,9,0,3
BRDA:98,9,1,0
BRDA:108,10,0,2
BRDA:108,10,1,1
BRDA:120,11,0,1
BRDA:127,12,0,2
BRDA:127,12,1,1
BRDA:128,13,0,2
BRDA:128,13,1,1
BRDA:129,14,0,1
BRDA:129,14,1,1
BRDA:132,15,0,2
BRDA:132,15,1,1
BRDA:133,16,0,2
BRDA:133,16,1,1
BRDA:135,17,0,2
BRDA:135,17,1,1
BRDA:136,18,0,1
BRDA:136,18,1,1
BRDA:158,19,0,1
BRDA:168,20,0,2
BRDA:168,20,1,0
BRDA:178,21,0,0
BRDA:190,22,0,0
BRDA:195,23,0,1
BRDA:203,24,0,1
BRDA:203,25,0,79
BRDA:203,25,1,78
BRDA:234,26,0,78
BRDA:239,27,0,78
BRDA:255,28,0,78
BRDA:255,28,1,0
BRDA:258,29,0,78
BRDA:258,29,1,0
BRDA:284,30,0,78
BRDA:284,30,1,156
BRDA:312,31,0,1
BRDA:318,32,0,1
BRDA:340,33,0,217
BRDA:340,33,1,71
BRDA:343,34,0,217
BRDA:343,34,1,71
BRDA:347,35,0,217
BRDA:347,35,1,71
BRDA:349,36,0,71
BRDA:349,36,1,146
BRDA:360,37,0,2
BRDA:360,37,1,76
BRDA:361,38,0,78
BRDA:363,39,0,2
BRDA:364,40,0,2
BRDA:453,41,0,78
BRDA:454,42,0,78
BRDA:457,43,0,2
BRDA:483,44,0,217
BRDA:483,44,1,0
BRF:70
BRH:60
end_of_record
TN:
SF:src/components/admin/AdminFormModal.tsx
FN:23,AdminFormModal
FN:37,(anonymous_2)
FN:39,onKey
FN:43,(anonymous_4)
FN:47,(anonymous_5)
FN:49,(anonymous_6)
FNF:6
FNH:5
FNDA:234,AdminFormModal
FNDA:234,(anonymous_2)
FNDA:0,onKey
FNDA:43,(anonymous_4)
FNDA:62,(anonymous_5)
FNDA:62,(anonymous_6)
DA:3,1
DA:4,1
DA:5,1
DA:6,1
DA:7,1
DA:23,234
DA:34,234
DA:37,234
DA:38,234
DA:40,0
DA:42,43
DA:43,43
DA:47,234
DA:48,62
DA:49,62
DA:52,234
DA:54,43
LF:17
LH:16
BRDA:28,0,0,0
BRDA:30,1,0,78
BRDA:32,2,0,234
BRDA:38,3,0,191
BRDA:40,4,0,0
BRDA:48,5,0,10
BRDA:48,5,1,52
BRDA:52,6,0,191
BRDA:54,7,0,34
BRDA:54,7,1,9
BRDA:70,8,0,0
BRDA:70,8,1,43
BRDA:96,9,0,6
BRDA:96,9,1,37
BRDA:102,10,0,37
BRDA:102,10,1,37
BRF:16
BRH:13
end_of_record
TN:
SF:src/components/admin/ArchiveDialog.tsx
FN:18,ArchiveDialog
FN:24,(anonymous_2)
FN:29,(anonymous_3)
FN:31,onKey
FN:33,(anonymous_5)
FN:36,(anonymous_6)
FN:38,(anonymous_7)
FN:75,(anonymous_8)
FN:89,(anonymous_9)
FNF:9
FNH:8
FNDA:90,ArchiveDialog
FNDA:19,(anonymous_2)
FNDA:78,(anonymous_3)
FNDA:0,onKey
FNDA:3,(anonymous_5)
FNDA:19,(anonymous_6)
FNDA:19,(anonymous_7)
FNDA:1,(anonymous_8)
FNDA:1,(anonymous_9)
DA:3,1
DA:4,1
DA:5,1
DA:6,1
DA:7,1
DA:18,78
DA:19,90
DA:20,90
DA:21,90
DA:24,90
DA:25,19
DA:29,90
DA:30,78
DA:31,0
DA:32,3
DA:33,3
DA:36,90
DA:37,19
DA:38,19
DA:41,90
DA:75,1
DA:89,1
LF:22
LH:21
BRDA:18,0,0,0
BRDA:25,1,0,17
BRDA:30,2,0,75
BRDA:31,3,0,0
BRDA:37,4,0,2
BRDA:37,4,1,17
BRDA:41,5,0,85
BRDA:62,6,0,5
BRDA:90,7,0,5
BRDA:90,7,1,5
BRDA:90,7,2,2
BRDA:93,8,0,1
BRDA:93,8,1,4
BRF:13
BRH:11
end_of_record
TN:
SF:src/components/admin/StatusBadge.tsx
FN:22,StatusBadge
FNF:1
FNH:1
FNDA:73,StatusBadge
DA:3,1
DA:4,1
DA:8,1
DA:22,73
DA:23,73
LF:5
LH:5
BRF:0
BRH:0
end_of_record
TN:
SF:src/components/ui/button.tsx
FN:39,(anonymous_6)
FNF:1
FNH:1
FNDA:406,(anonymous_6)
DA:1,1
DA:2,1
DA:3,1
DA:4,1
DA:6,1
DA:38,1
DA:40,406
DA:46,1
DA:48,408
LF:9
LH:9
BRDA:39,0,0,406
BRDA:40,1,0,0
BRDA:40,1,1,406
BRF:3
BRH:2
end_of_record
TN:
SF:src/hooks/useAdminSession.ts
FN:15,readFromStorage
FN:28,useAdminSession
FN:33,(anonymous_3)
FN:34,hydrate
FN:41,(anonymous_5)
FN:45,(anonymous_6)
FN:47,(anonymous_7)
FN:56,(anonymous_8)
FN:59,(anonymous_9)
FN:68,(anonymous_10)
FNF:10
FNH:0
FNDA:0,readFromStorage
FNDA:0,useAdminSession
FNDA:0,(anonymous_3)
FNDA:0,hydrate
FNDA:0,(anonymous_5)
FNDA:0,(anonymous_6)
FNDA:0,(anonymous_7)
FNDA:0,(anonymous_8)
FNDA:0,(anonymous_9)
FNDA:0,(anonymous_10)
DA:3,1
DA:5,1
DA:6,1
DA:7,1
DA:8,1
DA:16,0
DA:17,0
DA:18,0
DA:19,0
DA:20,0
DA:21,0
DA:22,0
DA:24,0
DA:28,1
DA:29,0
DA:30,0
DA:33,0
DA:35,0
DA:36,0
DA:37,0
DA:39,0
DA:40,0
DA:41,0
DA:45,0
DA:46,0
DA:47,0
DA:48,0
DA:49,0
DA:50,0
DA:51,0
DA:52,0
DA:53,0
DA:56,0
DA:59,0
DA:60,0
DA:61,0
DA:62,0
DA:63,0
DA:65,0
DA:68,0
DA:69,0
DA:70,0
DA:71,0
DA:72,0
DA:75,0
DA:76,0
DA:78,0
LF:47
LH:6
BRDA:18,0,0,0
BRDA:20,1,0,0
BRDA:37,2,0,0
BRDA:37,2,1,0
BRDA:46,3,0,0
BRDA:50,4,0,0
BRDA:75,5,0,0
BRDA:75,5,1,0
BRDA:76,6,0,0
BRDA:76,6,1,0
BRDA:79,7,0,0
BRDA:79,7,1,0
BRF:12
BRH:0
end_of_record
TN:
SF:src/hooks/admin/useAdminModules.ts
FN:7,useAdminModules
FN:14,(anonymous_5)
FN:19,useAdminModule
FN:22,(anonymous_7)
FN:28,useAdminExamReg
FN:31,(anonymous_9)
FNF:6
FNH:0
FNDA:0,useAdminModules
FNDA:0,(anonymous_5)
FNDA:0,useAdminModule
FNDA:0,(anonymous_7)
FNDA:0,useAdminExamReg
FNDA:0,(anonymous_9)
DA:3,1
DA:4,1
DA:7,1
DA:8,0
DA:9,0
DA:10,0
DA:12,0
DA:14,0
DA:19,1
DA:20,0
DA:22,0
DA:28,1
DA:29,0
DA:31,0
LF:14
LH:5
BRDA:9,0,0,0
BRDA:10,1,0,0
BRF:2
BRH:0
end_of_record
TN:
SF:src/lib/adminFetch.ts
FN:6,adminGet
FN:13,adminMutate
FNF:2
FNH:0
FNDA:0,adminGet
FNDA:0,adminMutate
DA:6,1
DA:7,0
DA:8,0
DA:9,0
DA:10,0
DA:13,1
DA:18,0
DA:19,0
DA:23,0
DA:25,0
DA:31,0
DA:32,0
DA:33,0
LF:13
LH:2
BRDA:9,0,0,0
BRDA:16,1,0,0
BRDA:23,2,0,0
BRDA:28,3,0,0
BRDA:28,3,1,0
BRDA:31,4,0,0
BRDA:32,5,0,0
BRF:7
BRH:0
end_of_record
TN:
SF:src/lib/utils.ts
FN:4,cn
FNF:1
FNH:1
FNDA:522,cn
DA:1,1
DA:2,1
DA:4,522
DA:5,522
LF:4
LH:4
BRF:0
BRH:0
end_of_record
